This is XeTeX, Version 3.141592653-2.6-0.999993 (TeX Live 2021) (preloaded format=xelatex 2022.3.18)  23 MAR 2022 09:24
entering extended mode
 restricted \write18 enabled.
 %&-line parsing enabled.
**People_Analytics_Lifecycle.tex
(./People_Analytics_Lifecycle.tex
LaTeX2e <2021-11-15> patch level 1
L3 programming layer <2022-02-24> (/Users/craig.starbuck/Library/TinyTeX/texmf-dist/tex/latex/base/book.cls
Document Class: book 2021/10/04 v1.4n Standard LaTeX document class
(/Users/craig.starbuck/Library/TinyTeX/texmf-dist/tex/latex/base/bk10.clo
File: bk10.clo 2021/10/04 v1.4n Standard LaTeX file (size option)
)
\c@part=\count181
\c@chapter=\count182
\c@section=\count183
\c@subsection=\count184
\c@subsubsection=\count185
\c@paragraph=\count186
\c@subparagraph=\count187
\c@figure=\count188
\c@table=\count189
\abovecaptionskip=\skip47
\belowcaptionskip=\skip48
\bibindent=\dimen138
) (/Users/craig.starbuck/Library/TinyTeX/texmf-dist/tex/latex/lm/lmodern.sty
Package: lmodern 2015/05/01 v1.6.1 Latin Modern Fonts
LaTeX Font Info:    Overwriting symbol font `operators' in version `normal'
(Font)                  OT1/cmr/m/n --> OT1/lmr/m/n on input line 22.
LaTeX Font Info:    Overwriting symbol font `letters' in version `normal'
(Font)                  OML/cmm/m/it --> OML/lmm/m/it on input line 23.
LaTeX Font Info:    Overwriting symbol font `symbols' in version `normal'
(Font)                  OMS/cmsy/m/n --> OMS/lmsy/m/n on input line 24.
LaTeX Font Info:    Overwriting symbol font `largesymbols' in version `normal'
(Font)                  OMX/cmex/m/n --> OMX/lmex/m/n on input line 25.
LaTeX Font Info:    Overwriting symbol font `operators' in version `bold'
(Font)                  OT1/cmr/bx/n --> OT1/lmr/bx/n on input line 26.
LaTeX Font Info:    Overwriting symbol font `letters' in version `bold'
(Font)                  OML/cmm/b/it --> OML/lmm/b/it on input line 27.
LaTeX Font Info:    Overwriting symbol font `symbols' in version `bold'
(Font)                  OMS/cmsy/b/n --> OMS/lmsy/b/n on input line 28.
LaTeX Font Info:    Overwriting symbol font `largesymbols' in version `bold'
(Font)                  OMX/cmex/m/n --> OMX/lmex/m/n on input line 29.
LaTeX Font Info:    Overwriting math alphabet `\mathbf' in version `normal'
(Font)                  OT1/cmr/bx/n --> OT1/lmr/bx/n on input line 31.
LaTeX Font Info:    Overwriting math alphabet `\mathsf' in version `normal'
(Font)                  OT1/cmss/m/n --> OT1/lmss/m/n on input line 32.
LaTeX Font Info:    Overwriting math alphabet `\mathit' in version `normal'
(Font)                  OT1/cmr/m/it --> OT1/lmr/m/it on input line 33.
LaTeX Font Info:    Overwriting math alphabet `\mathtt' in version `normal'
(Font)                  OT1/cmtt/m/n --> OT1/lmtt/m/n on input line 34.
LaTeX Font Info:    Overwriting math alphabet `\mathbf' in version `bold'
(Font)                  OT1/cmr/bx/n --> OT1/lmr/bx/n on input line 35.
LaTeX Font Info:    Overwriting math alphabet `\mathsf' in version `bold'
(Font)                  OT1/cmss/bx/n --> OT1/lmss/bx/n on input line 36.
LaTeX Font Info:    Overwriting math alphabet `\mathit' in version `bold'
(Font)                  OT1/cmr/bx/it --> OT1/lmr/bx/it on input line 37.
LaTeX Font Info:    Overwriting math alphabet `\mathtt' in version `bold'
(Font)                  OT1/cmtt/m/n --> OT1/lmtt/m/n on input line 38.
) (/Users/craig.starbuck/Library/TinyTeX/texmf-dist/tex/latex/amsfonts/amssymb.sty
Package: amssymb 2013/01/14 v3.01 AMS font symbols
(/Users/craig.starbuck/Library/TinyTeX/texmf-dist/tex/latex/amsfonts/amsfonts.sty
Package: amsfonts 2013/01/14 v3.01 Basic AMSFonts support
\@emptytoks=\toks16
\symAMSa=\mathgroup4
\symAMSb=\mathgroup5
LaTeX Font Info:    Redeclaring math symbol \hbar on input line 98.
LaTeX Font Info:    Overwriting math alphabet `\mathfrak' in version `bold'
(Font)                  U/euf/m/n --> U/euf/b/n on input line 106.
)) (/Users/craig.starbuck/Library/TinyTeX/texmf-dist/tex/latex/amsmath/amsmath.sty
Package: amsmath 2021/10/15 v2.17l AMS math features
\@mathmargin=\skip49
For additional information on amsmath, use the `?' option.
(/Users/craig.starbuck/Library/TinyTeX/texmf-dist/tex/latex/amsmath/amstext.sty
Package: amstext 2021/08/26 v2.01 AMS text
(/Users/craig.starbuck/Library/TinyTeX/texmf-dist/tex/latex/amsmath/amsgen.sty
File: amsgen.sty 1999/11/30 v2.0 generic functions
\@emptytoks=\toks17
\ex@=\dimen139
)) (/Users/craig.starbuck/Library/TinyTeX/texmf-dist/tex/latex/amsmath/amsbsy.sty
Package: amsbsy 1999/11/29 v1.2d Bold Symbols
\pmbraise@=\dimen140
) (/Users/craig.starbuck/Library/TinyTeX/texmf-dist/tex/latex/amsmath/amsopn.sty
Package: amsopn 2021/08/26 v2.02 operator names
)
\inf@bad=\count190
LaTeX Info: Redefining \frac on input line 234.
\uproot@=\count191
\leftroot@=\count192
LaTeX Info: Redefining \overline on input line 399.
\classnum@=\count193
\DOTSCASE@=\count194
LaTeX Info: Redefining \ldots on input line 496.
LaTeX Info: Redefining \dots on input line 499.
LaTeX Info: Redefining \cdots on input line 620.
\Mathstrutbox@=\box50
\strutbox@=\box51
\big@size=\dimen141
LaTeX Font Info:    Redeclaring font encoding OML on input line 743.
LaTeX Font Info:    Redeclaring font encoding OMS on input line 744.
\macc@depth=\count195
\c@MaxMatrixCols=\count196
\dotsspace@=\muskip16
\c@parentequation=\count197
\dspbrk@lvl=\count198
\tag@help=\toks18
\row@=\count199
\column@=\count266
\maxfields@=\count267
\andhelp@=\toks19
\eqnshift@=\dimen142
\alignsep@=\dimen143
\tagshift@=\dimen144
\tagwidth@=\dimen145
\totwidth@=\dimen146
\lineht@=\dimen147
\@envbody=\toks20
\multlinegap=\skip50
\multlinetaggap=\skip51
\mathdisplay@stack=\toks21
LaTeX Info: Redefining \[ on input line 2938.
LaTeX Info: Redefining \] on input line 2939.
) (/Users/craig.starbuck/Library/TinyTeX/texmf-dist/tex/generic/iftex/ifxetex.sty
Package: ifxetex 2019/10/25 v0.7 ifxetex legacy package. Use iftex instead.
(/Users/craig.starbuck/Library/TinyTeX/texmf-dist/tex/generic/iftex/iftex.sty
Package: iftex 2022/02/03 v1.0f TeX engine tests
)) (/Users/craig.starbuck/Library/TinyTeX/texmf-dist/tex/generic/iftex/ifluatex.sty
Package: ifluatex 2019/10/25 v1.5 ifluatex legacy package. Use iftex instead.
) (/Users/craig.starbuck/Library/TinyTeX/texmf-dist/tex/latex/base/fixltx2e.sty
Package: fixltx2e 2016/12/29 v2.1a fixes to LaTeX (obsolete)
Applying: [2015/01/01] Old fixltx2e package on input line 46.

Package fixltx2e Warning: fixltx2e is not required with releases after 2015
(fixltx2e)                All fixes are now in the LaTeX kernel.
(fixltx2e)                See the latexrelease package for details.

Already applied: [0000/00/00] Old fixltx2e package on input line 53.
) (/Users/craig.starbuck/Library/TinyTeX/texmf-dist/tex/latex/unicode-math/unicode-math.sty (/Users/craig.starbuck/Library/TinyTeX/texmf-dist/tex/latex/l3kernel/expl3.sty
Package: expl3 2022-02-24 L3 programming layer (loader) 
(/Users/craig.starbuck/Library/TinyTeX/texmf-dist/tex/latex/l3backend/l3backend-xetex.def
File: l3backend-xetex.def 2022-02-07 L3 backend support: XeTeX
(|extractbb --version)
\c__kernel_sys_dvipdfmx_version_int=\count268
\l__color_backend_stack_int=\count269
\g__color_backend_stack_int=\count270
\g__graphics_track_int=\count271
\l__pdf_internal_box=\box52
\g__pdf_backend_object_int=\count272
\g__pdf_backend_annotation_int=\count273
\g__pdf_backend_link_int=\count274
))
Package: unicode-math 2020/01/31 v0.8q Unicode maths in XeLaTeX and LuaLaTeX
(/Users/craig.starbuck/Library/TinyTeX/texmf-dist/tex/latex/unicode-math/unicode-math-xetex.sty
Package: unicode-math-xetex 2020/01/31 v0.8q Unicode maths in XeLaTeX and LuaLaTeX
(/Users/craig.starbuck/Library/TinyTeX/texmf-dist/tex/latex/l3packages/xparse/xparse.sty
Package: xparse 2022-01-12 L3 Experimental document command parser
) (/Users/craig.starbuck/Library/TinyTeX/texmf-dist/tex/latex/l3packages/l3keys2e/l3keys2e.sty
Package: l3keys2e 2022-01-12 LaTeX2e option processing using LaTeX3 keys
) (/Users/craig.starbuck/Library/TinyTeX/texmf-dist/tex/latex/fontspec/fontspec.sty
Package: fontspec 2022/01/15 v2.8a Font selection for XeLaTeX and LuaLaTeX
(/Users/craig.starbuck/Library/TinyTeX/texmf-dist/tex/latex/fontspec/fontspec-xetex.sty
Package: fontspec-xetex 2022/01/15 v2.8a Font selection for XeLaTeX and LuaLaTeX
\l__fontspec_script_int=\count275
\l__fontspec_language_int=\count276
\l__fontspec_strnum_int=\count277
\l__fontspec_tmp_int=\count278
\l__fontspec_tmpa_int=\count279
\l__fontspec_tmpb_int=\count280
\l__fontspec_tmpc_int=\count281
\l__fontspec_em_int=\count282
\l__fontspec_emdef_int=\count283
\l__fontspec_strong_int=\count284
\l__fontspec_strongdef_int=\count285
\l__fontspec_tmpa_dim=\dimen148
\l__fontspec_tmpb_dim=\dimen149
\l__fontspec_tmpc_dim=\dimen150
(/Users/craig.starbuck/Library/TinyTeX/texmf-dist/tex/latex/base/fontenc.sty
Package: fontenc 2021/04/29 v2.0v Standard LaTeX package
) (/Users/craig.starbuck/Library/TinyTeX/texmf-dist/tex/latex/fontspec/fontspec.cfg))) (/Users/craig.starbuck/Library/TinyTeX/texmf-dist/tex/latex/base/fix-cm.sty
Package: fix-cm 2020/11/24 v1.1t fixes to LaTeX
(/Users/craig.starbuck/Library/TinyTeX/texmf-dist/tex/latex/base/ts1enc.def
File: ts1enc.def 2001/06/05 v3.0e (jk/car/fm) Standard LaTeX file
LaTeX Font Info:    Redeclaring font encoding TS1 on input line 47.
))
\g__um_fam_int=\count286
\g__um_fonts_used_int=\count287
\l__um_primecount_int=\count288
\g__um_primekern_muskip=\muskip17
(/Users/craig.starbuck/Library/TinyTeX/texmf-dist/tex/latex/unicode-math/unicode-math-table.tex))) (/Users/craig.starbuck/Library/TinyTeX/texmf-dist/tex/latex/hyperref/hyperref.sty
Package: hyperref 2022-02-21 v7.00n Hypertext links for LaTeX
(/Users/craig.starbuck/Library/TinyTeX/texmf-dist/tex/generic/ltxcmds/ltxcmds.sty
Package: ltxcmds 2020-05-10 v1.25 LaTeX kernel commands for general use (HO)
) (/Users/craig.starbuck/Library/TinyTeX/texmf-dist/tex/generic/pdftexcmds/pdftexcmds.sty
Package: pdftexcmds 2020-06-27 v0.33 Utility functions of pdfTeX for LuaTeX (HO)
(/Users/craig.starbuck/Library/TinyTeX/texmf-dist/tex/generic/infwarerr/infwarerr.sty
Package: infwarerr 2019/12/03 v1.5 Providing info/warning/error messages (HO)
)
Package pdftexcmds Info: \pdf@primitive is available.
Package pdftexcmds Info: \pdf@ifprimitive is available.
Package pdftexcmds Info: \pdfdraftmode not found.
) (/Users/craig.starbuck/Library/TinyTeX/texmf-dist/tex/latex/graphics/keyval.sty
Package: keyval 2014/10/28 v1.15 key=value parser (DPC)
\KV@toks@=\toks22
) (/Users/craig.starbuck/Library/TinyTeX/texmf-dist/tex/generic/kvsetkeys/kvsetkeys.sty
Package: kvsetkeys 2019/12/15 v1.18 Key value parser (HO)
) (/Users/craig.starbuck/Library/TinyTeX/texmf-dist/tex/generic/kvdefinekeys/kvdefinekeys.sty
Package: kvdefinekeys 2019-12-19 v1.6 Define keys (HO)
) (/Users/craig.starbuck/Library/TinyTeX/texmf-dist/tex/generic/pdfescape/pdfescape.sty
Package: pdfescape 2019/12/09 v1.15 Implements pdfTeX's escape features (HO)
) (/Users/craig.starbuck/Library/TinyTeX/texmf-dist/tex/latex/hycolor/hycolor.sty
Package: hycolor 2020-01-27 v1.10 Color options for hyperref/bookmark (HO)
) (/Users/craig.starbuck/Library/TinyTeX/texmf-dist/tex/latex/letltxmacro/letltxmacro.sty
Package: letltxmacro 2019/12/03 v1.6 Let assignment for LaTeX macros (HO)
) (/Users/craig.starbuck/Library/TinyTeX/texmf-dist/tex/latex/auxhook/auxhook.sty
Package: auxhook 2019-12-17 v1.6 Hooks for auxiliary files (HO)
) (/Users/craig.starbuck/Library/TinyTeX/texmf-dist/tex/latex/kvoptions/kvoptions.sty
Package: kvoptions 2020-10-07 v3.14 Key value format for package options (HO)
)
\@linkdim=\dimen151
\Hy@linkcounter=\count289
\Hy@pagecounter=\count290
(/Users/craig.starbuck/Library/TinyTeX/texmf-dist/tex/latex/hyperref/pd1enc.def
File: pd1enc.def 2022-02-21 v7.00n Hyperref: PDFDocEncoding definition (HO)
) (/Users/craig.starbuck/Library/TinyTeX/texmf-dist/tex/generic/intcalc/intcalc.sty
Package: intcalc 2019/12/15 v1.3 Expandable calculations with integers (HO)
) (/Users/craig.starbuck/Library/TinyTeX/texmf-dist/tex/generic/etexcmds/etexcmds.sty
Package: etexcmds 2019/12/15 v1.7 Avoid name clashes with e-TeX commands (HO)
)
\Hy@SavedSpaceFactor=\count291
(/Users/craig.starbuck/Library/TinyTeX/texmf-dist/tex/latex/hyperref/puenc.def
File: puenc.def 2022-02-21 v7.00n Hyperref: PDF Unicode definition (HO)
)
Package hyperref Info: Option `unicode' set `true' on input line 4018.
Package hyperref Info: Hyper figures OFF on input line 4137.
Package hyperref Info: Link nesting OFF on input line 4142.
Package hyperref Info: Hyper index ON on input line 4145.
Package hyperref Info: Plain pages OFF on input line 4152.
Package hyperref Info: Backreferencing OFF on input line 4157.
Package hyperref Info: Implicit mode ON; LaTeX internals redefined.
Package hyperref Info: Bookmarks ON on input line 4390.
\c@Hy@tempcnt=\count292
(/Users/craig.starbuck/Library/TinyTeX/texmf-dist/tex/latex/url/url.sty
\Urlmuskip=\muskip18
Package: url 2013/09/16  ver 3.4  Verb mode for urls, etc.
)
LaTeX Info: Redefining \url on input line 4749.
\XeTeXLinkMargin=\dimen152
(/Users/craig.starbuck/Library/TinyTeX/texmf-dist/tex/generic/bitset/bitset.sty
Package: bitset 2019/12/09 v1.3 Handle bit-vector datatype (HO)
(/Users/craig.starbuck/Library/TinyTeX/texmf-dist/tex/generic/bigintcalc/bigintcalc.sty
Package: bigintcalc 2019/12/15 v1.5 Expandable calculations on big integers (HO)
))
\Fld@menulength=\count293
\Field@Width=\dimen153
\Fld@charsize=\dimen154
Package hyperref Info: Hyper figures OFF on input line 6027.
Package hyperref Info: Link nesting OFF on input line 6032.
Package hyperref Info: Hyper index ON on input line 6035.
Package hyperref Info: backreferencing OFF on input line 6042.
Package hyperref Info: Link coloring OFF on input line 6047.
Package hyperref Info: Link coloring with OCG OFF on input line 6052.
Package hyperref Info: PDF/A mode OFF on input line 6057.
LaTeX Info: Redefining \ref on input line 6097.
LaTeX Info: Redefining \pageref on input line 6101.
(/Users/craig.starbuck/Library/TinyTeX/texmf-dist/tex/latex/base/atbegshi-ltx.sty
Package: atbegshi-ltx 2021/01/10 v1.0c Emulation of the original atbegshi
package with kernel methods
)
\Hy@abspage=\count294
\c@Item=\count295
\c@Hfootnote=\count296
)
Package hyperref Info: Driver (autodetected): hxetex.
(/Users/craig.starbuck/Library/TinyTeX/texmf-dist/tex/latex/hyperref/hxetex.def
File: hxetex.def 2022-02-21 v7.00n Hyperref driver for XeTeX
(/Users/craig.starbuck/Library/TinyTeX/texmf-dist/tex/generic/stringenc/stringenc.sty
Package: stringenc 2019/11/29 v1.12 Convert strings between diff. encodings (HO)
)
\pdfm@box=\box53
\c@Hy@AnnotLevel=\count297
\HyField@AnnotCount=\count298
\Fld@listcount=\count299
\c@bookmark@seq@number=\count300
(/Users/craig.starbuck/Library/TinyTeX/texmf-dist/tex/latex/rerunfilecheck/rerunfilecheck.sty
Package: rerunfilecheck 2019/12/05 v1.9 Rerun checks for auxiliary files (HO)
(/Users/craig.starbuck/Library/TinyTeX/texmf-dist/tex/latex/base/atveryend-ltx.sty
Package: atveryend-ltx 2020/08/19 v1.0a Emulation of the original atveryend package
with kernel methods
) (/Users/craig.starbuck/Library/TinyTeX/texmf-dist/tex/generic/uniquecounter/uniquecounter.sty
Package: uniquecounter 2019/12/15 v1.4 Provide unlimited unique counter (HO)
)
Package uniquecounter Info: New unique counter `rerunfilecheck' on input line 286.
)
\Hy@SectionHShift=\skip52
)
Package hyperref Info: Option `breaklinks' set `true' on input line 35.
(/Users/craig.starbuck/Library/TinyTeX/texmf-dist/tex/latex/graphics/color.sty
Package: color 2021/12/07 v1.3c Standard LaTeX Color (DPC)
(/Users/craig.starbuck/Library/TinyTeX/texmf-dist/tex/latex/graphics-cfg/color.cfg
File: color.cfg 2016/01/02 v1.6 sample color configuration
)
Package color Info: Driver file: xetex.def on input line 149.
(/Users/craig.starbuck/Library/TinyTeX/texmf-dist/tex/latex/graphics-def/xetex.def
File: xetex.def 2021/03/18 v5.0k Graphics/color driver for xetex
)) (/Users/craig.starbuck/Library/TinyTeX/texmf-dist/tex/latex/fancyvrb/fancyvrb.sty
Package: fancyvrb 2021/12/21 4.1b verbatim text (tvz,hv)
\FV@CodeLineNo=\count301
\FV@InFile=\read2
\FV@TabBox=\box54
\c@FancyVerbLine=\count302
\FV@StepNumber=\count303
\FV@OutFile=\write3
) (/Users/craig.starbuck/Library/TinyTeX/texmf-dist/tex/latex/framed/framed.sty
Package: framed 2011/10/22 v 0.96: framed or shaded text with page breaks
\OuterFrameSep=\skip53
\fb@frw=\dimen155
\fb@frh=\dimen156
\FrameRule=\dimen157
\FrameSep=\dimen158
) (/Users/craig.starbuck/Library/TinyTeX/texmf-dist/tex/latex/tools/longtable.sty
Package: longtable 2021-09-01 v4.17 Multi-page Table package (DPC)
\LTleft=\skip54
\LTright=\skip55
\LTpre=\skip56
\LTpost=\skip57
\LTchunksize=\count304
\LTcapwidth=\dimen159
\LT@head=\box55
\LT@firsthead=\box56
\LT@foot=\box57
\LT@lastfoot=\box58
\LT@gbox=\box59
\LT@cols=\count305
\LT@rows=\count306
\c@LT@tables=\count307
\c@LT@chunks=\count308
\LT@p@ftn=\toks23
) (/Users/craig.starbuck/Library/TinyTeX/texmf-dist/tex/latex/booktabs/booktabs.sty
Package: booktabs 2020/01/12 v1.61803398 Publication quality tables
\heavyrulewidth=\dimen160
\lightrulewidth=\dimen161
\cmidrulewidth=\dimen162
\belowrulesep=\dimen163
\belowbottomsep=\dimen164
\aboverulesep=\dimen165
\abovetopsep=\dimen166
\cmidrulesep=\dimen167
\cmidrulekern=\dimen168
\defaultaddspace=\dimen169
\@cmidla=\count309
\@cmidlb=\count310
\@aboverulesep=\dimen170
\@belowrulesep=\dimen171
\@thisruleclass=\count311
\@lastruleclass=\count312
\@thisrulewidth=\dimen172
) (/Users/craig.starbuck/Library/TinyTeX/texmf-dist/tex/latex/mdwtools/footnote.sty
Package: footnote 1997/01/28 1.13 Save footnotes around boxes
\fn@notes=\box60
\fn@width=\dimen173
) (/Users/craig.starbuck/Library/TinyTeX/texmf-dist/tex/latex/graphics/graphicx.sty
Package: graphicx 2021/09/16 v1.2d Enhanced LaTeX Graphics (DPC,SPQR)
(/Users/craig.starbuck/Library/TinyTeX/texmf-dist/tex/latex/graphics/graphics.sty
Package: graphics 2021/03/04 v1.4d Standard LaTeX Graphics (DPC,SPQR)
(/Users/craig.starbuck/Library/TinyTeX/texmf-dist/tex/latex/graphics/trig.sty
Package: trig 2021/08/11 v1.11 sin cos tan (DPC)
) (/Users/craig.starbuck/Library/TinyTeX/texmf-dist/tex/latex/graphics-cfg/graphics.cfg
File: graphics.cfg 2016/06/04 v1.11 sample graphics configuration
)
Package graphics Info: Driver file: xetex.def on input line 107.
)
\Gin@req@height=\dimen174
\Gin@req@width=\dimen175
) (/Users/craig.starbuck/Library/TinyTeX/texmf-dist/tex/latex/grffile/grffile.sty
Package: grffile 2019/11/11 v2.1 Extended file name support for graphics (legacy)
Package grffile Info: This package is an empty stub for compatibility on input line 40.
) (/Users/craig.starbuck/Library/TinyTeX/texmf-dist/tex/latex/etoolbox/etoolbox.sty
Package: etoolbox 2020/10/05 v2.5k e-TeX tools for LaTeX (JAW)
\etb@tempcnta=\count313
) (/Users/craig.starbuck/Library/TinyTeX/texmf-dist/tex/latex/natbib/natbib.sty
Package: natbib 2010/09/13 8.31b (PWD, AO)
\bibhang=\skip58
\bibsep=\skip59
LaTeX Info: Redefining \cite on input line 694.
\c@NAT@ctr=\count314
) (./People_Analytics_Lifecycle.aux)
\openout1 = `People_Analytics_Lifecycle.aux'.

LaTeX Font Info:    Checking defaults for OML/cmm/m/it on input line 124.
LaTeX Font Info:    ... okay on input line 124.
LaTeX Font Info:    Checking defaults for OMS/cmsy/m/n on input line 124.
LaTeX Font Info:    ... okay on input line 124.
LaTeX Font Info:    Checking defaults for OT1/cmr/m/n on input line 124.
LaTeX Font Info:    ... okay on input line 124.
LaTeX Font Info:    Checking defaults for T1/cmr/m/n on input line 124.
LaTeX Font Info:    ... okay on input line 124.
LaTeX Font Info:    Checking defaults for TS1/cmr/m/n on input line 124.
LaTeX Font Info:    ... okay on input line 124.
LaTeX Font Info:    Checking defaults for TU/lmr/m/n on input line 124.
LaTeX Font Info:    ... okay on input line 124.
LaTeX Font Info:    Checking defaults for OMX/cmex/m/n on input line 124.
LaTeX Font Info:    ... okay on input line 124.
LaTeX Font Info:    Checking defaults for U/cmr/m/n on input line 124.
LaTeX Font Info:    ... okay on input line 124.
LaTeX Font Info:    Checking defaults for PD1/pdf/m/n on input line 124.
LaTeX Font Info:    ... okay on input line 124.
LaTeX Font Info:    Checking defaults for PU/pdf/m/n on input line 124.
LaTeX Font Info:    ... okay on input line 124.
LaTeX Font Info:    Overwriting math alphabet `\mathrm' in version `normal'
(Font)                  OT1/lmr/m/n --> TU/lmr/m/n on input line 124.
LaTeX Font Info:    Overwriting math alphabet `\mathit' in version `normal'
(Font)                  OT1/lmr/m/it --> TU/lmr/m/it on input line 124.
LaTeX Font Info:    Overwriting math alphabet `\mathbf' in version `normal'
(Font)                  OT1/lmr/bx/n --> TU/lmr/bx/n on input line 124.
LaTeX Font Info:    Overwriting math alphabet `\mathsf' in version `normal'
(Font)                  OT1/lmss/m/n --> TU/lmss/m/n on input line 124.
LaTeX Font Info:    Overwriting math alphabet `\mathsf' in version `bold'
(Font)                  OT1/lmss/bx/n --> TU/lmss/bx/n on input line 124.
LaTeX Font Info:    Overwriting math alphabet `\mathtt' in version `normal'
(Font)                  OT1/lmtt/m/n --> TU/lmtt/m/n on input line 124.
LaTeX Font Info:    Overwriting math alphabet `\mathtt' in version `bold'
(Font)                  OT1/lmtt/m/n --> TU/lmtt/bx/n on input line 124.

Package fontspec Info: latinmodern-math scale = 0.9999964596882403.


Package fontspec Info: latinmodern-math scale = 0.9999964596882403.


Package fontspec Info: latinmodern-math scale = 0.9999964596882403.


Package fontspec Info: Font family 'latinmodern-math.otf(0)' created for font
(fontspec)             'latinmodern-math.otf' with options
(fontspec)             [Ligatures=TeX,Scale=MatchLowercase,BoldItalicFont={},ItalicFont={},SmallCapsFont={},Script=Math,BoldFont={latinmodern-math.otf}].
(fontspec)              
(fontspec)              This font family consists of the following NFSS
(fontspec)             series/shapes:
(fontspec)              
(fontspec)             - 'normal' (m/n) with NFSS spec.:
(fontspec)             <->s*[0.9999964596882403]"[latinmodern-math.otf]/OT:script=math;language=dflt;mapping=tex-text;"
(fontspec)             - 'small caps'  (m/sc) with NFSS spec.: 
(fontspec)             - 'bold' (b/n) with NFSS spec.:
(fontspec)             <->s*[0.9999964596882403]"[latinmodern-math.otf]/OT:script=math;language=dflt;mapping=tex-text;"
(fontspec)             - 'bold small caps'  (b/sc) with NFSS spec.: 

LaTeX Font Info:    Font shape `TU/latinmodern-math.otf(0)/m/n' will be
(Font)              scaled to size 10.0pt on input line 124.

Package fontspec Info: latinmodern-math scale = 0.9999964596882403.


Package fontspec Info: latinmodern-math scale = 0.9999964596882403.


Package fontspec Info: latinmodern-math scale = 0.9999964596882403.


Package fontspec Info: latinmodern-math scale = 0.9999964596882403.


Package fontspec Info: latinmodern-math scale = 0.9999964596882403.


Package fontspec Info: Font family 'latinmodern-math.otf(1)' created for font
(fontspec)             'latinmodern-math.otf' with options
(fontspec)             [Ligatures=TeX,Scale=MatchLowercase,BoldItalicFont={},ItalicFont={},SmallCapsFont={},Script=Math,SizeFeatures={{Size=8.5-},{Size=6-8.5,Font=latinmodern-math.otf,Style=MathScript},{Size=-6,Font=latinmodern-math.otf,Style=MathScriptScript}},BoldFont={latinmodern-math.otf}].
(fontspec)              
(fontspec)              This font family consists of the following NFSS
(fontspec)             series/shapes:
(fontspec)              
(fontspec)             - 'normal' (m/n) with NFSS spec.:
(fontspec)             <8.5->s*[0.9999964596882403]"[latinmodern-math.otf]/OT:script=math;language=dflt;mapping=tex-text;"<6-8.5>s*[0.9999964596882403]"[latinmodern-math.otf]/OT:script=math;language=dflt;+ssty=0;mapping=tex-text;"<-6>s*[0.9999964596882403]"[latinmodern-math.otf]/OT:script=math;language=dflt;+ssty=1;mapping=tex-text;"
(fontspec)             - 'small caps'  (m/sc) with NFSS spec.: 
(fontspec)             - 'bold' (b/n) with NFSS spec.:
(fontspec)             <->s*[0.9999964596882403]"[latinmodern-math.otf]/OT:script=math;language=dflt;mapping=tex-text;"
(fontspec)             - 'bold small caps'  (b/sc) with NFSS spec.: 

LaTeX Font Info:    Font shape `TU/latinmodern-math.otf(1)/m/n' will be
(Font)              scaled to size 10.0pt on input line 124.
LaTeX Font Info:    Encoding `OT1' has changed to `TU' for symbol font
(Font)              `operators' in the math version `normal' on input line 124.
LaTeX Font Info:    Overwriting symbol font `operators' in version `normal'
(Font)                  OT1/lmr/m/n --> TU/latinmodern-math.otf(1)/m/n on input line 124.
LaTeX Font Info:    Encoding `OT1' has changed to `TU' for symbol font
(Font)              `operators' in the math version `bold' on input line 124.
LaTeX Font Info:    Overwriting symbol font `operators' in version `bold'
(Font)                  OT1/lmr/bx/n --> TU/latinmodern-math.otf(1)/b/n on input line 124.

Package fontspec Info: latinmodern-math scale = 0.9999964596882403.


Package fontspec Info: latinmodern-math scale = 1.000096459334209.


Package fontspec Info: latinmodern-math scale = 0.9999964596882403.


Package fontspec Info: latinmodern-math scale = 1.000096459334209.


Package fontspec Info: latinmodern-math scale = 0.9999964596882403.


Package fontspec Info: latinmodern-math scale = 1.000096459334209.


Package fontspec Info: latinmodern-math scale = 0.9999964596882403.


Package fontspec Info: latinmodern-math scale = 1.000096459334209.


Package fontspec Info: latinmodern-math scale = 0.9999964596882403.


Package fontspec Info: latinmodern-math scale = 1.000096459334209.


Package fontspec Info: Font family 'latinmodern-math.otf(2)' created for font
(fontspec)             'latinmodern-math.otf' with options
(fontspec)             [Ligatures=TeX,Scale=MatchLowercase,BoldItalicFont={},ItalicFont={},SmallCapsFont={},Script=Math,SizeFeatures={{Size=8.5-},{Size=6-8.5,Font=latinmodern-math.otf,Style=MathScript},{Size=-6,Font=latinmodern-math.otf,Style=MathScriptScript}},BoldFont={latinmodern-math.otf},ScaleAgain=1.0001,FontAdjustment={\fontdimen
(fontspec)             8\font =6.77pt\relax \fontdimen 9\font =3.94pt\relax
(fontspec)             \fontdimen 10\font =4.44pt\relax \fontdimen 11\font
(fontspec)             =6.86pt\relax \fontdimen 12\font =3.45pt\relax
(fontspec)             \fontdimen 13\font =3.63pt\relax \fontdimen 14\font
(fontspec)             =3.63pt\relax \fontdimen 15\font =2.89pt\relax
(fontspec)             \fontdimen 16\font =2.47pt\relax \fontdimen 17\font
(fontspec)             =2.47pt\relax \fontdimen 18\font =2.5pt\relax
(fontspec)             \fontdimen 19\font =2.0pt\relax \fontdimen 22\font
(fontspec)             =2.5pt\relax \fontdimen 20\font =0pt\relax \fontdimen
(fontspec)             21\font =0pt\relax }].
(fontspec)              
(fontspec)              This font family consists of the following NFSS
(fontspec)             series/shapes:
(fontspec)              
(fontspec)             - 'normal' (m/n) with NFSS spec.:
(fontspec)             <8.5->s*[1.000096459334209]"[latinmodern-math.otf]/OT:script=math;language=dflt;mapping=tex-text;"<6-8.5>s*[1.000096459334209]"[latinmodern-math.otf]/OT:script=math;language=dflt;+ssty=0;mapping=tex-text;"<-6>s*[1.000096459334209]"[latinmodern-math.otf]/OT:script=math;language=dflt;+ssty=1;mapping=tex-text;"
(fontspec)             - 'small caps'  (m/sc) with NFSS spec.: 
(fontspec)             and font adjustment code:
(fontspec)             \fontdimen 8\font =6.77pt\relax \fontdimen 9\font
(fontspec)             =3.94pt\relax \fontdimen 10\font =4.44pt\relax
(fontspec)             \fontdimen 11\font =6.86pt\relax \fontdimen 12\font
(fontspec)             =3.45pt\relax \fontdimen 13\font =3.63pt\relax
(fontspec)             \fontdimen 14\font =3.63pt\relax \fontdimen 15\font
(fontspec)             =2.89pt\relax \fontdimen 16\font =2.47pt\relax
(fontspec)             \fontdimen 17\font =2.47pt\relax \fontdimen 18\font
(fontspec)             =2.5pt\relax \fontdimen 19\font =2.0pt\relax \fontdimen
(fontspec)             22\font =2.5pt\relax \fontdimen 20\font =0pt\relax
(fontspec)             \fontdimen 21\font =0pt\relax 
(fontspec)             - 'bold' (b/n) with NFSS spec.:
(fontspec)             <->s*[1.000096459334209]"[latinmodern-math.otf]/OT:script=math;language=dflt;mapping=tex-text;"
(fontspec)             - 'bold small caps'  (b/sc) with NFSS spec.: 
(fontspec)             and font adjustment code:
(fontspec)             \fontdimen 8\font =6.77pt\relax \fontdimen 9\font
(fontspec)             =3.94pt\relax \fontdimen 10\font =4.44pt\relax
(fontspec)             \fontdimen 11\font =6.86pt\relax \fontdimen 12\font
(fontspec)             =3.45pt\relax \fontdimen 13\font =3.63pt\relax
(fontspec)             \fontdimen 14\font =3.63pt\relax \fontdimen 15\font
(fontspec)             =2.89pt\relax \fontdimen 16\font =2.47pt\relax
(fontspec)             \fontdimen 17\font =2.47pt\relax \fontdimen 18\font
(fontspec)             =2.5pt\relax \fontdimen 19\font =2.0pt\relax \fontdimen
(fontspec)             22\font =2.5pt\relax \fontdimen 20\font =0pt\relax
(fontspec)             \fontdimen 21\font =0pt\relax 

LaTeX Font Info:    Encoding `OMS' has changed to `TU' for symbol font
(Font)              `symbols' in the math version `normal' on input line 124.
LaTeX Font Info:    Overwriting symbol font `symbols' in version `normal'
(Font)                  OMS/lmsy/m/n --> TU/latinmodern-math.otf(2)/m/n on input line 124.
LaTeX Font Info:    Encoding `OMS' has changed to `TU' for symbol font
(Font)              `symbols' in the math version `bold' on input line 124.
LaTeX Font Info:    Overwriting symbol font `symbols' in version `bold'
(Font)                  OMS/lmsy/b/n --> TU/latinmodern-math.otf(2)/b/n on input line 124.

Package fontspec Info: latinmodern-math scale = 0.9999964596882403.


Package fontspec Info: latinmodern-math scale = 0.9998964600422715.


Package fontspec Info: latinmodern-math scale = 0.9999964596882403.


Package fontspec Info: latinmodern-math scale = 0.9998964600422715.


Package fontspec Info: latinmodern-math scale = 0.9999964596882403.


Package fontspec Info: latinmodern-math scale = 0.9998964600422715.


Package fontspec Info: latinmodern-math scale = 0.9999964596882403.


Package fontspec Info: latinmodern-math scale = 0.9998964600422715.


Package fontspec Info: latinmodern-math scale = 0.9999964596882403.


Package fontspec Info: latinmodern-math scale = 0.9998964600422715.


Package fontspec Info: Font family 'latinmodern-math.otf(3)' created for font
(fontspec)             'latinmodern-math.otf' with options
(fontspec)             [Ligatures=TeX,Scale=MatchLowercase,BoldItalicFont={},ItalicFont={},SmallCapsFont={},Script=Math,SizeFeatures={{Size=8.5-},{Size=6-8.5,Font=latinmodern-math.otf,Style=MathScript},{Size=-6,Font=latinmodern-math.otf,Style=MathScriptScript}},BoldFont={latinmodern-math.otf},ScaleAgain=0.9999,FontAdjustment={\fontdimen
(fontspec)             8\font =0.4pt\relax \fontdimen 9\font =2.0pt\relax
(fontspec)             \fontdimen 10\font =1.67pt\relax \fontdimen 11\font
(fontspec)             =1.11pt\relax \fontdimen 12\font =6.0pt\relax
(fontspec)             \fontdimen 13\font =0pt\relax }].
(fontspec)              
(fontspec)              This font family consists of the following NFSS
(fontspec)             series/shapes:
(fontspec)              
(fontspec)             - 'normal' (m/n) with NFSS spec.:
(fontspec)             <8.5->s*[0.9998964600422715]"[latinmodern-math.otf]/OT:script=math;language=dflt;mapping=tex-text;"<6-8.5>s*[0.9998964600422715]"[latinmodern-math.otf]/OT:script=math;language=dflt;+ssty=0;mapping=tex-text;"<-6>s*[0.9998964600422715]"[latinmodern-math.otf]/OT:script=math;language=dflt;+ssty=1;mapping=tex-text;"
(fontspec)             - 'small caps'  (m/sc) with NFSS spec.: 
(fontspec)             and font adjustment code:
(fontspec)             \fontdimen 8\font =0.4pt\relax \fontdimen 9\font
(fontspec)             =2.0pt\relax \fontdimen 10\font =1.67pt\relax
(fontspec)             \fontdimen 11\font =1.11pt\relax \fontdimen 12\font
(fontspec)             =6.0pt\relax \fontdimen 13\font =0pt\relax 
(fontspec)             - 'bold' (b/n) with NFSS spec.:
(fontspec)             <->s*[0.9998964600422715]"[latinmodern-math.otf]/OT:script=math;language=dflt;mapping=tex-text;"
(fontspec)             - 'bold small caps'  (b/sc) with NFSS spec.: 
(fontspec)             and font adjustment code:
(fontspec)             \fontdimen 8\font =0.4pt\relax \fontdimen 9\font
(fontspec)             =2.0pt\relax \fontdimen 10\font =1.67pt\relax
(fontspec)             \fontdimen 11\font =1.11pt\relax \fontdimen 12\font
(fontspec)             =6.0pt\relax \fontdimen 13\font =0pt\relax 

LaTeX Font Info:    Encoding `OMX' has changed to `TU' for symbol font
(Font)              `largesymbols' in the math version `normal' on input line 124.
LaTeX Font Info:    Overwriting symbol font `largesymbols' in version `normal'
(Font)                  OMX/lmex/m/n --> TU/latinmodern-math.otf(3)/m/n on input line 124.
LaTeX Font Info:    Encoding `OMX' has changed to `TU' for symbol font
(Font)              `largesymbols' in the math version `bold' on input line 124.
LaTeX Font Info:    Overwriting symbol font `largesymbols' in version `bold'
(Font)                  OMX/lmex/m/n --> TU/latinmodern-math.otf(3)/b/n on input line 124.
Package hyperref Info: Link coloring OFF on input line 124.
(/Users/craig.starbuck/Library/TinyTeX/texmf-dist/tex/latex/hyperref/nameref.sty
Package: nameref 2021-04-02 v2.47 Cross-referencing by name of section
(/Users/craig.starbuck/Library/TinyTeX/texmf-dist/tex/latex/refcount/refcount.sty
Package: refcount 2019/12/15 v3.6 Data extraction from label references (HO)
) (/Users/craig.starbuck/Library/TinyTeX/texmf-dist/tex/generic/gettitlestring/gettitlestring.sty
Package: gettitlestring 2019/12/15 v1.6 Cleanup title references (HO)
)
\c@section@level=\count315
)
LaTeX Info: Redefining \ref on input line 124.
LaTeX Info: Redefining \pageref on input line 124.
LaTeX Info: Redefining \nameref on input line 124.
(./People_Analytics_Lifecycle.out) (./People_Analytics_Lifecycle.out)
\@outlinefile=\write4
\openout4 = `People_Analytics_Lifecycle.out'.

LaTeX Font Info:    Font shape `TU/latinmodern-math.otf(1)/m/n' will be
(Font)              scaled to size 12.0pt on input line 126.
LaTeX Font Info:    Font shape `TU/latinmodern-math.otf(1)/m/n' will be
(Font)              scaled to size 8.0pt on input line 126.
LaTeX Font Info:    Font shape `TU/latinmodern-math.otf(1)/m/n' will be
(Font)              scaled to size 6.0pt on input line 126.
LaTeX Font Info:    Trying to load font information for OML+lmm on input line 126.
(/Users/craig.starbuck/Library/TinyTeX/texmf-dist/tex/latex/lm/omllmm.fd
File: omllmm.fd 2015/05/01 v1.6.1 Font defs for Latin Modern
)
LaTeX Font Info:    Font shape `TU/latinmodern-math.otf(2)/m/n' will be
(Font)              scaled to size 12.0011pt on input line 126.
LaTeX Font Info:    Font shape `TU/latinmodern-math.otf(2)/m/n' will be
(Font)              scaled to size 8.00073pt on input line 126.
LaTeX Font Info:    Font shape `TU/latinmodern-math.otf(2)/m/n' will be
(Font)              scaled to size 6.00055pt on input line 126.
LaTeX Font Info:    Font shape `TU/latinmodern-math.otf(3)/m/n' will be
(Font)              scaled to size 11.99872pt on input line 126.
LaTeX Font Info:    Font shape `TU/latinmodern-math.otf(3)/m/n' will be
(Font)              scaled to size 7.99915pt on input line 126.
LaTeX Font Info:    Font shape `TU/latinmodern-math.otf(3)/m/n' will be
(Font)              scaled to size 5.99936pt on input line 126.
LaTeX Font Info:    Trying to load font information for U+msa on input line 126.
(/Users/craig.starbuck/Library/TinyTeX/texmf-dist/tex/latex/amsfonts/umsa.fd
File: umsa.fd 2013/01/14 v3.01 AMS symbols A
)
LaTeX Font Info:    Trying to load font information for U+msb on input line 126.
(/Users/craig.starbuck/Library/TinyTeX/texmf-dist/tex/latex/amsfonts/umsb.fd
File: umsb.fd 2013/01/14 v3.01 AMS symbols B
) [1


] [2

] (./People_Analytics_Lifecycle.toc
LaTeX Font Info:    Font shape `TU/latinmodern-math.otf(1)/m/n' will be
(Font)              scaled to size 7.0pt on input line 4.
LaTeX Font Info:    Font shape `TU/latinmodern-math.otf(1)/m/n' will be
(Font)              scaled to size 5.0pt on input line 4.
LaTeX Font Info:    Font shape `TU/latinmodern-math.otf(2)/m/n' will be
(Font)              scaled to size 10.00092pt on input line 4.
LaTeX Font Info:    Font shape `TU/latinmodern-math.otf(2)/m/n' will be
(Font)              scaled to size 7.00064pt on input line 4.
LaTeX Font Info:    Font shape `TU/latinmodern-math.otf(2)/m/n' will be
(Font)              scaled to size 5.00046pt on input line 4.
LaTeX Font Info:    Font shape `TU/latinmodern-math.otf(3)/m/n' will be
(Font)              scaled to size 9.99893pt on input line 4.
LaTeX Font Info:    Font shape `TU/latinmodern-math.otf(3)/m/n' will be
(Font)              scaled to size 6.99925pt on input line 4.
LaTeX Font Info:    Font shape `TU/latinmodern-math.otf(3)/m/n' will be
(Font)              scaled to size 4.99947pt on input line 4.
[3] [4] [5])
\tf@toc=\write5
\openout5 = `People_Analytics_Lifecycle.toc'.

[6]
Chapter 1.
[7

] [8

]
Chapter 2.
[9] [10]
Chapter 3.
[11

] [12] [13] [14] [15]
File: /Users/craig.starbuck/Library/Mobile Documents/com~apple~CloudDocs/Documents/People Analytics Book/GitHub/peopleanalytics_lifecycle_book/graphics/scientific_method.png Graphic file (type bmp)
</Users/craig.starbuck/Library/Mobile Documents/com~apple~CloudDocs/Documents/People Analytics Book/GitHub/peopleanalytics_lifecycle_book/graphics/scientific_method.png>
File: /Users/craig.starbuck/Library/Mobile Documents/com~apple~CloudDocs/Documents/People Analytics Book/GitHub/peopleanalytics_lifecycle_book/graphics/4d_framework_overview.png Graphic file (type bmp)
</Users/craig.starbuck/Library/Mobile Documents/com~apple~CloudDocs/Documents/People Analytics Book/GitHub/peopleanalytics_lifecycle_book/graphics/4d_framework_overview.png>
[16] [17] [18] [19] [20

]
Chapter 4.
[21]
LaTeX Font Info:    Font shape `TU/lmtt/bx/n' in size <10> not available
(Font)              Font shape `TU/lmtt/b/n' tried instead on input line 390.

Overfull \hbox (38.25pt too wide) in paragraph at lines 403--403
[]\TU/lmtt/m/n/10 ##   There is a binary version available but the source version is later:[] 
 []


Overfull \hbox (96.0pt too wide) in paragraph at lines 403--403
[]\TU/lmtt/m/n/10 ##  /var/folders/b1/0nnhbsx55hvfb1b3n83x0qrw0000gn/T//Rtmp0VpU3u/downloaded_packages[] 
 []

File: /Users/craig.starbuck/Library/Mobile Documents/com~apple~CloudDocs/Documents/People Analytics Book/GitHub/peopleanalytics_lifecycle_book/graphics/r_help.png Graphic file (type bmp)
</Users/craig.starbuck/Library/Mobile Documents/com~apple~CloudDocs/Documents/People Analytics Book/GitHub/peopleanalytics_lifecycle_book/graphics/r_help.png>
[22] [23] [24]
Overfull \hbox (33.0pt too wide) in paragraph at lines 587--587
[]\TU/lmtt/m/n/10 ##  [1] "2021-01-01" "2021-02-01" "2021-03-01" "2021-04-01" "2021-05-01"[] 
 []


Overfull \hbox (33.0pt too wide) in paragraph at lines 587--587
[]\TU/lmtt/m/n/10 ##  [6] "2021-06-01" "2021-07-01" "2021-08-01" "2021-09-01" "2021-10-01"[] 
 []

[25] [26]
Overfull \hbox (69.75pt too wide) in paragraph at lines 710--710
[]\TU/lmtt/m/n/10 ##  [1] 1.000000 1.414214 1.732051 2.000000 2.236068 2.449490 2.645751 2.828427[] 
 []


Overfull \hbox (59.25pt too wide) in paragraph at lines 722--722
[]\TU/lmtt/m/n/10 ##  [1] 0.0000000 0.6931472 1.0986123 1.3862944 1.6094379 1.7917595 1.9459101[] 
 []


Overfull \hbox (33.0pt too wide) in paragraph at lines 734--734
[]\TU/lmtt/m/n/10 ##  [1]     2.718282     7.389056    20.085537    54.598150   148.413159[] 
 []


Overfull \hbox (33.0pt too wide) in paragraph at lines 734--734
[]\TU/lmtt/m/n/10 ##  [6]   403.428793  1096.633158  2980.957987  8103.083928 22026.465795[] 
 []

[27]
Overfull \hbox (6.75pt too wide) in paragraph at lines 766--766
[]\TU/lmtt/m/n/10 ##  [1]  TRUE  TRUE  TRUE  TRUE  TRUE FALSE FALSE FALSE FALSE FALSE[] 
 []

[28] [29] [30] [31] [32]
Overfull \hbox (33.0pt too wide) in paragraph at lines 1038--1038
[]\TU/lmtt/m/n/10 ##  [1] "2021-01-01" "2021-02-01" "2021-03-01" "2021-04-01" "2021-05-01"[] 
 []


Overfull \hbox (33.0pt too wide) in paragraph at lines 1038--1038
[]\TU/lmtt/m/n/10 ##  [6] "2021-06-01" "2021-07-01" "2021-08-01" "2021-09-01" "2021-10-01"[] 
 []

[33] [34]
File: People_Analytics_Lifecycle_files/figure-latex/unnamed-chunk-49-1.pdf Graphic file (type pdf)
<use People_Analytics_Lifecycle_files/figure-latex/unnamed-chunk-49-1.pdf>

Underfull \vbox (badness 10000) has occurred while \output is active []

[35]
File: People_Analytics_Lifecycle_files/figure-latex/unnamed-chunk-50-1.pdf Graphic file (type pdf)
<use People_Analytics_Lifecycle_files/figure-latex/unnamed-chunk-50-1.pdf>

Underfull \vbox (badness 10000) has occurred while \output is active []

[36] [37] [38

]
Chapter 5.
[39] [40]
File: /Users/craig.starbuck/Library/Mobile Documents/com~apple~CloudDocs/Documents/People Analytics Book/GitHub/peopleanalytics_lifecycle_book/graphics/conceptual_model.png Graphic file (type bmp)
</Users/craig.starbuck/Library/Mobile Documents/com~apple~CloudDocs/Documents/People Analytics Book/GitHub/peopleanalytics_lifecycle_book/graphics/conceptual_model.png>
[41] [42] [43] [44]
File: /Users/craig.starbuck/Library/Mobile Documents/com~apple~CloudDocs/Documents/People Analytics Book/GitHub/peopleanalytics_lifecycle_book/graphics/reliability_validity.png Graphic file (type bmp)
</Users/craig.starbuck/Library/Mobile Documents/com~apple~CloudDocs/Documents/People Analytics Book/GitHub/peopleanalytics_lifecycle_book/graphics/reliability_validity.png>
[45] [46] [47] [48] [49] [50] [51] [52] [53] [54]
Chapter 6.
[55

] [56]
File: /Users/craig.starbuck/Library/Mobile Documents/com~apple~CloudDocs/Documents/People Analytics Book/GitHub/peopleanalytics_lifecycle_book/graphics/research_designs.png Graphic file (type bmp)
</Users/craig.starbuck/Library/Mobile Documents/com~apple~CloudDocs/Documents/People Analytics Book/GitHub/peopleanalytics_lifecycle_book/graphics/research_designs.png>
[57] [58] [59] [60]
Underfull \hbox (badness 5667) in paragraph at lines 1828--1830
[]\TU/lmr/m/n/10 Why aren’t experimental designs always implemented when an
 []

[61] [62

]
Chapter 7.
[63] [64] [65] [66] [67] [68]
File: People_Analytics_Lifecycle_files/figure-latex/unnamed-chunk-66-1.pdf Graphic file (type pdf)
<use People_Analytics_Lifecycle_files/figure-latex/unnamed-chunk-66-1.pdf>
[69]
File: /Users/craig.starbuck/Library/Mobile Documents/com~apple~CloudDocs/Documents/People Analytics Book/GitHub/peopleanalytics_lifecycle_book/graphics/skewness.png Graphic file (type bmp)
</Users/craig.starbuck/Library/Mobile Documents/com~apple~CloudDocs/Documents/People Analytics Book/GitHub/peopleanalytics_lifecycle_book/graphics/skewness.png>
[70] [71]
File: People_Analytics_Lifecycle_files/figure-latex/org-tenure-distribution-1.pdf Graphic file (type pdf)
<use People_Analytics_Lifecycle_files/figure-latex/org-tenure-distribution-1.pdf>
[72]
File: /Users/craig.starbuck/Library/Mobile Documents/com~apple~CloudDocs/Documents/People Analytics Book/GitHub/peopleanalytics_lifecycle_book/graphics/kurtosis.jpg Graphic file (type bmp)
</Users/craig.starbuck/Library/Mobile Documents/com~apple~CloudDocs/Documents/People Analytics Book/GitHub/peopleanalytics_lifecycle_book/graphics/kurtosis.jpg>
[73] [74]
Overfull \hbox (38.25pt too wide) in paragraph at lines 2384--2384
[]\TU/lmtt/m/n/10 ##                   annual_comp          age    org_tenure    job_tenure[] 
 []


Overfull \hbox (38.25pt too wide) in paragraph at lines 2384--2384
[]\TU/lmtt/m/n/10 ## annual_comp      1.788039e+09 9381.6772019 -3921.9601469 -3693.1960749[] 
 []


Overfull \hbox (38.25pt too wide) in paragraph at lines 2384--2384
[]\TU/lmtt/m/n/10 ## age              9.381677e+03   83.4550488    17.9255146     7.0467503[] 
 []


Overfull \hbox (38.25pt too wide) in paragraph at lines 2384--2384
[]\TU/lmtt/m/n/10 ## org_tenure      -3.921960e+03   17.9255146    39.7967987    16.9797312[] 
 []


Overfull \hbox (38.25pt too wide) in paragraph at lines 2384--2384
[]\TU/lmtt/m/n/10 ## job_tenure      -3.693196e+03    7.0467503    16.9797312    13.1271220[] 
 []


Overfull \hbox (38.25pt too wide) in paragraph at lines 2384--2384
[]\TU/lmtt/m/n/10 ## prior_emplr_cnt  2.340406e+03    6.8377387    -1.8547177    -0.8213802[] 
 []


Overfull \hbox (38.25pt too wide) in paragraph at lines 2384--2384
[]\TU/lmtt/m/n/10 ## commute_dist     1.067158e+04   -0.1248728     0.7746438     0.5535206[] 
 []

[75]
File: /Users/craig.starbuck/Library/Mobile Documents/com~apple~CloudDocs/Documents/People Analytics Book/GitHub/peopleanalytics_lifecycle_book/graphics/correlation_table.png Graphic file (type bmp)
</Users/craig.starbuck/Library/Mobile Documents/com~apple~CloudDocs/Documents/People Analytics Book/GitHub/peopleanalytics_lifecycle_book/graphics/correlation_table.png>
[76]
File: /Users/craig.starbuck/Library/Mobile Documents/com~apple~CloudDocs/Documents/People Analytics Book/GitHub/peopleanalytics_lifecycle_book/graphics/phi_coefficient_formula.png Graphic file (type bmp)
</Users/craig.starbuck/Library/Mobile Documents/com~apple~CloudDocs/Documents/People Analytics Book/GitHub/peopleanalytics_lifecycle_book/graphics/phi_coefficient_formula.png>
[77] [78]
Overfull \hbox (85.5pt too wide) in paragraph at lines 2528--2528
[]\TU/lmtt/m/n/10 ##                 annual_comp         age  org_tenure  job_tenure prior_emplr_cnt[] 
 []


Overfull \hbox (85.5pt too wide) in paragraph at lines 2528--2528
[]\TU/lmtt/m/n/10 ## annual_comp      1.00000000  0.02428654 -0.01470248 -0.02410622      0.02215688[] 
 []


Overfull \hbox (85.5pt too wide) in paragraph at lines 2528--2528
[]\TU/lmtt/m/n/10 ## age              0.02428654  1.00000000  0.31104359  0.21290106      0.29963476[] 
 []


Overfull \hbox (85.5pt too wide) in paragraph at lines 2528--2528
[]\TU/lmtt/m/n/10 ## org_tenure      -0.01470248  0.31104359  1.00000000  0.74288567     -0.11769547[] 
 []


Overfull \hbox (85.5pt too wide) in paragraph at lines 2528--2528
[]\TU/lmtt/m/n/10 ## job_tenure      -0.02410622  0.21290106  0.74288567  1.00000000     -0.09075393[] 
 []


Overfull \hbox (85.5pt too wide) in paragraph at lines 2528--2528
[]\TU/lmtt/m/n/10 ## prior_emplr_cnt  0.02215688  0.29963476 -0.11769547 -0.09075393      1.00000000[] 
 []


Overfull \hbox (85.5pt too wide) in paragraph at lines 2528--2528
[]\TU/lmtt/m/n/10 ## commute_dist     0.03113059 -0.00168612  0.01514695  0.01884500     -0.02925080[] 
 []

File: People_Analytics_Lifecycle_files/figure-latex/unnamed-chunk-80-1.pdf Graphic file (type pdf)
<use People_Analytics_Lifecycle_files/figure-latex/unnamed-chunk-80-1.pdf>

Underfull \vbox (badness 10000) has occurred while \output is active []

[79]
File: People_Analytics_Lifecycle_files/figure-latex/unnamed-chunk-81-1.pdf Graphic file (type pdf)
<use People_Analytics_Lifecycle_files/figure-latex/unnamed-chunk-81-1.pdf>

Underfull \vbox (badness 10000) has occurred while \output is active []

[80]
File: /Users/craig.starbuck/Library/Mobile Documents/com~apple~CloudDocs/Documents/People Analytics Book/GitHub/peopleanalytics_lifecycle_book/graphics/correlation_comic.png Graphic file (type bmp)
</Users/craig.starbuck/Library/Mobile Documents/com~apple~CloudDocs/Documents/People Analytics Book/GitHub/peopleanalytics_lifecycle_book/graphics/correlation_comic.png>
File: /Users/craig.starbuck/Library/Mobile Documents/com~apple~CloudDocs/Documents/People Analytics Book/GitHub/peopleanalytics_lifecycle_book/graphics/spurious_corr_maine_divorce.png Graphic file (type bmp)
</Users/craig.starbuck/Library/Mobile Documents/com~apple~CloudDocs/Documents/People Analytics Book/GitHub/peopleanalytics_lifecycle_book/graphics/spurious_corr_maine_divorce.png>
File: /Users/craig.starbuck/Library/Mobile Documents/com~apple~CloudDocs/Documents/People Analytics Book/GitHub/peopleanalytics_lifecycle_book/graphics/spurious_corr_mozzarella_cheese.png Graphic file (type bmp)
</Users/craig.starbuck/Library/Mobile Documents/com~apple~CloudDocs/Documents/People Analytics Book/GitHub/peopleanalytics_lifecycle_book/graphics/spurious_corr_mozzarella_cheese.png>
[81] [82] [83] [84

]
Chapter 8.
[85]
File: People_Analytics_Lifecycle_files/figure-latex/org-tenure-dist-1.pdf Graphic file (type pdf)
<use People_Analytics_Lifecycle_files/figure-latex/org-tenure-dist-1.pdf>
[86]
Underfull \hbox (badness 1715) in paragraph at lines 2728--2730
[]\TU/lmr/bx/n/10 Multinomial\TU/lmr/m/n/10 : generalization of the binomial distribution for ex-
 []

[87] [88]
File: People_Analytics_Lifecycle_files/figure-latex/discrete-dist-1.pdf Graphic file (type pdf)
<use People_Analytics_Lifecycle_files/figure-latex/discrete-dist-1.pdf>
[89] [90]
File: People_Analytics_Lifecycle_files/figure-latex/continous-dist-1.pdf Graphic file (type pdf)
<use People_Analytics_Lifecycle_files/figure-latex/continous-dist-1.pdf>
[91] [92] [93]
Underfull \vbox (badness 1231) has occurred while \output is active []

[94]
File: /Users/craig.starbuck/Library/Mobile Documents/com~apple~CloudDocs/Documents/People Analytics Book/GitHub/peopleanalytics_lifecycle_book/graphics/normal_distribution.png Graphic file (type bmp)
</Users/craig.starbuck/Library/Mobile Documents/com~apple~CloudDocs/Documents/People Analytics Book/GitHub/peopleanalytics_lifecycle_book/graphics/normal_distribution.png>
[95] [96]
File: People_Analytics_Lifecycle_files/figure-latex/unnamed-chunk-89-1.pdf Graphic file (type pdf)
<use People_Analytics_Lifecycle_files/figure-latex/unnamed-chunk-89-1.pdf>
[97]
File: People_Analytics_Lifecycle_files/figure-latex/unnamed-chunk-90-1.pdf Graphic file (type pdf)
<use People_Analytics_Lifecycle_files/figure-latex/unnamed-chunk-90-1.pdf>
[98]
File: /Users/craig.starbuck/Library/Mobile Documents/com~apple~CloudDocs/Documents/People Analytics Book/GitHub/peopleanalytics_lifecycle_book/graphics/confidence_intervals.png Graphic file (type bmp)
</Users/craig.starbuck/Library/Mobile Documents/com~apple~CloudDocs/Documents/People Analytics Book/GitHub/peopleanalytics_lifecycle_book/graphics/confidence_intervals.png>
[99] [100] [101]
File: /Users/craig.starbuck/Library/Mobile Documents/com~apple~CloudDocs/Documents/People Analytics Book/GitHub/peopleanalytics_lifecycle_book/graphics/t_distribution.png Graphic file (type bmp)
</Users/craig.starbuck/Library/Mobile Documents/com~apple~CloudDocs/Documents/People Analytics Book/GitHub/peopleanalytics_lifecycle_book/graphics/t_distribution.png>
File: /Users/craig.starbuck/Library/Mobile Documents/com~apple~CloudDocs/Documents/People Analytics Book/GitHub/peopleanalytics_lifecycle_book/graphics/t-table.png Graphic file (type bmp)
</Users/craig.starbuck/Library/Mobile Documents/com~apple~CloudDocs/Documents/People Analytics Book/GitHub/peopleanalytics_lifecycle_book/graphics/t-table.png>
[102] [103] [104] [105]
File: /Users/craig.starbuck/Library/Mobile Documents/com~apple~CloudDocs/Documents/People Analytics Book/GitHub/peopleanalytics_lifecycle_book/graphics/hypothesis_testing_errors.png Graphic file (type bmp)
</Users/craig.starbuck/Library/Mobile Documents/com~apple~CloudDocs/Documents/People Analytics Book/GitHub/peopleanalytics_lifecycle_book/graphics/hypothesis_testing_errors.png>
[106] [107] [108] [109] [110

]
Chapter 9.
File: /Users/craig.starbuck/Library/Mobile Documents/com~apple~CloudDocs/Documents/People Analytics Book/GitHub/peopleanalytics_lifecycle_book/graphics/data_scientist_tasks.jpeg Graphic file (type bmp)
</Users/craig.starbuck/Library/Mobile Documents/com~apple~CloudDocs/Documents/People Analytics Book/GitHub/peopleanalytics_lifecycle_book/graphics/data_scientist_tasks.jpeg>

Underfull \vbox (badness 10000) has occurred while \output is active []

[111]
File: /Users/craig.starbuck/Library/Mobile Documents/com~apple~CloudDocs/Documents/People Analytics Book/GitHub/peopleanalytics_lifecycle_book/graphics/dw_schema.png Graphic file (type bmp)
</Users/craig.starbuck/Library/Mobile Documents/com~apple~CloudDocs/Documents/People Analytics Book/GitHub/peopleanalytics_lifecycle_book/graphics/dw_schema.png>
[112]
File: /Users/craig.starbuck/Library/Mobile Documents/com~apple~CloudDocs/Documents/People Analytics Book/GitHub/peopleanalytics_lifecycle_book/graphics/dw_erd.png Graphic file (type bmp)
</Users/craig.starbuck/Library/Mobile Documents/com~apple~CloudDocs/Documents/People Analytics Book/GitHub/peopleanalytics_lifecycle_book/graphics/dw_erd.png>
[113]
File: /Users/craig.starbuck/Library/Mobile Documents/com~apple~CloudDocs/Documents/People Analytics Book/GitHub/peopleanalytics_lifecycle_book/graphics/type_2_table.png Graphic file (type bmp)
</Users/craig.starbuck/Library/Mobile Documents/com~apple~CloudDocs/Documents/People Analytics Book/GitHub/peopleanalytics_lifecycle_book/graphics/type_2_table.png>
File: /Users/craig.starbuck/Library/Mobile Documents/com~apple~CloudDocs/Documents/People Analytics Book/GitHub/peopleanalytics_lifecycle_book/graphics/type_1_table.png Graphic file (type bmp)
</Users/craig.starbuck/Library/Mobile Documents/com~apple~CloudDocs/Documents/People Analytics Book/GitHub/peopleanalytics_lifecycle_book/graphics/type_1_table.png>

Underfull \vbox (badness 3977) has occurred while \output is active []

[114] [115] [116] [117] [118]
File: /Users/craig.starbuck/Library/Mobile Documents/com~apple~CloudDocs/Documents/People Analytics Book/GitHub/peopleanalytics_lifecycle_book/graphics/sql_joins.png Graphic file (type bmp)
</Users/craig.starbuck/Library/Mobile Documents/com~apple~CloudDocs/Documents/People Analytics Book/GitHub/peopleanalytics_lifecycle_book/graphics/sql_joins.png>
[119] [120] [121]
Overfull \hbox (48.75pt too wide) in paragraph at lines 3903--3903
[]\TU/lmtt/m/n/10 ##                   job_title employee_cnt avg_org_tenure avg_commute_dist[] 
 []


Overfull \hbox (48.75pt too wide) in paragraph at lines 3903--3903
[]\TU/lmtt/m/n/10 ## 1 Healthcare Representative          131            8.6              9.8[] 
 []


Overfull \hbox (48.75pt too wide) in paragraph at lines 3903--3903
[]\TU/lmtt/m/n/10 ## 2     Laboratory Technician          259            5.0              9.4[] 
 []


Overfull \hbox (48.75pt too wide) in paragraph at lines 3903--3903
[]\TU/lmtt/m/n/10 ## 3                   Manager           52           13.7              7.2[] 
 []


Overfull \hbox (48.75pt too wide) in paragraph at lines 3903--3903
[]\TU/lmtt/m/n/10 ## 4    Manufacturing Director          145            7.6              9.5[] 
 []


Overfull \hbox (48.75pt too wide) in paragraph at lines 3903--3903
[]\TU/lmtt/m/n/10 ## 5         Research Director           80           10.9              8.4[] 
 []


Overfull \hbox (48.75pt too wide) in paragraph at lines 3903--3903
[]\TU/lmtt/m/n/10 ## 6        Research Scientist          292            5.1              9.0[] 
 []

[122]
Overfull \hbox (48.75pt too wide) in paragraph at lines 3949--3949
[]\TU/lmtt/m/n/10 ##                   job_title employee_cnt avg_org_tenure avg_commute_dist[] 
 []


Overfull \hbox (48.75pt too wide) in paragraph at lines 3949--3949
[]\TU/lmtt/m/n/10 ## 1 Healthcare Representative          131            8.6              9.8[] 
 []


Overfull \hbox (48.75pt too wide) in paragraph at lines 3949--3949
[]\TU/lmtt/m/n/10 ## 2     Laboratory Technician          259            5.0              9.4[] 
 []


Overfull \hbox (48.75pt too wide) in paragraph at lines 3949--3949
[]\TU/lmtt/m/n/10 ## 3                   Manager           52           13.7              7.2[] 
 []


Overfull \hbox (48.75pt too wide) in paragraph at lines 3949--3949
[]\TU/lmtt/m/n/10 ## 4    Manufacturing Director          145            7.6              9.5[] 
 []


Overfull \hbox (48.75pt too wide) in paragraph at lines 3949--3949
[]\TU/lmtt/m/n/10 ## 5         Research Director           80           10.9              8.4[] 
 []


Overfull \hbox (48.75pt too wide) in paragraph at lines 3949--3949
[]\TU/lmtt/m/n/10 ## 6        Research Scientist          292            5.1              9.0[] 
 []

[123] [124] [125]
Overfull \hbox (43.5pt too wide) in paragraph at lines 4115--4115
[]\TU/lmtt/m/n/10 ##    employee_id                 job_title commute_dist commute_dist_rank[] 
 []


Overfull \hbox (43.5pt too wide) in paragraph at lines 4115--4115
[]\TU/lmtt/m/n/10 ## 1         2325 Healthcare Representative           29                 1[] 
 []


Overfull \hbox (43.5pt too wide) in paragraph at lines 4115--4115
[]\TU/lmtt/m/n/10 ## 2         1414 Healthcare Representative           28                 2[] 
 []


Overfull \hbox (43.5pt too wide) in paragraph at lines 4115--4115
[]\TU/lmtt/m/n/10 ## 3         1010 Healthcare Representative           27                 3[] 
 []


Overfull \hbox (43.5pt too wide) in paragraph at lines 4115--4115
[]\TU/lmtt/m/n/10 ## 4         1573 Healthcare Representative           27                 3[] 
 []


Overfull \hbox (43.5pt too wide) in paragraph at lines 4115--4115
[]\TU/lmtt/m/n/10 ## 5         2200 Healthcare Representative           26                 5[] 
 []

[126]
Overfull \hbox (43.5pt too wide) in paragraph at lines 4115--4115
[]\TU/lmtt/m/n/10 ## 6         1730 Healthcare Representative           25                 6[] 
 []


Overfull \hbox (43.5pt too wide) in paragraph at lines 4115--4115
[]\TU/lmtt/m/n/10 ## 7         1833 Healthcare Representative           25                 6[] 
 []


Overfull \hbox (43.5pt too wide) in paragraph at lines 4115--4115
[]\TU/lmtt/m/n/10 ## 8         1993 Healthcare Representative           25                 6[] 
 []


Overfull \hbox (43.5pt too wide) in paragraph at lines 4115--4115
[]\TU/lmtt/m/n/10 ## 9         2415 Healthcare Representative           25                 6[] 
 []


Overfull \hbox (43.5pt too wide) in paragraph at lines 4115--4115
[]\TU/lmtt/m/n/10 ## 10        1164 Healthcare Representative           24                10[] 
 []

[127]
Overfull \hbox (22.5pt too wide) in paragraph at lines 4241--4241
[]\TU/lmtt/m/n/10 ##    ed_field            gender          marital_sts           active[] 
 []


Overfull \hbox (33.0pt too wide) in paragraph at lines 4241--4241
[]\TU/lmtt/m/n/10 ##  Length:1470        Length:1470        Length:1470        Length:1470[] 
 []


Overfull \hbox (59.25pt too wide) in paragraph at lines 4241--4241
[]\TU/lmtt/m/n/10 ##  Class :character   Class :character   Class :character   Class :character[] 
 []


Overfull \hbox (59.25pt too wide) in paragraph at lines 4241--4241
[]\TU/lmtt/m/n/10 ##  Mode  :character   Mode  :character   Mode  :character   Mode  :character[] 
 []


Overfull \hbox (1.5pt too wide) in paragraph at lines 4241--4241
[]\TU/lmtt/m/n/10 ##  stock_opt_lvl      trainings         dept              job_lvl[] 
 []


Overfull \hbox (17.25pt too wide) in paragraph at lines 4241--4241
[]\TU/lmtt/m/n/10 ##  Min.   :0.0000   Min.   :0.000   Length:1470        Min.   :1.000[] 
 []


Overfull \hbox (17.25pt too wide) in paragraph at lines 4241--4241
[]\TU/lmtt/m/n/10 ##  1st Qu.:0.0000   1st Qu.:2.000   Class :character   1st Qu.:1.000[] 
 []


Overfull \hbox (17.25pt too wide) in paragraph at lines 4241--4241
[]\TU/lmtt/m/n/10 ##  Median :1.0000   Median :3.000   Mode  :character   Median :2.000[] 
 []


Overfull \hbox (17.25pt too wide) in paragraph at lines 4241--4241
[]\TU/lmtt/m/n/10 ##  Mean   :0.7939   Mean   :2.799                      Mean   :2.064[] 
 []


Overfull \hbox (17.25pt too wide) in paragraph at lines 4241--4241
[]\TU/lmtt/m/n/10 ##  3rd Qu.:1.0000   3rd Qu.:3.000                      3rd Qu.:3.000[] 
 []

[128]
Overfull \hbox (17.25pt too wide) in paragraph at lines 4241--4241
[]\TU/lmtt/m/n/10 ##  Max.   :3.0000   Max.   :6.000                      Max.   :5.000[] 
 []


Overfull \hbox (38.25pt too wide) in paragraph at lines 4241--4241
[]\TU/lmtt/m/n/10 ##   job_title           overtime         business_travel     hourly_rate[] 
 []


Overfull \hbox (48.75pt too wide) in paragraph at lines 4241--4241
[]\TU/lmtt/m/n/10 ##  Length:1470        Length:1470        Length:1470        Min.   : 30.00[] 
 []


Overfull \hbox (48.75pt too wide) in paragraph at lines 4241--4241
[]\TU/lmtt/m/n/10 ##  Class :character   Class :character   Class :character   1st Qu.: 48.00[] 
 []


Overfull \hbox (48.75pt too wide) in paragraph at lines 4241--4241
[]\TU/lmtt/m/n/10 ##  Mode  :character   Mode  :character   Mode  :character   Median : 66.00[] 
 []


Overfull \hbox (48.75pt too wide) in paragraph at lines 4241--4241
[]\TU/lmtt/m/n/10 ##                                                           Mean   : 65.89[] 
 []


Overfull \hbox (48.75pt too wide) in paragraph at lines 4241--4241
[]\TU/lmtt/m/n/10 ##                                                           3rd Qu.: 83.75[] 
 []


Overfull \hbox (48.75pt too wide) in paragraph at lines 4241--4241
[]\TU/lmtt/m/n/10 ##                                                           Max.   :100.00[] 
 []


Overfull \hbox (85.5pt too wide) in paragraph at lines 4241--4241
[]\TU/lmtt/m/n/10 ##    daily_comp     monthly_comp    annual_comp      standard_hrs salary_hike_pct[] 
 []


Overfull \hbox (75.0pt too wide) in paragraph at lines 4241--4241
[]\TU/lmtt/m/n/10 ##  Min.   :240.0   Min.   : 5200   Min.   : 62400   Min.   :80    Min.   :11.00[] 
 []


Overfull \hbox (75.0pt too wide) in paragraph at lines 4241--4241
[]\TU/lmtt/m/n/10 ##  1st Qu.:384.0   1st Qu.: 8320   1st Qu.: 99840   1st Qu.:80    1st Qu.:12.00[] 
 []


Overfull \hbox (75.0pt too wide) in paragraph at lines 4241--4241
[]\TU/lmtt/m/n/10 ##  Median :528.0   Median :11440   Median :137280   Median :80    Median :14.00[] 
 []


Overfull \hbox (75.0pt too wide) in paragraph at lines 4241--4241
[]\TU/lmtt/m/n/10 ##  Mean   :527.1   Mean   :11421   Mean   :137054   Mean   :80    Mean   :15.21[] 
 []


Overfull \hbox (75.0pt too wide) in paragraph at lines 4241--4241
[]\TU/lmtt/m/n/10 ##  3rd Qu.:670.0   3rd Qu.:14517   3rd Qu.:174200   3rd Qu.:80    3rd Qu.:18.00[] 
 []


Overfull \hbox (75.0pt too wide) in paragraph at lines 4241--4241
[]\TU/lmtt/m/n/10 ##  Max.   :800.0   Max.   :17333   Max.   :208000   Max.   :80    Max.   :25.00[] 
 []


Overfull \hbox (59.25pt too wide) in paragraph at lines 4241--4241
[]\TU/lmtt/m/n/10 ##   perf_rating    prior_emplr_cnt    env_sat        engagement      job_sat[] 
 []


Overfull \hbox (75.0pt too wide) in paragraph at lines 4241--4241
[]\TU/lmtt/m/n/10 ##  Min.   :3.000   Min.   :0.000   Min.   :1.000   Min.   :1.00   Min.   :1.000[] 
 []


Overfull \hbox (75.0pt too wide) in paragraph at lines 4241--4241
[]\TU/lmtt/m/n/10 ##  1st Qu.:3.000   1st Qu.:1.000   1st Qu.:2.000   1st Qu.:2.00   1st Qu.:2.000[] 
 []


Overfull \hbox (75.0pt too wide) in paragraph at lines 4241--4241
[]\TU/lmtt/m/n/10 ##  Median :3.000   Median :2.000   Median :3.000   Median :3.00   Median :3.000[] 
 []


Overfull \hbox (75.0pt too wide) in paragraph at lines 4241--4241
[]\TU/lmtt/m/n/10 ##  Mean   :3.154   Mean   :2.693   Mean   :2.722   Mean   :2.73   Mean   :2.729[] 
 []


Overfull \hbox (75.0pt too wide) in paragraph at lines 4241--4241
[]\TU/lmtt/m/n/10 ##  3rd Qu.:3.000   3rd Qu.:4.000   3rd Qu.:4.000   3rd Qu.:3.00   3rd Qu.:4.000[] 
 []


Overfull \hbox (75.0pt too wide) in paragraph at lines 4241--4241
[]\TU/lmtt/m/n/10 ##  Max.   :4.000   Max.   :9.000   Max.   :4.000   Max.   :4.00   Max.   :4.000[] 
 []


Overfull \hbox (1.5pt too wide) in paragraph at lines 4241--4241
[]\TU/lmtt/m/n/10 ##  Min.   :1.000   Min.   :1.000   Min.   : 0.00   Min.   : 0.000[] 
 []


Overfull \hbox (1.5pt too wide) in paragraph at lines 4241--4241
[]\TU/lmtt/m/n/10 ##  1st Qu.:2.000   1st Qu.:2.000   1st Qu.: 6.00   1st Qu.: 3.000[] 
 []


Overfull \hbox (1.5pt too wide) in paragraph at lines 4241--4241
[]\TU/lmtt/m/n/10 ##  Median :3.000   Median :2.000   Median :10.00   Median : 5.000[] 
 []


Overfull \hbox (1.5pt too wide) in paragraph at lines 4241--4241
[]\TU/lmtt/m/n/10 ##  Mean   :2.712   Mean   :1.841   Mean   :11.28   Mean   : 7.032[] 
 []


Overfull \hbox (1.5pt too wide) in paragraph at lines 4241--4241
[]\TU/lmtt/m/n/10 ##  3rd Qu.:4.000   3rd Qu.:2.000   3rd Qu.:15.00   3rd Qu.: 9.000[] 
 []


Overfull \hbox (1.5pt too wide) in paragraph at lines 4241--4241
[]\TU/lmtt/m/n/10 ##  Max.   :4.000   Max.   :2.000   Max.   :40.00   Max.   :72.000[] 
 []

[129] [130]

LaTeX Warning: Reference `uni-bi-stats' on page 131 undefined on input line 4301.

[131] [132] [133]
File: /Users/craig.starbuck/Library/Mobile Documents/com~apple~CloudDocs/Documents/People Analytics Book/GitHub/peopleanalytics_lifecycle_book/graphics/onehot_encoding.png Graphic file (type bmp)
</Users/craig.starbuck/Library/Mobile Documents/com~apple~CloudDocs/Documents/People Analytics Book/GitHub/peopleanalytics_lifecycle_book/graphics/onehot_encoding.png>
[134] [135] [136] [137] [138

]
Chapter 10.
[139]
File: /Users/craig.starbuck/Library/Mobile Documents/com~apple~CloudDocs/Documents/People Analytics Book/GitHub/peopleanalytics_lifecycle_book/graphics/discrete_differences_test_table.png Graphic file (type bmp)
</Users/craig.starbuck/Library/Mobile Documents/com~apple~CloudDocs/Documents/People Analytics Book/GitHub/peopleanalytics_lifecycle_book/graphics/discrete_differences_test_table.png>
File: /Users/craig.starbuck/Library/Mobile Documents/com~apple~CloudDocs/Documents/People Analytics Book/GitHub/peopleanalytics_lifecycle_book/graphics/continuous_differences_test_table.png Graphic file (type bmp)
</Users/craig.starbuck/Library/Mobile Documents/com~apple~CloudDocs/Documents/People Analytics Book/GitHub/peopleanalytics_lifecycle_book/graphics/continuous_differences_test_table.png>
[140] [141] [142] [143]
File: People_Analytics_Lifecycle_files/figure-latex/comp-dist-1.pdf Graphic file (type pdf)
<use People_Analytics_Lifecycle_files/figure-latex/comp-dist-1.pdf>
[144]
File: People_Analytics_Lifecycle_files/figure-latex/qq-plot-1.pdf Graphic file (type pdf)
<use People_Analytics_Lifecycle_files/figure-latex/qq-plot-1.pdf>
[145] [146]
File: People_Analytics_Lifecycle_files/figure-latex/qq-plots-trans-1.pdf Graphic file (type pdf)
<use People_Analytics_Lifecycle_files/figure-latex/qq-plots-trans-1.pdf>
[147]
Overfull \hbox (75.0pt too wide) in paragraph at lines 4847--4847
[]\TU/lmtt/m/n/10 ##  Pairwise comparisons using Wilcoxon rank sum test with continuity correction[] 
 []

[148] [149] [150]
Chapter 11.
[151

] [152] [153] [154]
Chapter 12.
[155

] [156

]
Chapter 13.
[157] [158

]
Chapter 14.
[159] [160

]
Chapter 15.
[161] [162

]
Chapter 16.
[163] [164

]
Chapter 17.
[165] [166]
Chapter 18.
[167

] [168

]
Chapter 19.
[169] [170]
Chapter 20.
[171

] [172]
Underfull \hbox (badness 5667) in paragraph at lines 5346--5347
[]\TU/lmr/m/n/10 Why aren’t experimental designs always implemented when an
 []

[173] [174] [175] [176]
File: /Users/craig.starbuck/Library/Mobile Documents/com~apple~CloudDocs/Documents/People Analytics Book/GitHub/peopleanalytics_lifecycle_book/graphics/4d_framework.png Graphic file (type bmp)
</Users/craig.starbuck/Library/Mobile Documents/com~apple~CloudDocs/Documents/People Analytics Book/GitHub/peopleanalytics_lifecycle_book/graphics/4d_framework.png>
[177] [178] [179] [180] [181] [182]
No file People_Analytics_Lifecycle.bbl.
[183] (./People_Analytics_Lifecycle.aux)

LaTeX Warning: There were undefined references.

Package rerunfilecheck Info: File `People_Analytics_Lifecycle.out' has not changed.
(rerunfilecheck)             Checksum: 68AB8B82CE525F39FAECFCB82C35AAC8;12557.
 ) 
Here is how much of TeX's memory you used:
 17728 strings out of 478179
 411911 string characters out of 5852975
 777968 words of memory out of 5000000
 38057 multiletter control sequences out of 15000+600000
 475734 words of font info for 84 fonts, out of 8000000 for 9000
 14 hyphenation exceptions out of 8191
 86i,6n,121p,1350b,470s stack positions out of 5000i,500n,10000p,200000b,80000s

Output written on People_Analytics_Lifecycle.pdf (183 pages).
