This is XeTeX, Version 3.141592653-2.6-0.999994 (TeX Live 2022) (preloaded format=xelatex 2022.4.20)  20 APR 2022 08:06
entering extended mode
 restricted \write18 enabled.
 %&-line parsing enabled.
**The_People_Analytics_Companion.tex
(./The_People_Analytics_Companion.tex
LaTeX2e <2021-11-15> patch level 1
L3 programming layer <2022-04-10> (/Users/craig.starbuck/Library/TinyTeX/texmf-dist/tex/latex/base/book.cls
Document Class: book 2021/10/04 v1.4n Standard LaTeX document class
(/Users/craig.starbuck/Library/TinyTeX/texmf-dist/tex/latex/base/bk10.clo
File: bk10.clo 2021/10/04 v1.4n Standard LaTeX file (size option)
)
\c@part=\count181
\c@chapter=\count182
\c@section=\count183
\c@subsection=\count184
\c@subsubsection=\count185
\c@paragraph=\count186
\c@subparagraph=\count187
\c@figure=\count188
\c@table=\count189
\abovecaptionskip=\skip47
\belowcaptionskip=\skip48
\bibindent=\dimen138
) (/Users/craig.starbuck/Library/TinyTeX/texmf-dist/tex/latex/lm/lmodern.sty
Package: lmodern 2015/05/01 v1.6.1 Latin Modern Fonts
LaTeX Font Info:    Overwriting symbol font `operators' in version `normal'
(Font)                  OT1/cmr/m/n --> OT1/lmr/m/n on input line 22.
LaTeX Font Info:    Overwriting symbol font `letters' in version `normal'
(Font)                  OML/cmm/m/it --> OML/lmm/m/it on input line 23.
LaTeX Font Info:    Overwriting symbol font `symbols' in version `normal'
(Font)                  OMS/cmsy/m/n --> OMS/lmsy/m/n on input line 24.
LaTeX Font Info:    Overwriting symbol font `largesymbols' in version `normal'
(Font)                  OMX/cmex/m/n --> OMX/lmex/m/n on input line 25.
LaTeX Font Info:    Overwriting symbol font `operators' in version `bold'
(Font)                  OT1/cmr/bx/n --> OT1/lmr/bx/n on input line 26.
LaTeX Font Info:    Overwriting symbol font `letters' in version `bold'
(Font)                  OML/cmm/b/it --> OML/lmm/b/it on input line 27.
LaTeX Font Info:    Overwriting symbol font `symbols' in version `bold'
(Font)                  OMS/cmsy/b/n --> OMS/lmsy/b/n on input line 28.
LaTeX Font Info:    Overwriting symbol font `largesymbols' in version `bold'
(Font)                  OMX/cmex/m/n --> OMX/lmex/m/n on input line 29.
LaTeX Font Info:    Overwriting math alphabet `\mathbf' in version `normal'
(Font)                  OT1/cmr/bx/n --> OT1/lmr/bx/n on input line 31.
LaTeX Font Info:    Overwriting math alphabet `\mathsf' in version `normal'
(Font)                  OT1/cmss/m/n --> OT1/lmss/m/n on input line 32.
LaTeX Font Info:    Overwriting math alphabet `\mathit' in version `normal'
(Font)                  OT1/cmr/m/it --> OT1/lmr/m/it on input line 33.
LaTeX Font Info:    Overwriting math alphabet `\mathtt' in version `normal'
(Font)                  OT1/cmtt/m/n --> OT1/lmtt/m/n on input line 34.
LaTeX Font Info:    Overwriting math alphabet `\mathbf' in version `bold'
(Font)                  OT1/cmr/bx/n --> OT1/lmr/bx/n on input line 35.
LaTeX Font Info:    Overwriting math alphabet `\mathsf' in version `bold'
(Font)                  OT1/cmss/bx/n --> OT1/lmss/bx/n on input line 36.
LaTeX Font Info:    Overwriting math alphabet `\mathit' in version `bold'
(Font)                  OT1/cmr/bx/it --> OT1/lmr/bx/it on input line 37.
LaTeX Font Info:    Overwriting math alphabet `\mathtt' in version `bold'
(Font)                  OT1/cmtt/m/n --> OT1/lmtt/m/n on input line 38.
) (/Users/craig.starbuck/Library/TinyTeX/texmf-dist/tex/latex/amsfonts/amssymb.sty
Package: amssymb 2013/01/14 v3.01 AMS font symbols
(/Users/craig.starbuck/Library/TinyTeX/texmf-dist/tex/latex/amsfonts/amsfonts.sty
Package: amsfonts 2013/01/14 v3.01 Basic AMSFonts support
\@emptytoks=\toks16
\symAMSa=\mathgroup4
\symAMSb=\mathgroup5
LaTeX Font Info:    Redeclaring math symbol \hbar on input line 98.
LaTeX Font Info:    Overwriting math alphabet `\mathfrak' in version `bold'
(Font)                  U/euf/m/n --> U/euf/b/n on input line 106.
)) (/Users/craig.starbuck/Library/TinyTeX/texmf-dist/tex/latex/amsmath/amsmath.sty
Package: amsmath 2021/10/15 v2.17l AMS math features
\@mathmargin=\skip49
For additional information on amsmath, use the `?' option.
(/Users/craig.starbuck/Library/TinyTeX/texmf-dist/tex/latex/amsmath/amstext.sty
Package: amstext 2021/08/26 v2.01 AMS text
(/Users/craig.starbuck/Library/TinyTeX/texmf-dist/tex/latex/amsmath/amsgen.sty
File: amsgen.sty 1999/11/30 v2.0 generic functions
\@emptytoks=\toks17
\ex@=\dimen139
)) (/Users/craig.starbuck/Library/TinyTeX/texmf-dist/tex/latex/amsmath/amsbsy.sty
Package: amsbsy 1999/11/29 v1.2d Bold Symbols
\pmbraise@=\dimen140
) (/Users/craig.starbuck/Library/TinyTeX/texmf-dist/tex/latex/amsmath/amsopn.sty
Package: amsopn 2021/08/26 v2.02 operator names
)
\inf@bad=\count190
LaTeX Info: Redefining \frac on input line 234.
\uproot@=\count191
\leftroot@=\count192
LaTeX Info: Redefining \overline on input line 399.
\classnum@=\count193
\DOTSCASE@=\count194
LaTeX Info: Redefining \ldots on input line 496.
LaTeX Info: Redefining \dots on input line 499.
LaTeX Info: Redefining \cdots on input line 620.
\Mathstrutbox@=\box50
\strutbox@=\box51
\big@size=\dimen141
LaTeX Font Info:    Redeclaring font encoding OML on input line 743.
LaTeX Font Info:    Redeclaring font encoding OMS on input line 744.
\macc@depth=\count195
\c@MaxMatrixCols=\count196
\dotsspace@=\muskip16
\c@parentequation=\count197
\dspbrk@lvl=\count198
\tag@help=\toks18
\row@=\count199
\column@=\count266
\maxfields@=\count267
\andhelp@=\toks19
\eqnshift@=\dimen142
\alignsep@=\dimen143
\tagshift@=\dimen144
\tagwidth@=\dimen145
\totwidth@=\dimen146
\lineht@=\dimen147
\@envbody=\toks20
\multlinegap=\skip50
\multlinetaggap=\skip51
\mathdisplay@stack=\toks21
LaTeX Info: Redefining \[ on input line 2938.
LaTeX Info: Redefining \] on input line 2939.
) (/Users/craig.starbuck/Library/TinyTeX/texmf-dist/tex/generic/iftex/ifxetex.sty
Package: ifxetex 2019/10/25 v0.7 ifxetex legacy package. Use iftex instead.
(/Users/craig.starbuck/Library/TinyTeX/texmf-dist/tex/generic/iftex/iftex.sty
Package: iftex 2022/02/03 v1.0f TeX engine tests
)) (/Users/craig.starbuck/Library/TinyTeX/texmf-dist/tex/generic/iftex/ifluatex.sty
Package: ifluatex 2019/10/25 v1.5 ifluatex legacy package. Use iftex instead.
) (/Users/craig.starbuck/Library/TinyTeX/texmf-dist/tex/latex/base/fixltx2e.sty
Package: fixltx2e 2016/12/29 v2.1a fixes to LaTeX (obsolete)
Applying: [2015/01/01] Old fixltx2e package on input line 46.

Package fixltx2e Warning: fixltx2e is not required with releases after 2015
(fixltx2e)                All fixes are now in the LaTeX kernel.
(fixltx2e)                See the latexrelease package for details.

Already applied: [0000/00/00] Old fixltx2e package on input line 53.
) (/Users/craig.starbuck/Library/TinyTeX/texmf-dist/tex/latex/unicode-math/unicode-math.sty (/Users/craig.starbuck/Library/TinyTeX/texmf-dist/tex/latex/l3kernel/expl3.sty
Package: expl3 2022-04-10 L3 programming layer (loader) 
(/Users/craig.starbuck/Library/TinyTeX/texmf-dist/tex/latex/l3backend/l3backend-xetex.def
File: l3backend-xetex.def 2022-04-14 L3 backend support: XeTeX
\l__color_backend_stack_int=\count268
\g__color_backend_stack_int=\count269
\g__graphics_track_int=\count270
\l__pdf_internal_box=\box52
\g__pdf_backend_object_int=\count271
\g__pdf_backend_annotation_int=\count272
\g__pdf_backend_link_int=\count273
))
Package: unicode-math 2020/01/31 v0.8q Unicode maths in XeLaTeX and LuaLaTeX
(/Users/craig.starbuck/Library/TinyTeX/texmf-dist/tex/latex/unicode-math/unicode-math-xetex.sty
Package: unicode-math-xetex 2020/01/31 v0.8q Unicode maths in XeLaTeX and LuaLaTeX
(/Users/craig.starbuck/Library/TinyTeX/texmf-dist/tex/latex/l3packages/xparse/xparse.sty
Package: xparse 2022-01-12 L3 Experimental document command parser
) (/Users/craig.starbuck/Library/TinyTeX/texmf-dist/tex/latex/l3packages/l3keys2e/l3keys2e.sty
Package: l3keys2e 2022-01-12 LaTeX2e option processing using LaTeX3 keys
) (/Users/craig.starbuck/Library/TinyTeX/texmf-dist/tex/latex/fontspec/fontspec.sty
Package: fontspec 2022/01/15 v2.8a Font selection for XeLaTeX and LuaLaTeX
(/Users/craig.starbuck/Library/TinyTeX/texmf-dist/tex/latex/fontspec/fontspec-xetex.sty
Package: fontspec-xetex 2022/01/15 v2.8a Font selection for XeLaTeX and LuaLaTeX
\l__fontspec_script_int=\count274
\l__fontspec_language_int=\count275
\l__fontspec_strnum_int=\count276
\l__fontspec_tmp_int=\count277
\l__fontspec_tmpa_int=\count278
\l__fontspec_tmpb_int=\count279
\l__fontspec_tmpc_int=\count280
\l__fontspec_em_int=\count281
\l__fontspec_emdef_int=\count282
\l__fontspec_strong_int=\count283
\l__fontspec_strongdef_int=\count284
\l__fontspec_tmpa_dim=\dimen148
\l__fontspec_tmpb_dim=\dimen149
\l__fontspec_tmpc_dim=\dimen150
(/Users/craig.starbuck/Library/TinyTeX/texmf-dist/tex/latex/base/fontenc.sty
Package: fontenc 2021/04/29 v2.0v Standard LaTeX package
) (/Users/craig.starbuck/Library/TinyTeX/texmf-dist/tex/latex/fontspec/fontspec.cfg))) (/Users/craig.starbuck/Library/TinyTeX/texmf-dist/tex/latex/base/fix-cm.sty
Package: fix-cm 2020/11/24 v1.1t fixes to LaTeX
(/Users/craig.starbuck/Library/TinyTeX/texmf-dist/tex/latex/base/ts1enc.def
File: ts1enc.def 2001/06/05 v3.0e (jk/car/fm) Standard LaTeX file
LaTeX Font Info:    Redeclaring font encoding TS1 on input line 47.
))
\g__um_fam_int=\count285
\g__um_fonts_used_int=\count286
\l__um_primecount_int=\count287
\g__um_primekern_muskip=\muskip17
(/Users/craig.starbuck/Library/TinyTeX/texmf-dist/tex/latex/unicode-math/unicode-math-table.tex))) (/Users/craig.starbuck/Library/TinyTeX/texmf-dist/tex/latex/hyperref/hyperref.sty
Package: hyperref 2022-02-21 v7.00n Hypertext links for LaTeX
(/Users/craig.starbuck/Library/TinyTeX/texmf-dist/tex/generic/ltxcmds/ltxcmds.sty
Package: ltxcmds 2020-05-10 v1.25 LaTeX kernel commands for general use (HO)
) (/Users/craig.starbuck/Library/TinyTeX/texmf-dist/tex/generic/pdftexcmds/pdftexcmds.sty
Package: pdftexcmds 2020-06-27 v0.33 Utility functions of pdfTeX for LuaTeX (HO)
(/Users/craig.starbuck/Library/TinyTeX/texmf-dist/tex/generic/infwarerr/infwarerr.sty
Package: infwarerr 2019/12/03 v1.5 Providing info/warning/error messages (HO)
)
Package pdftexcmds Info: \pdf@primitive is available.
Package pdftexcmds Info: \pdf@ifprimitive is available.
Package pdftexcmds Info: \pdfdraftmode not found.
) (/Users/craig.starbuck/Library/TinyTeX/texmf-dist/tex/latex/graphics/keyval.sty
Package: keyval 2014/10/28 v1.15 key=value parser (DPC)
\KV@toks@=\toks22
) (/Users/craig.starbuck/Library/TinyTeX/texmf-dist/tex/generic/kvsetkeys/kvsetkeys.sty
Package: kvsetkeys 2019/12/15 v1.18 Key value parser (HO)
) (/Users/craig.starbuck/Library/TinyTeX/texmf-dist/tex/generic/kvdefinekeys/kvdefinekeys.sty
Package: kvdefinekeys 2019-12-19 v1.6 Define keys (HO)
) (/Users/craig.starbuck/Library/TinyTeX/texmf-dist/tex/generic/pdfescape/pdfescape.sty
Package: pdfescape 2019/12/09 v1.15 Implements pdfTeX's escape features (HO)
) (/Users/craig.starbuck/Library/TinyTeX/texmf-dist/tex/latex/hycolor/hycolor.sty
Package: hycolor 2020-01-27 v1.10 Color options for hyperref/bookmark (HO)
) (/Users/craig.starbuck/Library/TinyTeX/texmf-dist/tex/latex/letltxmacro/letltxmacro.sty
Package: letltxmacro 2019/12/03 v1.6 Let assignment for LaTeX macros (HO)
) (/Users/craig.starbuck/Library/TinyTeX/texmf-dist/tex/latex/auxhook/auxhook.sty
Package: auxhook 2019-12-17 v1.6 Hooks for auxiliary files (HO)
) (/Users/craig.starbuck/Library/TinyTeX/texmf-dist/tex/latex/kvoptions/kvoptions.sty
Package: kvoptions 2020-10-07 v3.14 Key value format for package options (HO)
)
\@linkdim=\dimen151
\Hy@linkcounter=\count288
\Hy@pagecounter=\count289
(/Users/craig.starbuck/Library/TinyTeX/texmf-dist/tex/latex/hyperref/pd1enc.def
File: pd1enc.def 2022-02-21 v7.00n Hyperref: PDFDocEncoding definition (HO)
) (/Users/craig.starbuck/Library/TinyTeX/texmf-dist/tex/generic/intcalc/intcalc.sty
Package: intcalc 2019/12/15 v1.3 Expandable calculations with integers (HO)
) (/Users/craig.starbuck/Library/TinyTeX/texmf-dist/tex/generic/etexcmds/etexcmds.sty
Package: etexcmds 2019/12/15 v1.7 Avoid name clashes with e-TeX commands (HO)
)
\Hy@SavedSpaceFactor=\count290
(/Users/craig.starbuck/Library/TinyTeX/texmf-dist/tex/latex/hyperref/puenc.def
File: puenc.def 2022-02-21 v7.00n Hyperref: PDF Unicode definition (HO)
)
Package hyperref Info: Option `unicode' set `true' on input line 4018.
Package hyperref Info: Hyper figures OFF on input line 4137.
Package hyperref Info: Link nesting OFF on input line 4142.
Package hyperref Info: Hyper index ON on input line 4145.
Package hyperref Info: Plain pages OFF on input line 4152.
Package hyperref Info: Backreferencing OFF on input line 4157.
Package hyperref Info: Implicit mode ON; LaTeX internals redefined.
Package hyperref Info: Bookmarks ON on input line 4390.
\c@Hy@tempcnt=\count291
(/Users/craig.starbuck/Library/TinyTeX/texmf-dist/tex/latex/url/url.sty
\Urlmuskip=\muskip18
Package: url 2013/09/16  ver 3.4  Verb mode for urls, etc.
)
LaTeX Info: Redefining \url on input line 4749.
\XeTeXLinkMargin=\dimen152
(/Users/craig.starbuck/Library/TinyTeX/texmf-dist/tex/generic/bitset/bitset.sty
Package: bitset 2019/12/09 v1.3 Handle bit-vector datatype (HO)
(/Users/craig.starbuck/Library/TinyTeX/texmf-dist/tex/generic/bigintcalc/bigintcalc.sty
Package: bigintcalc 2019/12/15 v1.5 Expandable calculations on big integers (HO)
))
\Fld@menulength=\count292
\Field@Width=\dimen153
\Fld@charsize=\dimen154
Package hyperref Info: Hyper figures OFF on input line 6027.
Package hyperref Info: Link nesting OFF on input line 6032.
Package hyperref Info: Hyper index ON on input line 6035.
Package hyperref Info: backreferencing OFF on input line 6042.
Package hyperref Info: Link coloring OFF on input line 6047.
Package hyperref Info: Link coloring with OCG OFF on input line 6052.
Package hyperref Info: PDF/A mode OFF on input line 6057.
LaTeX Info: Redefining \ref on input line 6097.
LaTeX Info: Redefining \pageref on input line 6101.
(/Users/craig.starbuck/Library/TinyTeX/texmf-dist/tex/latex/base/atbegshi-ltx.sty
Package: atbegshi-ltx 2021/01/10 v1.0c Emulation of the original atbegshi
package with kernel methods
)
\Hy@abspage=\count293
\c@Item=\count294
\c@Hfootnote=\count295
)
Package hyperref Info: Driver (autodetected): hxetex.
(/Users/craig.starbuck/Library/TinyTeX/texmf-dist/tex/latex/hyperref/hxetex.def
File: hxetex.def 2022-02-21 v7.00n Hyperref driver for XeTeX
(/Users/craig.starbuck/Library/TinyTeX/texmf-dist/tex/generic/stringenc/stringenc.sty
Package: stringenc 2019/11/29 v1.12 Convert strings between diff. encodings (HO)
)
\pdfm@box=\box53
\c@Hy@AnnotLevel=\count296
\HyField@AnnotCount=\count297
\Fld@listcount=\count298
\c@bookmark@seq@number=\count299
(/Users/craig.starbuck/Library/TinyTeX/texmf-dist/tex/latex/rerunfilecheck/rerunfilecheck.sty
Package: rerunfilecheck 2019/12/05 v1.9 Rerun checks for auxiliary files (HO)
(/Users/craig.starbuck/Library/TinyTeX/texmf-dist/tex/latex/base/atveryend-ltx.sty
Package: atveryend-ltx 2020/08/19 v1.0a Emulation of the original atveryend package
with kernel methods
) (/Users/craig.starbuck/Library/TinyTeX/texmf-dist/tex/generic/uniquecounter/uniquecounter.sty
Package: uniquecounter 2019/12/15 v1.4 Provide unlimited unique counter (HO)
)
Package uniquecounter Info: New unique counter `rerunfilecheck' on input line 286.
)
\Hy@SectionHShift=\skip52
)
Package hyperref Info: Option `breaklinks' set `true' on input line 35.
(/Users/craig.starbuck/Library/TinyTeX/texmf-dist/tex/latex/graphics/color.sty
Package: color 2021/12/07 v1.3c Standard LaTeX Color (DPC)
(/Users/craig.starbuck/Library/TinyTeX/texmf-dist/tex/latex/graphics-cfg/color.cfg
File: color.cfg 2016/01/02 v1.6 sample color configuration
)
Package color Info: Driver file: xetex.def on input line 149.
(/Users/craig.starbuck/Library/TinyTeX/texmf-dist/tex/latex/graphics-def/xetex.def
File: xetex.def 2022/04/16 v5.0m Graphics/color driver for xetex
)) (/Users/craig.starbuck/Library/TinyTeX/texmf-dist/tex/latex/fancyvrb/fancyvrb.sty
Package: fancyvrb 2022/04/12 4.2 verbatim text (tvz,hv)
\FV@CodeLineNo=\count300
\FV@InFile=\read2
\FV@TabBox=\box54
\c@FancyVerbLine=\count301
\FV@StepNumber=\count302
\FV@OutFile=\write3
) (/Users/craig.starbuck/Library/TinyTeX/texmf-dist/tex/latex/framed/framed.sty
Package: framed 2011/10/22 v 0.96: framed or shaded text with page breaks
\OuterFrameSep=\skip53
\fb@frw=\dimen155
\fb@frh=\dimen156
\FrameRule=\dimen157
\FrameSep=\dimen158
) (/Users/craig.starbuck/Library/TinyTeX/texmf-dist/tex/latex/tools/longtable.sty
Package: longtable 2021-09-01 v4.17 Multi-page Table package (DPC)
\LTleft=\skip54
\LTright=\skip55
\LTpre=\skip56
\LTpost=\skip57
\LTchunksize=\count303
\LTcapwidth=\dimen159
\LT@head=\box55
\LT@firsthead=\box56
\LT@foot=\box57
\LT@lastfoot=\box58
\LT@gbox=\box59
\LT@cols=\count304
\LT@rows=\count305
\c@LT@tables=\count306
\c@LT@chunks=\count307
\LT@p@ftn=\toks23
) (/Users/craig.starbuck/Library/TinyTeX/texmf-dist/tex/latex/booktabs/booktabs.sty
Package: booktabs 2020/01/12 v1.61803398 Publication quality tables
\heavyrulewidth=\dimen160
\lightrulewidth=\dimen161
\cmidrulewidth=\dimen162
\belowrulesep=\dimen163
\belowbottomsep=\dimen164
\aboverulesep=\dimen165
\abovetopsep=\dimen166
\cmidrulesep=\dimen167
\cmidrulekern=\dimen168
\defaultaddspace=\dimen169
\@cmidla=\count308
\@cmidlb=\count309
\@aboverulesep=\dimen170
\@belowrulesep=\dimen171
\@thisruleclass=\count310
\@lastruleclass=\count311
\@thisrulewidth=\dimen172
) (/Users/craig.starbuck/Library/TinyTeX/texmf-dist/tex/latex/mdwtools/footnote.sty
Package: footnote 1997/01/28 1.13 Save footnotes around boxes
\fn@notes=\box60
\fn@width=\dimen173
) (/Users/craig.starbuck/Library/TinyTeX/texmf-dist/tex/latex/graphics/graphicx.sty
Package: graphicx 2021/09/16 v1.2d Enhanced LaTeX Graphics (DPC,SPQR)
(/Users/craig.starbuck/Library/TinyTeX/texmf-dist/tex/latex/graphics/graphics.sty
Package: graphics 2021/03/04 v1.4d Standard LaTeX Graphics (DPC,SPQR)
(/Users/craig.starbuck/Library/TinyTeX/texmf-dist/tex/latex/graphics/trig.sty
Package: trig 2021/08/11 v1.11 sin cos tan (DPC)
) (/Users/craig.starbuck/Library/TinyTeX/texmf-dist/tex/latex/graphics-cfg/graphics.cfg
File: graphics.cfg 2016/06/04 v1.11 sample graphics configuration
)
Package graphics Info: Driver file: xetex.def on input line 107.
)
\Gin@req@height=\dimen174
\Gin@req@width=\dimen175
) (/Users/craig.starbuck/Library/TinyTeX/texmf-dist/tex/latex/grffile/grffile.sty
Package: grffile 2019/11/11 v2.1 Extended file name support for graphics (legacy)
Package grffile Info: This package is an empty stub for compatibility on input line 40.
) (/Users/craig.starbuck/Library/TinyTeX/texmf-dist/tex/latex/etoolbox/etoolbox.sty
Package: etoolbox 2020/10/05 v2.5k e-TeX tools for LaTeX (JAW)
\etb@tempcnta=\count312
) (/Users/craig.starbuck/Library/TinyTeX/texmf-dist/tex/latex/multirow/multirow.sty
Package: multirow 2021/03/15 v2.8 Span multiple rows of a table
\multirow@colwidth=\skip58
\multirow@cntb=\count313
\multirow@dima=\skip59
\bigstrutjot=\dimen176
) (/Users/craig.starbuck/Library/TinyTeX/texmf-dist/tex/latex/tools/multicol.sty
Package: multicol 2021/10/28 v1.9b multicolumn formatting (FMi)
\c@tracingmulticols=\count314
\mult@box=\box61
\multicol@leftmargin=\dimen177
\c@unbalance=\count315
\c@collectmore=\count316
\doublecol@number=\count317
\multicoltolerance=\count318
\multicolpretolerance=\count319
\full@width=\dimen178
\page@free=\dimen179
\premulticols=\dimen180
\postmulticols=\dimen181
\multicolsep=\skip60
\multicolbaselineskip=\skip61
\partial@page=\box62
\last@line=\box63
\maxbalancingoverflow=\dimen182
\mult@rightbox=\box64
\mult@grightbox=\box65
\mult@firstbox=\box66
\mult@gfirstbox=\box67
\@tempa=\box68
\@tempa=\box69
\@tempa=\box70
\@tempa=\box71
\@tempa=\box72
\@tempa=\box73
\@tempa=\box74
\@tempa=\box75
\@tempa=\box76
\@tempa=\box77
\@tempa=\box78
\@tempa=\box79
\@tempa=\box80
\@tempa=\box81
\@tempa=\box82
\@tempa=\box83
\@tempa=\box84
\@tempa=\box85
\@tempa=\box86
\@tempa=\box87
\@tempa=\box88
\@tempa=\box89
\@tempa=\box90
\@tempa=\box91
\@tempa=\box92
\@tempa=\box93
\@tempa=\box94
\@tempa=\box95
\@tempa=\box96
\@tempa=\box97
\@tempa=\box98
\@tempa=\box99
\@tempa=\box100
\@tempa=\box101
\@tempa=\box102
\@tempa=\box103
\c@minrows=\count320
\c@columnbadness=\count321
\c@finalcolumnbadness=\count322
\last@try=\dimen183
\multicolovershoot=\dimen184
\multicolundershoot=\dimen185
\mult@nat@firstbox=\box104
\colbreak@box=\box105
\mc@col@check@num=\count323
) (/Users/craig.starbuck/Library/TinyTeX/texmf-dist/tex/latex/colortbl/colortbl.sty
Package: colortbl 2020/01/04 v1.0e Color table columns (DPC)
(/Users/craig.starbuck/Library/TinyTeX/texmf-dist/tex/latex/tools/array.sty
Package: array 2021/10/04 v2.5f Tabular extension package (FMi)
\col@sep=\dimen186
\ar@mcellbox=\box106
\extrarowheight=\dimen187
\NC@list=\toks24
\extratabsurround=\skip62
\backup@length=\skip63
\ar@cellbox=\box107
)
\everycr=\toks25
\minrowclearance=\skip64
) (/Users/craig.starbuck/Library/TinyTeX/texmf-dist/tex/latex/tools/hhline.sty
Package: hhline 2020/01/04 v2.04 Table rule package (DPC)
) (/Users/craig.starbuck/Library/TinyTeX/texmf-dist/tex/latex/natbib/natbib.sty
Package: natbib 2010/09/13 8.31b (PWD, AO)
\bibhang=\skip65
\bibsep=\skip66
LaTeX Info: Redefining \cite on input line 694.
\c@NAT@ctr=\count324
)
No file The_People_Analytics_Companion.aux.
\openout1 = `The_People_Analytics_Companion.aux'.

LaTeX Font Info:    Checking defaults for OML/cmm/m/it on input line 132.
LaTeX Font Info:    ... okay on input line 132.
LaTeX Font Info:    Checking defaults for OMS/cmsy/m/n on input line 132.
LaTeX Font Info:    ... okay on input line 132.
LaTeX Font Info:    Checking defaults for OT1/cmr/m/n on input line 132.
LaTeX Font Info:    ... okay on input line 132.
LaTeX Font Info:    Checking defaults for T1/cmr/m/n on input line 132.
LaTeX Font Info:    ... okay on input line 132.
LaTeX Font Info:    Checking defaults for TS1/cmr/m/n on input line 132.
LaTeX Font Info:    ... okay on input line 132.
LaTeX Font Info:    Checking defaults for TU/lmr/m/n on input line 132.
LaTeX Font Info:    ... okay on input line 132.
LaTeX Font Info:    Checking defaults for OMX/cmex/m/n on input line 132.
LaTeX Font Info:    ... okay on input line 132.
LaTeX Font Info:    Checking defaults for U/cmr/m/n on input line 132.
LaTeX Font Info:    ... okay on input line 132.
LaTeX Font Info:    Checking defaults for PD1/pdf/m/n on input line 132.
LaTeX Font Info:    ... okay on input line 132.
LaTeX Font Info:    Checking defaults for PU/pdf/m/n on input line 132.
LaTeX Font Info:    ... okay on input line 132.
LaTeX Font Info:    Overwriting math alphabet `\mathrm' in version `normal'
(Font)                  OT1/lmr/m/n --> TU/lmr/m/n on input line 132.
LaTeX Font Info:    Overwriting math alphabet `\mathit' in version `normal'
(Font)                  OT1/lmr/m/it --> TU/lmr/m/it on input line 132.
LaTeX Font Info:    Overwriting math alphabet `\mathbf' in version `normal'
(Font)                  OT1/lmr/bx/n --> TU/lmr/bx/n on input line 132.
LaTeX Font Info:    Overwriting math alphabet `\mathsf' in version `normal'
(Font)                  OT1/lmss/m/n --> TU/lmss/m/n on input line 132.
LaTeX Font Info:    Overwriting math alphabet `\mathsf' in version `bold'
(Font)                  OT1/lmss/bx/n --> TU/lmss/bx/n on input line 132.
LaTeX Font Info:    Overwriting math alphabet `\mathtt' in version `normal'
(Font)                  OT1/lmtt/m/n --> TU/lmtt/m/n on input line 132.
LaTeX Font Info:    Overwriting math alphabet `\mathtt' in version `bold'
(Font)                  OT1/lmtt/m/n --> TU/lmtt/bx/n on input line 132.

Package fontspec Info: latinmodern-math scale = 0.9999964596882403.


Package fontspec Info: latinmodern-math scale = 0.9999964596882403.


Package fontspec Info: latinmodern-math scale = 0.9999964596882403.


Package fontspec Info: Font family 'latinmodern-math.otf(0)' created for font
(fontspec)             'latinmodern-math.otf' with options
(fontspec)             [Ligatures=TeX,Scale=MatchLowercase,BoldItalicFont={},ItalicFont={},SmallCapsFont={},Script=Math,BoldFont={latinmodern-math.otf}].
(fontspec)              
(fontspec)              This font family consists of the following NFSS
(fontspec)             series/shapes:
(fontspec)              
(fontspec)             - 'normal' (m/n) with NFSS spec.:
(fontspec)             <->s*[0.9999964596882403]"[latinmodern-math.otf]/OT:script=math;language=dflt;mapping=tex-text;"
(fontspec)             - 'small caps'  (m/sc) with NFSS spec.: 
(fontspec)             - 'bold' (b/n) with NFSS spec.:
(fontspec)             <->s*[0.9999964596882403]"[latinmodern-math.otf]/OT:script=math;language=dflt;mapping=tex-text;"
(fontspec)             - 'bold small caps'  (b/sc) with NFSS spec.: 

LaTeX Font Info:    Font shape `TU/latinmodern-math.otf(0)/m/n' will be
(Font)              scaled to size 10.0pt on input line 132.

Package fontspec Info: latinmodern-math scale = 0.9999964596882403.


Package fontspec Info: latinmodern-math scale = 0.9999964596882403.


Package fontspec Info: latinmodern-math scale = 0.9999964596882403.


Package fontspec Info: latinmodern-math scale = 0.9999964596882403.


Package fontspec Info: latinmodern-math scale = 0.9999964596882403.


Package fontspec Info: Font family 'latinmodern-math.otf(1)' created for font
(fontspec)             'latinmodern-math.otf' with options
(fontspec)             [Ligatures=TeX,Scale=MatchLowercase,BoldItalicFont={},ItalicFont={},SmallCapsFont={},Script=Math,SizeFeatures={{Size=8.5-},{Size=6-8.5,Font=latinmodern-math.otf,Style=MathScript},{Size=-6,Font=latinmodern-math.otf,Style=MathScriptScript}},BoldFont={latinmodern-math.otf}].
(fontspec)              
(fontspec)              This font family consists of the following NFSS
(fontspec)             series/shapes:
(fontspec)              
(fontspec)             - 'normal' (m/n) with NFSS spec.:
(fontspec)             <8.5->s*[0.9999964596882403]"[latinmodern-math.otf]/OT:script=math;language=dflt;mapping=tex-text;"<6-8.5>s*[0.9999964596882403]"[latinmodern-math.otf]/OT:script=math;language=dflt;+ssty=0;mapping=tex-text;"<-6>s*[0.9999964596882403]"[latinmodern-math.otf]/OT:script=math;language=dflt;+ssty=1;mapping=tex-text;"
(fontspec)             - 'small caps'  (m/sc) with NFSS spec.: 
(fontspec)             - 'bold' (b/n) with NFSS spec.:
(fontspec)             <->s*[0.9999964596882403]"[latinmodern-math.otf]/OT:script=math;language=dflt;mapping=tex-text;"
(fontspec)             - 'bold small caps'  (b/sc) with NFSS spec.: 

LaTeX Font Info:    Font shape `TU/latinmodern-math.otf(1)/m/n' will be
(Font)              scaled to size 10.0pt on input line 132.
LaTeX Font Info:    Encoding `OT1' has changed to `TU' for symbol font
(Font)              `operators' in the math version `normal' on input line 132.
LaTeX Font Info:    Overwriting symbol font `operators' in version `normal'
(Font)                  OT1/lmr/m/n --> TU/latinmodern-math.otf(1)/m/n on input line 132.
LaTeX Font Info:    Encoding `OT1' has changed to `TU' for symbol font
(Font)              `operators' in the math version `bold' on input line 132.
LaTeX Font Info:    Overwriting symbol font `operators' in version `bold'
(Font)                  OT1/lmr/bx/n --> TU/latinmodern-math.otf(1)/b/n on input line 132.

Package fontspec Info: latinmodern-math scale = 0.9999964596882403.


Package fontspec Info: latinmodern-math scale = 1.000096459334209.


Package fontspec Info: latinmodern-math scale = 0.9999964596882403.


Package fontspec Info: latinmodern-math scale = 1.000096459334209.


Package fontspec Info: latinmodern-math scale = 0.9999964596882403.


Package fontspec Info: latinmodern-math scale = 1.000096459334209.


Package fontspec Info: latinmodern-math scale = 0.9999964596882403.


Package fontspec Info: latinmodern-math scale = 1.000096459334209.


Package fontspec Info: latinmodern-math scale = 0.9999964596882403.


Package fontspec Info: latinmodern-math scale = 1.000096459334209.


Package fontspec Info: Font family 'latinmodern-math.otf(2)' created for font
(fontspec)             'latinmodern-math.otf' with options
(fontspec)             [Ligatures=TeX,Scale=MatchLowercase,BoldItalicFont={},ItalicFont={},SmallCapsFont={},Script=Math,SizeFeatures={{Size=8.5-},{Size=6-8.5,Font=latinmodern-math.otf,Style=MathScript},{Size=-6,Font=latinmodern-math.otf,Style=MathScriptScript}},BoldFont={latinmodern-math.otf},ScaleAgain=1.0001,FontAdjustment={\fontdimen
(fontspec)             8\font =6.77pt\relax \fontdimen 9\font =3.94pt\relax
(fontspec)             \fontdimen 10\font =4.44pt\relax \fontdimen 11\font
(fontspec)             =6.86pt\relax \fontdimen 12\font =3.45pt\relax
(fontspec)             \fontdimen 13\font =3.63pt\relax \fontdimen 14\font
(fontspec)             =3.63pt\relax \fontdimen 15\font =2.89pt\relax
(fontspec)             \fontdimen 16\font =2.47pt\relax \fontdimen 17\font
(fontspec)             =2.47pt\relax \fontdimen 18\font =2.5pt\relax
(fontspec)             \fontdimen 19\font =2.0pt\relax \fontdimen 22\font
(fontspec)             =2.5pt\relax \fontdimen 20\font =0pt\relax \fontdimen
(fontspec)             21\font =0pt\relax }].
(fontspec)              
(fontspec)              This font family consists of the following NFSS
(fontspec)             series/shapes:
(fontspec)              
(fontspec)             - 'normal' (m/n) with NFSS spec.:
(fontspec)             <8.5->s*[1.000096459334209]"[latinmodern-math.otf]/OT:script=math;language=dflt;mapping=tex-text;"<6-8.5>s*[1.000096459334209]"[latinmodern-math.otf]/OT:script=math;language=dflt;+ssty=0;mapping=tex-text;"<-6>s*[1.000096459334209]"[latinmodern-math.otf]/OT:script=math;language=dflt;+ssty=1;mapping=tex-text;"
(fontspec)             - 'small caps'  (m/sc) with NFSS spec.: 
(fontspec)             and font adjustment code:
(fontspec)             \fontdimen 8\font =6.77pt\relax \fontdimen 9\font
(fontspec)             =3.94pt\relax \fontdimen 10\font =4.44pt\relax
(fontspec)             \fontdimen 11\font =6.86pt\relax \fontdimen 12\font
(fontspec)             =3.45pt\relax \fontdimen 13\font =3.63pt\relax
(fontspec)             \fontdimen 14\font =3.63pt\relax \fontdimen 15\font
(fontspec)             =2.89pt\relax \fontdimen 16\font =2.47pt\relax
(fontspec)             \fontdimen 17\font =2.47pt\relax \fontdimen 18\font
(fontspec)             =2.5pt\relax \fontdimen 19\font =2.0pt\relax \fontdimen
(fontspec)             22\font =2.5pt\relax \fontdimen 20\font =0pt\relax
(fontspec)             \fontdimen 21\font =0pt\relax 
(fontspec)             - 'bold' (b/n) with NFSS spec.:
(fontspec)             <->s*[1.000096459334209]"[latinmodern-math.otf]/OT:script=math;language=dflt;mapping=tex-text;"
(fontspec)             - 'bold small caps'  (b/sc) with NFSS spec.: 
(fontspec)             and font adjustment code:
(fontspec)             \fontdimen 8\font =6.77pt\relax \fontdimen 9\font
(fontspec)             =3.94pt\relax \fontdimen 10\font =4.44pt\relax
(fontspec)             \fontdimen 11\font =6.86pt\relax \fontdimen 12\font
(fontspec)             =3.45pt\relax \fontdimen 13\font =3.63pt\relax
(fontspec)             \fontdimen 14\font =3.63pt\relax \fontdimen 15\font
(fontspec)             =2.89pt\relax \fontdimen 16\font =2.47pt\relax
(fontspec)             \fontdimen 17\font =2.47pt\relax \fontdimen 18\font
(fontspec)             =2.5pt\relax \fontdimen 19\font =2.0pt\relax \fontdimen
(fontspec)             22\font =2.5pt\relax \fontdimen 20\font =0pt\relax
(fontspec)             \fontdimen 21\font =0pt\relax 

LaTeX Font Info:    Encoding `OMS' has changed to `TU' for symbol font
(Font)              `symbols' in the math version `normal' on input line 132.
LaTeX Font Info:    Overwriting symbol font `symbols' in version `normal'
(Font)                  OMS/lmsy/m/n --> TU/latinmodern-math.otf(2)/m/n on input line 132.
LaTeX Font Info:    Encoding `OMS' has changed to `TU' for symbol font
(Font)              `symbols' in the math version `bold' on input line 132.
LaTeX Font Info:    Overwriting symbol font `symbols' in version `bold'
(Font)                  OMS/lmsy/b/n --> TU/latinmodern-math.otf(2)/b/n on input line 132.

Package fontspec Info: latinmodern-math scale = 0.9999964596882403.


Package fontspec Info: latinmodern-math scale = 0.9998964600422715.


Package fontspec Info: latinmodern-math scale = 0.9999964596882403.


Package fontspec Info: latinmodern-math scale = 0.9998964600422715.


Package fontspec Info: latinmodern-math scale = 0.9999964596882403.


Package fontspec Info: latinmodern-math scale = 0.9998964600422715.


Package fontspec Info: latinmodern-math scale = 0.9999964596882403.


Package fontspec Info: latinmodern-math scale = 0.9998964600422715.


Package fontspec Info: latinmodern-math scale = 0.9999964596882403.


Package fontspec Info: latinmodern-math scale = 0.9998964600422715.


Package fontspec Info: Font family 'latinmodern-math.otf(3)' created for font
(fontspec)             'latinmodern-math.otf' with options
(fontspec)             [Ligatures=TeX,Scale=MatchLowercase,BoldItalicFont={},ItalicFont={},SmallCapsFont={},Script=Math,SizeFeatures={{Size=8.5-},{Size=6-8.5,Font=latinmodern-math.otf,Style=MathScript},{Size=-6,Font=latinmodern-math.otf,Style=MathScriptScript}},BoldFont={latinmodern-math.otf},ScaleAgain=0.9999,FontAdjustment={\fontdimen
(fontspec)             8\font =0.4pt\relax \fontdimen 9\font =2.0pt\relax
(fontspec)             \fontdimen 10\font =1.67pt\relax \fontdimen 11\font
(fontspec)             =1.11pt\relax \fontdimen 12\font =6.0pt\relax
(fontspec)             \fontdimen 13\font =0pt\relax }].
(fontspec)              
(fontspec)              This font family consists of the following NFSS
(fontspec)             series/shapes:
(fontspec)              
(fontspec)             - 'normal' (m/n) with NFSS spec.:
(fontspec)             <8.5->s*[0.9998964600422715]"[latinmodern-math.otf]/OT:script=math;language=dflt;mapping=tex-text;"<6-8.5>s*[0.9998964600422715]"[latinmodern-math.otf]/OT:script=math;language=dflt;+ssty=0;mapping=tex-text;"<-6>s*[0.9998964600422715]"[latinmodern-math.otf]/OT:script=math;language=dflt;+ssty=1;mapping=tex-text;"
(fontspec)             - 'small caps'  (m/sc) with NFSS spec.: 
(fontspec)             and font adjustment code:
(fontspec)             \fontdimen 8\font =0.4pt\relax \fontdimen 9\font
(fontspec)             =2.0pt\relax \fontdimen 10\font =1.67pt\relax
(fontspec)             \fontdimen 11\font =1.11pt\relax \fontdimen 12\font
(fontspec)             =6.0pt\relax \fontdimen 13\font =0pt\relax 
(fontspec)             - 'bold' (b/n) with NFSS spec.:
(fontspec)             <->s*[0.9998964600422715]"[latinmodern-math.otf]/OT:script=math;language=dflt;mapping=tex-text;"
(fontspec)             - 'bold small caps'  (b/sc) with NFSS spec.: 
(fontspec)             and font adjustment code:
(fontspec)             \fontdimen 8\font =0.4pt\relax \fontdimen 9\font
(fontspec)             =2.0pt\relax \fontdimen 10\font =1.67pt\relax
(fontspec)             \fontdimen 11\font =1.11pt\relax \fontdimen 12\font
(fontspec)             =6.0pt\relax \fontdimen 13\font =0pt\relax 

LaTeX Font Info:    Encoding `OMX' has changed to `TU' for symbol font
(Font)              `largesymbols' in the math version `normal' on input line 132.
LaTeX Font Info:    Overwriting symbol font `largesymbols' in version `normal'
(Font)                  OMX/lmex/m/n --> TU/latinmodern-math.otf(3)/m/n on input line 132.
LaTeX Font Info:    Encoding `OMX' has changed to `TU' for symbol font
(Font)              `largesymbols' in the math version `bold' on input line 132.
LaTeX Font Info:    Overwriting symbol font `largesymbols' in version `bold'
(Font)                  OMX/lmex/m/n --> TU/latinmodern-math.otf(3)/b/n on input line 132.
Package hyperref Info: Link coloring OFF on input line 132.
(/Users/craig.starbuck/Library/TinyTeX/texmf-dist/tex/latex/hyperref/nameref.sty
Package: nameref 2021-04-02 v2.47 Cross-referencing by name of section
(/Users/craig.starbuck/Library/TinyTeX/texmf-dist/tex/latex/refcount/refcount.sty
Package: refcount 2019/12/15 v3.6 Data extraction from label references (HO)
) (/Users/craig.starbuck/Library/TinyTeX/texmf-dist/tex/generic/gettitlestring/gettitlestring.sty
Package: gettitlestring 2019/12/15 v1.6 Cleanup title references (HO)
)
\c@section@level=\count325
)
LaTeX Info: Redefining \ref on input line 132.
LaTeX Info: Redefining \pageref on input line 132.
LaTeX Info: Redefining \nameref on input line 132.
\@outlinefile=\write4
\openout4 = `The_People_Analytics_Companion.out'.


Package hyperref Warning: Rerun to get /PageLabels entry.

LaTeX Font Info:    Font shape `TU/latinmodern-math.otf(1)/m/n' will be
(Font)              scaled to size 12.0pt on input line 134.
LaTeX Font Info:    Font shape `TU/latinmodern-math.otf(1)/m/n' will be
(Font)              scaled to size 8.0pt on input line 134.
LaTeX Font Info:    Font shape `TU/latinmodern-math.otf(1)/m/n' will be
(Font)              scaled to size 6.0pt on input line 134.
LaTeX Font Info:    Trying to load font information for OML+lmm on input line 134.
(/Users/craig.starbuck/Library/TinyTeX/texmf-dist/tex/latex/lm/omllmm.fd
File: omllmm.fd 2015/05/01 v1.6.1 Font defs for Latin Modern
)
LaTeX Font Info:    Font shape `TU/latinmodern-math.otf(2)/m/n' will be
(Font)              scaled to size 12.0011pt on input line 134.
LaTeX Font Info:    Font shape `TU/latinmodern-math.otf(2)/m/n' will be
(Font)              scaled to size 8.00073pt on input line 134.
LaTeX Font Info:    Font shape `TU/latinmodern-math.otf(2)/m/n' will be
(Font)              scaled to size 6.00055pt on input line 134.
LaTeX Font Info:    Font shape `TU/latinmodern-math.otf(3)/m/n' will be
(Font)              scaled to size 11.99872pt on input line 134.
LaTeX Font Info:    Font shape `TU/latinmodern-math.otf(3)/m/n' will be
(Font)              scaled to size 7.99915pt on input line 134.
LaTeX Font Info:    Font shape `TU/latinmodern-math.otf(3)/m/n' will be
(Font)              scaled to size 5.99936pt on input line 134.
LaTeX Font Info:    Trying to load font information for U+msa on input line 134.
(/Users/craig.starbuck/Library/TinyTeX/texmf-dist/tex/latex/amsfonts/umsa.fd
File: umsa.fd 2013/01/14 v3.01 AMS symbols A
)
LaTeX Font Info:    Trying to load font information for U+msb on input line 134.
(/Users/craig.starbuck/Library/TinyTeX/texmf-dist/tex/latex/amsfonts/umsb.fd
File: umsb.fd 2013/01/14 v3.01 AMS symbols B
) [1


] [2

]
\tf@toc=\write5
\openout5 = `The_People_Analytics_Companion.toc'.

[3] [4

] [5] [6

] [7] [8] [9

] [10

]
Chapter 1.
[11] [12] [13] [14] [15]
File: /Users/craig.starbuck/Library/Mobile Documents/com~apple~CloudDocs/Documents/People Analytics Book/GitHub/peopleanalytics_lifecycle_book/graphics/scientific_method.png Graphic file (type bmp)
</Users/craig.starbuck/Library/Mobile Documents/com~apple~CloudDocs/Documents/People Analytics Book/GitHub/peopleanalytics_lifecycle_book/graphics/scientific_method.png>

LaTeX Warning: Reference `fig:sci-method' on page 16 undefined on input line 341.

File: /Users/craig.starbuck/Library/Mobile Documents/com~apple~CloudDocs/Documents/People Analytics Book/GitHub/peopleanalytics_lifecycle_book/graphics/4d_framework_overview.png Graphic file (type bmp)
</Users/craig.starbuck/Library/Mobile Documents/com~apple~CloudDocs/Documents/People Analytics Book/GitHub/peopleanalytics_lifecycle_book/graphics/4d_framework_overview.png>
[16] [17] [18] [19] [20] [21] [22] [23] [24

]
Chapter 2.
LaTeX Font Info:    Font shape `TU/latinmodern-math.otf(1)/m/n' will be
(Font)              scaled to size 7.0pt on input line 572.
LaTeX Font Info:    Font shape `TU/latinmodern-math.otf(1)/m/n' will be
(Font)              scaled to size 5.0pt on input line 572.
LaTeX Font Info:    Font shape `TU/latinmodern-math.otf(2)/m/n' will be
(Font)              scaled to size 10.00092pt on input line 572.
LaTeX Font Info:    Font shape `TU/latinmodern-math.otf(2)/m/n' will be
(Font)              scaled to size 7.00064pt on input line 572.
LaTeX Font Info:    Font shape `TU/latinmodern-math.otf(2)/m/n' will be
(Font)              scaled to size 5.00046pt on input line 572.
LaTeX Font Info:    Font shape `TU/latinmodern-math.otf(3)/m/n' will be
(Font)              scaled to size 9.99893pt on input line 572.
LaTeX Font Info:    Font shape `TU/latinmodern-math.otf(3)/m/n' will be
(Font)              scaled to size 6.99925pt on input line 572.
LaTeX Font Info:    Font shape `TU/latinmodern-math.otf(3)/m/n' will be
(Font)              scaled to size 4.99947pt on input line 572.
[25]
LaTeX Font Info:    Font shape `TU/lmtt/bx/n' in size <10> not available
(Font)              Font shape `TU/lmtt/b/n' tried instead on input line 588.

Overfull \hbox (48.75pt too wide) in paragraph at lines 602--602
[]\TU/lmtt/m/n/10 ##   There are binary versions available but the source versions are later:[] 
 []


Overfull \hbox (96.0pt too wide) in paragraph at lines 602--602
[]\TU/lmtt/m/n/10 ##  /var/folders/b1/0nnhbsx55hvfb1b3n83x0qrw0000gn/T//Rtmp9HpffM/downloaded_packages[] 
 []

File: /Users/craig.starbuck/Library/Mobile Documents/com~apple~CloudDocs/Documents/People Analytics Book/GitHub/peopleanalytics_lifecycle_book/graphics/r_help.png Graphic file (type bmp)
</Users/craig.starbuck/Library/Mobile Documents/com~apple~CloudDocs/Documents/People Analytics Book/GitHub/peopleanalytics_lifecycle_book/graphics/r_help.png>
[26] [27] [28]
Overfull \hbox (33.0pt too wide) in paragraph at lines 786--786
[]\TU/lmtt/m/n/10 ##  [1] "2021-01-01" "2021-02-01" "2021-03-01" "2021-04-01" "2021-05-01"[] 
 []


Overfull \hbox (33.0pt too wide) in paragraph at lines 786--786
[]\TU/lmtt/m/n/10 ##  [6] "2021-06-01" "2021-07-01" "2021-08-01" "2021-09-01" "2021-10-01"[] 
 []

[29] [30]
Overfull \hbox (69.75pt too wide) in paragraph at lines 909--909
[]\TU/lmtt/m/n/10 ##  [1] 1.000000 1.414214 1.732051 2.000000 2.236068 2.449490 2.645751 2.828427[] 
 []


Overfull \hbox (59.25pt too wide) in paragraph at lines 921--921
[]\TU/lmtt/m/n/10 ##  [1] 0.0000000 0.6931472 1.0986123 1.3862944 1.6094379 1.7917595 1.9459101[] 
 []


Overfull \hbox (33.0pt too wide) in paragraph at lines 933--933
[]\TU/lmtt/m/n/10 ##  [1]     2.718282     7.389056    20.085537    54.598150   148.413159[] 
 []


Overfull \hbox (33.0pt too wide) in paragraph at lines 933--933
[]\TU/lmtt/m/n/10 ##  [6]   403.428793  1096.633158  2980.957987  8103.083928 22026.465795[] 
 []

[31]
Overfull \hbox (6.75pt too wide) in paragraph at lines 965--965
[]\TU/lmtt/m/n/10 ##  [1]  TRUE  TRUE  TRUE  TRUE  TRUE FALSE FALSE FALSE FALSE FALSE[] 
 []

[32] [33] [34] [35] [36]
Overfull \hbox (33.0pt too wide) in paragraph at lines 1267--1267
[]\TU/lmtt/m/n/10 ##  [1] "2021-01-01" "2021-02-01" "2021-03-01" "2021-04-01" "2021-05-01"[] 
 []


Overfull \hbox (33.0pt too wide) in paragraph at lines 1267--1267
[]\TU/lmtt/m/n/10 ##  [6] "2021-06-01" "2021-07-01" "2021-08-01" "2021-09-01" "2021-10-01"[] 
 []

[37] [38] [39]
File: The_People_Analytics_Companion_files/figure-latex/unnamed-chunk-51-1.pdf Graphic file (type pdf)
<use The_People_Analytics_Companion_files/figure-latex/unnamed-chunk-51-1.pdf>
File: The_People_Analytics_Companion_files/figure-latex/unnamed-chunk-52-1.pdf Graphic file (type pdf)
<use The_People_Analytics_Companion_files/figure-latex/unnamed-chunk-52-1.pdf>

Underfull \vbox (badness 10000) has occurred while \output is active []

[40] [41] [42

]
Chapter 3.
[43]

LaTeX Warning: Reference `lm' on page 44 undefined on input line 1466.

[44]

LaTeX Warning: Reference `lm' on page 45 undefined on input line 1475.


LaTeX Warning: Reference `lm' on page 45 undefined on input line 1486.


LaTeX Warning: Reference `fig:concept-mdl' on page 45 undefined on input line 1488.

[45]
File: /Users/craig.starbuck/Library/Mobile Documents/com~apple~CloudDocs/Documents/People Analytics Book/GitHub/peopleanalytics_lifecycle_book/graphics/conceptual_model.png Graphic file (type bmp)
</Users/craig.starbuck/Library/Mobile Documents/com~apple~CloudDocs/Documents/People Analytics Book/GitHub/peopleanalytics_lifecycle_book/graphics/conceptual_model.png>
[46] [47]
File: /Users/craig.starbuck/Library/Mobile Documents/com~apple~CloudDocs/Documents/People Analytics Book/GitHub/peopleanalytics_lifecycle_book/graphics/ww2_plane_damage.png Graphic file (type bmp)
</Users/craig.starbuck/Library/Mobile Documents/com~apple~CloudDocs/Documents/People Analytics Book/GitHub/peopleanalytics_lifecycle_book/graphics/ww2_plane_damage.png>
[48]

LaTeX Warning: Reference `inf-stats' on page 49 undefined on input line 1582.

[49] [50] [51] [52] [53] [54] [55] [56]

LaTeX Warning: Reference `fig:reli-vali' on page 57 undefined on input line 1788.

File: /Users/craig.starbuck/Library/Mobile Documents/com~apple~CloudDocs/Documents/People Analytics Book/GitHub/peopleanalytics_lifecycle_book/graphics/reliability_validity.png Graphic file (type bmp)
</Users/craig.starbuck/Library/Mobile Documents/com~apple~CloudDocs/Documents/People Analytics Book/GitHub/peopleanalytics_lifecycle_book/graphics/reliability_validity.png>
[57] [58] [59] [60]
Chapter 4.
[61

] [62]

LaTeX Warning: Reference `fig:res-designs' on page 63 undefined on input line 2009.

File: /Users/craig.starbuck/Library/Mobile Documents/com~apple~CloudDocs/Documents/People Analytics Book/GitHub/peopleanalytics_lifecycle_book/graphics/research_designs.png Graphic file (type bmp)
</Users/craig.starbuck/Library/Mobile Documents/com~apple~CloudDocs/Documents/People Analytics Book/GitHub/peopleanalytics_lifecycle_book/graphics/research_designs.png>
[63] [64] [65]

LaTeX Warning: Reference `lm' on page 66 undefined on input line 2042.

[66]
Underfull \hbox (badness 5667) in paragraph at lines 2066--2068
[]\TU/lmr/m/n/10 Why aren’t experimental designs always implemented when an
 []

[67] [68

]
Chapter 5.

LaTeX Warning: Reference `inf-stats' on page 69 undefined on input line 2086.

[69] [70] [71] [72] [73] [74]
File: The_People_Analytics_Companion_files/figure-latex/unnamed-chunk-68-1.pdf Graphic file (type pdf)
<use The_People_Analytics_Companion_files/figure-latex/unnamed-chunk-68-1.pdf>
[75]

LaTeX Warning: Reference `fig:skewness' on page 76 undefined on input line 2419.

File: /Users/craig.starbuck/Library/Mobile Documents/com~apple~CloudDocs/Documents/People Analytics Book/GitHub/peopleanalytics_lifecycle_book/graphics/skewness.png Graphic file (type bmp)
</Users/craig.starbuck/Library/Mobile Documents/com~apple~CloudDocs/Documents/People Analytics Book/GitHub/peopleanalytics_lifecycle_book/graphics/skewness.png>
[76] [77]
File: The_People_Analytics_Companion_files/figure-latex/org-tenure-distribution-1.pdf Graphic file (type pdf)
<use The_People_Analytics_Companion_files/figure-latex/org-tenure-distribution-1.pdf>
[78]

LaTeX Warning: Reference `fig:kurtosis' on page 79 undefined on input line 2512.

File: /Users/craig.starbuck/Library/Mobile Documents/com~apple~CloudDocs/Documents/People Analytics Book/GitHub/peopleanalytics_lifecycle_book/graphics/kurtosis.jpg Graphic file (type bmp)
</Users/craig.starbuck/Library/Mobile Documents/com~apple~CloudDocs/Documents/People Analytics Book/GitHub/peopleanalytics_lifecycle_book/graphics/kurtosis.jpg>
[79]

LaTeX Warning: Reference `fig:org-tenure-distribution' on page 80 undefined on input line 2551.

[80]
Overfull \hbox (38.25pt too wide) in paragraph at lines 2623--2623
[]\TU/lmtt/m/n/10 ##                   annual_comp          age    org_tenure    job_tenure[] 
 []


Overfull \hbox (38.25pt too wide) in paragraph at lines 2623--2623
[]\TU/lmtt/m/n/10 ## annual_comp      1.788039e+09 9381.6772019 -3921.9601469 -3693.1960749[] 
 []


Overfull \hbox (38.25pt too wide) in paragraph at lines 2623--2623
[]\TU/lmtt/m/n/10 ## age              9.381677e+03   83.4550488    17.9255146     7.0467503[] 
 []


Overfull \hbox (38.25pt too wide) in paragraph at lines 2623--2623
[]\TU/lmtt/m/n/10 ## org_tenure      -3.921960e+03   17.9255146    39.7967987    16.9797312[] 
 []


Overfull \hbox (38.25pt too wide) in paragraph at lines 2623--2623
[]\TU/lmtt/m/n/10 ## job_tenure      -3.693196e+03    7.0467503    16.9797312    13.1271220[] 
 []


Overfull \hbox (38.25pt too wide) in paragraph at lines 2623--2623
[]\TU/lmtt/m/n/10 ## prior_emplr_cnt  2.340406e+03    6.8377387    -1.8547177    -0.8213802[] 
 []


Overfull \hbox (38.25pt too wide) in paragraph at lines 2623--2623
[]\TU/lmtt/m/n/10 ## commute_dist     1.067158e+04   -0.1248728     0.7746438     0.5535206[] 
 []

[81] [82]
File: /Users/craig.starbuck/Library/Mobile Documents/com~apple~CloudDocs/Documents/People Analytics Book/GitHub/peopleanalytics_lifecycle_book/graphics/correlation_table.png Graphic file (type bmp)
</Users/craig.starbuck/Library/Mobile Documents/com~apple~CloudDocs/Documents/People Analytics Book/GitHub/peopleanalytics_lifecycle_book/graphics/correlation_table.png>
[83]
File: /Users/craig.starbuck/Library/Mobile Documents/com~apple~CloudDocs/Documents/People Analytics Book/GitHub/peopleanalytics_lifecycle_book/graphics/phi_coefficient_formula.png Graphic file (type bmp)
</Users/craig.starbuck/Library/Mobile Documents/com~apple~CloudDocs/Documents/People Analytics Book/GitHub/peopleanalytics_lifecycle_book/graphics/phi_coefficient_formula.png>
[84]
Overfull \hbox (85.5pt too wide) in paragraph at lines 2767--2767
[]\TU/lmtt/m/n/10 ##                 annual_comp         age  org_tenure  job_tenure prior_emplr_cnt[] 
 []


Overfull \hbox (85.5pt too wide) in paragraph at lines 2767--2767
[]\TU/lmtt/m/n/10 ## annual_comp      1.00000000  0.02428654 -0.01470248 -0.02410622      0.02215688[] 
 []


Overfull \hbox (85.5pt too wide) in paragraph at lines 2767--2767
[]\TU/lmtt/m/n/10 ## age              0.02428654  1.00000000  0.31104359  0.21290106      0.29963476[] 
 []


Overfull \hbox (85.5pt too wide) in paragraph at lines 2767--2767
[]\TU/lmtt/m/n/10 ## org_tenure      -0.01470248  0.31104359  1.00000000  0.74288567     -0.11769547[] 
 []


Overfull \hbox (85.5pt too wide) in paragraph at lines 2767--2767
[]\TU/lmtt/m/n/10 ## job_tenure      -0.02410622  0.21290106  0.74288567  1.00000000     -0.09075393[] 
 []


Overfull \hbox (85.5pt too wide) in paragraph at lines 2767--2767
[]\TU/lmtt/m/n/10 ## prior_emplr_cnt  0.02215688  0.29963476 -0.11769547 -0.09075393      1.00000000[] 
 []


Overfull \hbox (85.5pt too wide) in paragraph at lines 2767--2767
[]\TU/lmtt/m/n/10 ## commute_dist     0.03113059 -0.00168612  0.01514695  0.01884500     -0.02925080[] 
 []

[85]
File: The_People_Analytics_Companion_files/figure-latex/unnamed-chunk-82-1.pdf Graphic file (type pdf)
<use The_People_Analytics_Companion_files/figure-latex/unnamed-chunk-82-1.pdf>
File: The_People_Analytics_Companion_files/figure-latex/unnamed-chunk-83-1.pdf Graphic file (type pdf)
<use The_People_Analytics_Companion_files/figure-latex/unnamed-chunk-83-1.pdf>

Underfull \vbox (badness 10000) has occurred while \output is active []

[86]

LaTeX Warning: Reference `lm' on page 87 undefined on input line 2801.

File: /Users/craig.starbuck/Library/Mobile Documents/com~apple~CloudDocs/Documents/People Analytics Book/GitHub/peopleanalytics_lifecycle_book/graphics/correlation_comic.png Graphic file (type bmp)
</Users/craig.starbuck/Library/Mobile Documents/com~apple~CloudDocs/Documents/People Analytics Book/GitHub/peopleanalytics_lifecycle_book/graphics/correlation_comic.png>
File: /Users/craig.starbuck/Library/Mobile Documents/com~apple~CloudDocs/Documents/People Analytics Book/GitHub/peopleanalytics_lifecycle_book/graphics/spurious_corr_maine_divorce.png Graphic file (type bmp)
</Users/craig.starbuck/Library/Mobile Documents/com~apple~CloudDocs/Documents/People Analytics Book/GitHub/peopleanalytics_lifecycle_book/graphics/spurious_corr_maine_divorce.png>
File: /Users/craig.starbuck/Library/Mobile Documents/com~apple~CloudDocs/Documents/People Analytics Book/GitHub/peopleanalytics_lifecycle_book/graphics/spurious_corr_mozzarella_cheese.png Graphic file (type bmp)
</Users/craig.starbuck/Library/Mobile Documents/com~apple~CloudDocs/Documents/People Analytics Book/GitHub/peopleanalytics_lifecycle_book/graphics/spurious_corr_mozzarella_cheese.png>
[87] [88] [89] [90

]
Chapter 6.
[91]

LaTeX Warning: Reference `fig:org-tenure-dist' on page 92 undefined on input line 2902.

File: The_People_Analytics_Companion_files/figure-latex/org-tenure-dist-1.pdf Graphic file (type pdf)
<use The_People_Analytics_Companion_files/figure-latex/org-tenure-dist-1.pdf>

LaTeX Warning: Reference `measure-sampl' on page 92 undefined on input line 2927.


LaTeX Warning: Reference `measure-sampl' on page 92 undefined on input line 2927.

[92] [93] [94]
File: The_People_Analytics_Companion_files/figure-latex/discrete-dist-1.pdf Graphic file (type pdf)
<use The_People_Analytics_Companion_files/figure-latex/discrete-dist-1.pdf>
[95] [96]
File: The_People_Analytics_Companion_files/figure-latex/continous-dist-1.pdf Graphic file (type pdf)
<use The_People_Analytics_Companion_files/figure-latex/continous-dist-1.pdf>
[97] [98] [99]
Overfull \vbox (1.23997pt too high) detected at line 3199
 []

[100]
File: /Users/craig.starbuck/Library/Mobile Documents/com~apple~CloudDocs/Documents/People Analytics Book/GitHub/peopleanalytics_lifecycle_book/graphics/normal_distribution.png Graphic file (type bmp)
</Users/craig.starbuck/Library/Mobile Documents/com~apple~CloudDocs/Documents/People Analytics Book/GitHub/peopleanalytics_lifecycle_book/graphics/normal_distribution.png>
[101] [102]
File: The_People_Analytics_Companion_files/figure-latex/unnamed-chunk-91-1.pdf Graphic file (type pdf)
<use The_People_Analytics_Companion_files/figure-latex/unnamed-chunk-91-1.pdf>
[103]
File: The_People_Analytics_Companion_files/figure-latex/unnamed-chunk-92-1.pdf Graphic file (type pdf)
<use The_People_Analytics_Companion_files/figure-latex/unnamed-chunk-92-1.pdf>

LaTeX Warning: Reference `fig:conf-int' on page 104 undefined on input line 3342.

[104]
File: /Users/craig.starbuck/Library/Mobile Documents/com~apple~CloudDocs/Documents/People Analytics Book/GitHub/peopleanalytics_lifecycle_book/graphics/confidence_intervals.png Graphic file (type bmp)
</Users/craig.starbuck/Library/Mobile Documents/com~apple~CloudDocs/Documents/People Analytics Book/GitHub/peopleanalytics_lifecycle_book/graphics/confidence_intervals.png>
[105] [106] [107]

LaTeX Warning: Reference `fig:t-distribution' on page 108 undefined on input line 3475.

File: /Users/craig.starbuck/Library/Mobile Documents/com~apple~CloudDocs/Documents/People Analytics Book/GitHub/peopleanalytics_lifecycle_book/graphics/t_distribution.png Graphic file (type bmp)
</Users/craig.starbuck/Library/Mobile Documents/com~apple~CloudDocs/Documents/People Analytics Book/GitHub/peopleanalytics_lifecycle_book/graphics/t_distribution.png>

LaTeX Warning: Reference `fig:t-crit' on page 108 undefined on input line 3490.

File: /Users/craig.starbuck/Library/Mobile Documents/com~apple~CloudDocs/Documents/People Analytics Book/GitHub/peopleanalytics_lifecycle_book/graphics/t-table.png Graphic file (type bmp)
</Users/craig.starbuck/Library/Mobile Documents/com~apple~CloudDocs/Documents/People Analytics Book/GitHub/peopleanalytics_lifecycle_book/graphics/t-table.png>
[108] [109] [110] [111] [112]
File: /Users/craig.starbuck/Library/Mobile Documents/com~apple~CloudDocs/Documents/People Analytics Book/GitHub/peopleanalytics_lifecycle_book/graphics/hypothesis_testing_errors.png Graphic file (type bmp)
</Users/craig.starbuck/Library/Mobile Documents/com~apple~CloudDocs/Documents/People Analytics Book/GitHub/peopleanalytics_lifecycle_book/graphics/hypothesis_testing_errors.png>
[113] [114] [115] [116

]
Chapter 7.
File: /Users/craig.starbuck/Library/Mobile Documents/com~apple~CloudDocs/Documents/People Analytics Book/GitHub/peopleanalytics_lifecycle_book/graphics/data_scientist_tasks.jpeg Graphic file (type bmp)
</Users/craig.starbuck/Library/Mobile Documents/com~apple~CloudDocs/Documents/People Analytics Book/GitHub/peopleanalytics_lifecycle_book/graphics/data_scientist_tasks.jpeg>

Underfull \vbox (badness 10000) has occurred while \output is active []

[117]

LaTeX Warning: Reference `fig:dw-schema' on page 118 undefined on input line 3686.


LaTeX Warning: Reference `fig:dw-schema' on page 118 undefined on input line 3688.

File: /Users/craig.starbuck/Library/Mobile Documents/com~apple~CloudDocs/Documents/People Analytics Book/GitHub/peopleanalytics_lifecycle_book/graphics/dw_schema.png Graphic file (type bmp)
</Users/craig.starbuck/Library/Mobile Documents/com~apple~CloudDocs/Documents/People Analytics Book/GitHub/peopleanalytics_lifecycle_book/graphics/dw_schema.png>
[118]

LaTeX Warning: Reference `fig:dw-erd' on page 119 undefined on input line 3701.


LaTeX Warning: Reference `fig:dw-schema' on page 119 undefined on input line 3701.

File: /Users/craig.starbuck/Library/Mobile Documents/com~apple~CloudDocs/Documents/People Analytics Book/GitHub/peopleanalytics_lifecycle_book/graphics/dw_erd.png Graphic file (type bmp)
</Users/craig.starbuck/Library/Mobile Documents/com~apple~CloudDocs/Documents/People Analytics Book/GitHub/peopleanalytics_lifecycle_book/graphics/dw_erd.png>

LaTeX Warning: Reference `fig:type-2-tbl' on page 119 undefined on input line 3714.

[119]
File: /Users/craig.starbuck/Library/Mobile Documents/com~apple~CloudDocs/Documents/People Analytics Book/GitHub/peopleanalytics_lifecycle_book/graphics/type_2_table.png Graphic file (type bmp)
</Users/craig.starbuck/Library/Mobile Documents/com~apple~CloudDocs/Documents/People Analytics Book/GitHub/peopleanalytics_lifecycle_book/graphics/type_2_table.png>

LaTeX Warning: Reference `fig:type-1-tbl' on page 120 undefined on input line 3727.

File: /Users/craig.starbuck/Library/Mobile Documents/com~apple~CloudDocs/Documents/People Analytics Book/GitHub/peopleanalytics_lifecycle_book/graphics/type_1_table.png Graphic file (type bmp)
</Users/craig.starbuck/Library/Mobile Documents/com~apple~CloudDocs/Documents/People Analytics Book/GitHub/peopleanalytics_lifecycle_book/graphics/type_1_table.png>

Underfull \vbox (badness 3977) has occurred while \output is active []

[120] [121] [122] [123] [124]

LaTeX Warning: Reference `fig:sql-joins' on page 125 undefined on input line 3951.

File: /Users/craig.starbuck/Library/Mobile Documents/com~apple~CloudDocs/Documents/People Analytics Book/GitHub/peopleanalytics_lifecycle_book/graphics/sql_joins.png Graphic file (type bmp)
</Users/craig.starbuck/Library/Mobile Documents/com~apple~CloudDocs/Documents/People Analytics Book/GitHub/peopleanalytics_lifecycle_book/graphics/sql_joins.png>
[125] [126] [127]
Overfull \hbox (48.75pt too wide) in paragraph at lines 4088--4088
[]\TU/lmtt/m/n/10 ##                   job_title employee_cnt avg_org_tenure avg_commute_dist[] 
 []


Overfull \hbox (48.75pt too wide) in paragraph at lines 4088--4088
[]\TU/lmtt/m/n/10 ## 1 Healthcare Representative          131            8.6              9.8[] 
 []


Overfull \hbox (48.75pt too wide) in paragraph at lines 4088--4088
[]\TU/lmtt/m/n/10 ## 2     Laboratory Technician          259            5.0              9.4[] 
 []


Overfull \hbox (48.75pt too wide) in paragraph at lines 4088--4088
[]\TU/lmtt/m/n/10 ## 3                   Manager           52           13.7              7.2[] 
 []


Overfull \hbox (48.75pt too wide) in paragraph at lines 4088--4088
[]\TU/lmtt/m/n/10 ## 4    Manufacturing Director          145            7.6              9.5[] 
 []


Overfull \hbox (48.75pt too wide) in paragraph at lines 4088--4088
[]\TU/lmtt/m/n/10 ## 5         Research Director           80           10.9              8.4[] 
 []


Overfull \hbox (48.75pt too wide) in paragraph at lines 4088--4088
[]\TU/lmtt/m/n/10 ## 6        Research Scientist          292            5.1              9.0[] 
 []

[128]
Overfull \hbox (48.75pt too wide) in paragraph at lines 4134--4134
[]\TU/lmtt/m/n/10 ##                   job_title employee_cnt avg_org_tenure avg_commute_dist[] 
 []


Overfull \hbox (48.75pt too wide) in paragraph at lines 4134--4134
[]\TU/lmtt/m/n/10 ## 1 Healthcare Representative          131            8.6              9.8[] 
 []


Overfull \hbox (48.75pt too wide) in paragraph at lines 4134--4134
[]\TU/lmtt/m/n/10 ## 2     Laboratory Technician          259            5.0              9.4[] 
 []


Overfull \hbox (48.75pt too wide) in paragraph at lines 4134--4134
[]\TU/lmtt/m/n/10 ## 3                   Manager           52           13.7              7.2[] 
 []


Overfull \hbox (48.75pt too wide) in paragraph at lines 4134--4134
[]\TU/lmtt/m/n/10 ## 4    Manufacturing Director          145            7.6              9.5[] 
 []


Overfull \hbox (48.75pt too wide) in paragraph at lines 4134--4134
[]\TU/lmtt/m/n/10 ## 5         Research Director           80           10.9              8.4[] 
 []


Overfull \hbox (48.75pt too wide) in paragraph at lines 4134--4134
[]\TU/lmtt/m/n/10 ## 6        Research Scientist          292            5.1              9.0[] 
 []

[129] [130] [131]
Overfull \hbox (43.5pt too wide) in paragraph at lines 4300--4300
[]\TU/lmtt/m/n/10 ##    employee_id                 job_title commute_dist commute_dist_rank[] 
 []


Overfull \hbox (43.5pt too wide) in paragraph at lines 4300--4300
[]\TU/lmtt/m/n/10 ## 1         2325 Healthcare Representative           29                 1[] 
 []


Overfull \hbox (43.5pt too wide) in paragraph at lines 4300--4300
[]\TU/lmtt/m/n/10 ## 2         1414 Healthcare Representative           28                 2[] 
 []


Overfull \hbox (43.5pt too wide) in paragraph at lines 4300--4300
[]\TU/lmtt/m/n/10 ## 3         1010 Healthcare Representative           27                 3[] 
 []


Overfull \hbox (43.5pt too wide) in paragraph at lines 4300--4300
[]\TU/lmtt/m/n/10 ## 4         1573 Healthcare Representative           27                 3[] 
 []


Overfull \hbox (43.5pt too wide) in paragraph at lines 4300--4300
[]\TU/lmtt/m/n/10 ## 5         2200 Healthcare Representative           26                 5[] 
 []

[132]
Overfull \hbox (43.5pt too wide) in paragraph at lines 4300--4300
[]\TU/lmtt/m/n/10 ## 6         1730 Healthcare Representative           25                 6[] 
 []


Overfull \hbox (43.5pt too wide) in paragraph at lines 4300--4300
[]\TU/lmtt/m/n/10 ## 7         1833 Healthcare Representative           25                 6[] 
 []


Overfull \hbox (43.5pt too wide) in paragraph at lines 4300--4300
[]\TU/lmtt/m/n/10 ## 8         1993 Healthcare Representative           25                 6[] 
 []


Overfull \hbox (43.5pt too wide) in paragraph at lines 4300--4300
[]\TU/lmtt/m/n/10 ## 9         2415 Healthcare Representative           25                 6[] 
 []


Overfull \hbox (43.5pt too wide) in paragraph at lines 4300--4300
[]\TU/lmtt/m/n/10 ## 10        1164 Healthcare Representative           24                10[] 
 []

[133] [134]
Overfull \hbox (22.5pt too wide) in paragraph at lines 4481--4481
[]\TU/lmtt/m/n/10 ##    ed_field            gender          marital_sts           active[] 
 []


Overfull \hbox (33.0pt too wide) in paragraph at lines 4481--4481
[]\TU/lmtt/m/n/10 ##  Length:1470        Length:1470        Length:1470        Length:1470[] 
 []


Overfull \hbox (59.25pt too wide) in paragraph at lines 4481--4481
[]\TU/lmtt/m/n/10 ##  Class :character   Class :character   Class :character   Class :character[] 
 []


Overfull \hbox (59.25pt too wide) in paragraph at lines 4481--4481
[]\TU/lmtt/m/n/10 ##  Mode  :character   Mode  :character   Mode  :character   Mode  :character[] 
 []

[135]
Overfull \hbox (1.5pt too wide) in paragraph at lines 4481--4481
[]\TU/lmtt/m/n/10 ##  stock_opt_lvl      trainings         dept              job_lvl[] 
 []


Overfull \hbox (17.25pt too wide) in paragraph at lines 4481--4481
[]\TU/lmtt/m/n/10 ##  Min.   :0.0000   Min.   :0.000   Length:1470        Min.   :1.000[] 
 []


Overfull \hbox (17.25pt too wide) in paragraph at lines 4481--4481
[]\TU/lmtt/m/n/10 ##  1st Qu.:0.0000   1st Qu.:2.000   Class :character   1st Qu.:1.000[] 
 []


Overfull \hbox (17.25pt too wide) in paragraph at lines 4481--4481
[]\TU/lmtt/m/n/10 ##  Median :1.0000   Median :3.000   Mode  :character   Median :2.000[] 
 []


Overfull \hbox (17.25pt too wide) in paragraph at lines 4481--4481
[]\TU/lmtt/m/n/10 ##  Mean   :0.7939   Mean   :2.799                      Mean   :2.064[] 
 []


Overfull \hbox (17.25pt too wide) in paragraph at lines 4481--4481
[]\TU/lmtt/m/n/10 ##  3rd Qu.:1.0000   3rd Qu.:3.000                      3rd Qu.:3.000[] 
 []


Overfull \hbox (17.25pt too wide) in paragraph at lines 4481--4481
[]\TU/lmtt/m/n/10 ##  Max.   :3.0000   Max.   :6.000                      Max.   :5.000[] 
 []


Overfull \hbox (38.25pt too wide) in paragraph at lines 4481--4481
[]\TU/lmtt/m/n/10 ##   job_title           overtime         business_travel     hourly_rate[] 
 []


Overfull \hbox (48.75pt too wide) in paragraph at lines 4481--4481
[]\TU/lmtt/m/n/10 ##  Length:1470        Length:1470        Length:1470        Min.   : 30.00[] 
 []


Overfull \hbox (48.75pt too wide) in paragraph at lines 4481--4481
[]\TU/lmtt/m/n/10 ##  Class :character   Class :character   Class :character   1st Qu.: 48.00[] 
 []


Overfull \hbox (48.75pt too wide) in paragraph at lines 4481--4481
[]\TU/lmtt/m/n/10 ##  Mode  :character   Mode  :character   Mode  :character   Median : 66.00[] 
 []


Overfull \hbox (48.75pt too wide) in paragraph at lines 4481--4481
[]\TU/lmtt/m/n/10 ##                                                           Mean   : 65.89[] 
 []


Overfull \hbox (48.75pt too wide) in paragraph at lines 4481--4481
[]\TU/lmtt/m/n/10 ##                                                           3rd Qu.: 83.75[] 
 []


Overfull \hbox (48.75pt too wide) in paragraph at lines 4481--4481
[]\TU/lmtt/m/n/10 ##                                                           Max.   :100.00[] 
 []


Overfull \hbox (85.5pt too wide) in paragraph at lines 4481--4481
[]\TU/lmtt/m/n/10 ##    daily_comp     monthly_comp    annual_comp      standard_hrs salary_hike_pct[] 
 []


Overfull \hbox (75.0pt too wide) in paragraph at lines 4481--4481
[]\TU/lmtt/m/n/10 ##  Min.   :240.0   Min.   : 5200   Min.   : 62400   Min.   :80    Min.   :11.00[] 
 []


Overfull \hbox (75.0pt too wide) in paragraph at lines 4481--4481
[]\TU/lmtt/m/n/10 ##  1st Qu.:384.0   1st Qu.: 8320   1st Qu.: 99840   1st Qu.:80    1st Qu.:12.00[] 
 []


Overfull \hbox (75.0pt too wide) in paragraph at lines 4481--4481
[]\TU/lmtt/m/n/10 ##  Median :528.0   Median :11440   Median :137280   Median :80    Median :14.00[] 
 []


Overfull \hbox (75.0pt too wide) in paragraph at lines 4481--4481
[]\TU/lmtt/m/n/10 ##  Mean   :527.1   Mean   :11421   Mean   :137054   Mean   :80    Mean   :15.21[] 
 []


Overfull \hbox (75.0pt too wide) in paragraph at lines 4481--4481
[]\TU/lmtt/m/n/10 ##  3rd Qu.:670.0   3rd Qu.:14517   3rd Qu.:174200   3rd Qu.:80    3rd Qu.:18.00[] 
 []


Overfull \hbox (75.0pt too wide) in paragraph at lines 4481--4481
[]\TU/lmtt/m/n/10 ##  Max.   :800.0   Max.   :17333   Max.   :208000   Max.   :80    Max.   :25.00[] 
 []


Overfull \hbox (59.25pt too wide) in paragraph at lines 4481--4481
[]\TU/lmtt/m/n/10 ##   perf_rating    prior_emplr_cnt    env_sat        engagement      job_sat[] 
 []


Overfull \hbox (75.0pt too wide) in paragraph at lines 4481--4481
[]\TU/lmtt/m/n/10 ##  Min.   :3.000   Min.   :0.000   Min.   :1.000   Min.   :1.00   Min.   :1.000[] 
 []


Overfull \hbox (75.0pt too wide) in paragraph at lines 4481--4481
[]\TU/lmtt/m/n/10 ##  1st Qu.:3.000   1st Qu.:1.000   1st Qu.:2.000   1st Qu.:2.00   1st Qu.:2.000[] 
 []


Overfull \hbox (75.0pt too wide) in paragraph at lines 4481--4481
[]\TU/lmtt/m/n/10 ##  Median :3.000   Median :2.000   Median :3.000   Median :3.00   Median :3.000[] 
 []


Overfull \hbox (75.0pt too wide) in paragraph at lines 4481--4481
[]\TU/lmtt/m/n/10 ##  Mean   :3.154   Mean   :2.693   Mean   :2.722   Mean   :2.73   Mean   :2.729[] 
 []


Overfull \hbox (75.0pt too wide) in paragraph at lines 4481--4481
[]\TU/lmtt/m/n/10 ##  3rd Qu.:3.000   3rd Qu.:4.000   3rd Qu.:4.000   3rd Qu.:3.00   3rd Qu.:4.000[] 
 []


Overfull \hbox (75.0pt too wide) in paragraph at lines 4481--4481
[]\TU/lmtt/m/n/10 ##  Max.   :4.000   Max.   :9.000   Max.   :4.000   Max.   :4.00   Max.   :4.000[] 
 []


Overfull \hbox (1.5pt too wide) in paragraph at lines 4481--4481
[]\TU/lmtt/m/n/10 ##  Min.   :1.000   Min.   :1.000   Min.   : 0.00   Min.   : 0.000[] 
 []


Overfull \hbox (1.5pt too wide) in paragraph at lines 4481--4481
[]\TU/lmtt/m/n/10 ##  1st Qu.:2.000   1st Qu.:2.000   1st Qu.: 6.00   1st Qu.: 3.000[] 
 []


Overfull \hbox (1.5pt too wide) in paragraph at lines 4481--4481
[]\TU/lmtt/m/n/10 ##  Median :3.000   Median :2.000   Median :10.00   Median : 5.000[] 
 []


Overfull \hbox (1.5pt too wide) in paragraph at lines 4481--4481
[]\TU/lmtt/m/n/10 ##  Mean   :2.712   Mean   :1.841   Mean   :11.28   Mean   : 7.032[] 
 []


Overfull \hbox (1.5pt too wide) in paragraph at lines 4481--4481
[]\TU/lmtt/m/n/10 ##  3rd Qu.:4.000   3rd Qu.:2.000   3rd Qu.:15.00   3rd Qu.: 9.000[] 
 []


Overfull \hbox (1.5pt too wide) in paragraph at lines 4481--4481
[]\TU/lmtt/m/n/10 ##  Max.   :4.000   Max.   :2.000   Max.   :40.00   Max.   :72.000[] 
 []

[136] [137]

LaTeX Warning: Reference `desc-stats' on page 138 undefined on input line 4541.

[138]

LaTeX Warning: Reference `getting-started' on page 139 undefined on input line 4565.

[139] [140]

LaTeX Warning: Reference `lm' on page 141 undefined on input line 4602.


LaTeX Warning: Reference `fig:onehot-encoding' on page 141 undefined on input line 4602.

File: /Users/craig.starbuck/Library/Mobile Documents/com~apple~CloudDocs/Documents/People Analytics Book/GitHub/peopleanalytics_lifecycle_book/graphics/onehot_encoding.png Graphic file (type bmp)
</Users/craig.starbuck/Library/Mobile Documents/com~apple~CloudDocs/Documents/People Analytics Book/GitHub/peopleanalytics_lifecycle_book/graphics/onehot_encoding.png>
[141] [142] [143] [144] [145] [146

]
Chapter 8.

LaTeX Warning: Reference `measure-sampl' on page 147 undefined on input line 4791.


LaTeX Warning: Reference `data-wrang-prep' on page 147 undefined on input line 4791.

[147]

LaTeX Warning: Reference `inf-stats' on page 148 undefined on input line 4806.


LaTeX Warning: Reference `desc-stats' on page 148 undefined on input line 4806.

File: /Users/craig.starbuck/Library/Mobile Documents/com~apple~CloudDocs/Documents/People Analytics Book/GitHub/peopleanalytics_lifecycle_book/graphics/discrete_differences_test_table.png Graphic file (type bmp)
</Users/craig.starbuck/Library/Mobile Documents/com~apple~CloudDocs/Documents/People Analytics Book/GitHub/peopleanalytics_lifecycle_book/graphics/discrete_differences_test_table.png>
[148]

LaTeX Warning: Reference `fig:chisq-dist' on page 149 undefined on input line 4841.

File: The_People_Analytics_Companion_files/figure-latex/chisq-dist-1.pdf Graphic file (type pdf)
<use The_People_Analytics_Companion_files/figure-latex/chisq-dist-1.pdf>
File: The_People_Analytics_Companion_files/figure-latex/mosaic-plot-1.pdf Graphic file (type pdf)
<use The_People_Analytics_Companion_files/figure-latex/mosaic-plot-1.pdf>

LaTeX Warning: Reference `fig:mosaic-plot' on page 149 undefined on input line 4880.

[149] [150] [151]

LaTeX Warning: Reference `fig:contingency-tbl' on page 152 undefined on input line 4932.

File: /Users/craig.starbuck/Library/Mobile Documents/com~apple~CloudDocs/Documents/People Analytics Book/GitHub/peopleanalytics_lifecycle_book/graphics/contingency_table.png Graphic file (type bmp)
</Users/craig.starbuck/Library/Mobile Documents/com~apple~CloudDocs/Documents/People Analytics Book/GitHub/peopleanalytics_lifecycle_book/graphics/contingency_table.png>

LaTeX Warning: Reference `desc-stats' on page 152 undefined on input line 4945.

[152]

LaTeX Warning: Reference `fig:continuous-tests' on page 153 undefined on input line 4965.

File: /Users/craig.starbuck/Library/Mobile Documents/com~apple~CloudDocs/Documents/People Analytics Book/GitHub/peopleanalytics_lifecycle_book/graphics/continuous_differences_test_table.png Graphic file (type bmp)
</Users/craig.starbuck/Library/Mobile Documents/com~apple~CloudDocs/Documents/People Analytics Book/GitHub/peopleanalytics_lifecycle_book/graphics/continuous_differences_test_table.png>

LaTeX Warning: Reference `inf-stats' on page 153 undefined on input line 4980.

[153]

LaTeX Warning: Reference `fig:mean-group-diff' on page 154 undefined on input line 4982.

File: The_People_Analytics_Companion_files/figure-latex/mean-group-diff-1.pdf Graphic file (type pdf)
<use The_People_Analytics_Companion_files/figure-latex/mean-group-diff-1.pdf>
File: The_People_Analytics_Companion_files/figure-latex/comp-job-boxplots-1.pdf Graphic file (type pdf)
<use The_People_Analytics_Companion_files/figure-latex/comp-job-boxplots-1.pdf>
[154]
Underfull \vbox (badness 3375) has occurred while \output is active []

[155]
Overfull \hbox (17.25pt too wide) in paragraph at lines 5066--5066
[]\TU/lmtt/m/n/10 ## alternative hypothesis: true difference in means is not equal to 0[] 
 []

[156] [157]

LaTeX Warning: Reference `inf-stats' on page 158 undefined on input line 5165.

[158] [159] [160]

LaTeX Warning: Reference `research' on page 161 undefined on input line 5273.

[161]
Underfull \vbox (badness 1314) has occurred while \output is active []

[162]
File: The_People_Analytics_Companion_files/figure-latex/pre-post-diff-1.pdf Graphic file (type pdf)
<use The_People_Analytics_Companion_files/figure-latex/pre-post-diff-1.pdf>
[163] [164]
Overfull \hbox (17.25pt too wide) in paragraph at lines 5420--5420
[]\TU/lmtt/m/n/10 ## alternative hypothesis: true difference in means is greater than 0[] 
 []


Overfull \hbox (17.25pt too wide) in paragraph at lines 5445--5445
[]\TU/lmtt/m/n/10 ## alternative hypothesis: true difference in means is greater than 0[] 
 []


LaTeX Warning: Reference `lm' on page 165 undefined on input line 5447.

[165] [166]

LaTeX Warning: Reference `inf-stats' on page 167 undefined on input line 5537.


LaTeX Warning: Reference `getting-started' on page 167 undefined on input line 5539.

[167] [168] [169]
File: The_People_Analytics_Companion_files/figure-latex/comp-dist-1.pdf Graphic file (type pdf)
<use The_People_Analytics_Companion_files/figure-latex/comp-dist-1.pdf>
File: The_People_Analytics_Companion_files/figure-latex/qq-plot-1.pdf Graphic file (type pdf)
<use The_People_Analytics_Companion_files/figure-latex/qq-plot-1.pdf>

LaTeX Warning: Reference `fig:qq-plot' on page 170 undefined on input line 5664.

[170] [171]

LaTeX Warning: Reference `fig:qq-plot' on page 172 undefined on input line 5683.

File: The_People_Analytics_Companion_files/figure-latex/qq-plots-trans-1.pdf Graphic file (type pdf)
<use The_People_Analytics_Companion_files/figure-latex/qq-plots-trans-1.pdf>
[172] [173]
Overfull \hbox (75.0pt too wide) in paragraph at lines 5775--5775
[]\TU/lmtt/m/n/10 ##  Pairwise comparisons using Wilcoxon rank sum test with continuity correction[] 
 []

[174]

LaTeX Warning: Reference `fig:two-way-factorial' on page 175 undefined on input line 5832.

File: The_People_Analytics_Companion_files/figure-latex/two-way-factorial-1.pdf Graphic file (type pdf)
<use The_People_Analytics_Companion_files/figure-latex/two-way-factorial-1.pdf>

LaTeX Warning: Reference `fig:two-way-factorial' on page 175 undefined on input line 5845.

[175]

LaTeX Warning: Reference `lm' on page 176 undefined on input line 5847.

[176] [177] [178

]
Chapter 9.

LaTeX Warning: Reference `pred-mod' on page 179 undefined on input line 5881.

[179] [180] [181] [182]

! LaTeX Error: Undefined color model `HTML'.

See the LaTeX manual or LaTeX Companion for explanation.
Type  H <return>  for immediate help.
 ...                                              
                                                  
l.5959 ...ML]{666666}\global\arrayrulewidth=2pt}-}
                                                   
Here is how much of TeX's memory you used:
 18023 strings out of 478155
 424336 string characters out of 5852641
 778081 words of memory out of 5000000
 38359 multiletter control sequences out of 15000+600000
 475766 words of font info for 88 fonts, out of 8000000 for 9000
 14 hyphenation exceptions out of 8191
 86i,7n,121p,1355b,470s stack positions out of 10000i,1000n,20000p,200000b,200000s

Output written on The_People_Analytics_Companion.pdf (182 pages).
