This is XeTeX, Version 3.141592653-2.6-0.999994 (TeX Live 2022) (preloaded format=xelatex 2022.10.26)  30 MAY 2023 20:42
entering extended mode
 restricted \write18 enabled.
 %&-line parsing enabled.
**The_Fundamentals_of_People_Analytics.tex
(./The_Fundamentals_of_People_Analytics.tex
LaTeX2e <2022-06-01> patch level 5
L3 programming layer <2022-09-28> (/Users/craig.starbuck/Library/TinyTeX/texmf-dist/tex/latex/base/book.cls
Document Class: book 2021/10/04 v1.4n Standard LaTeX document class
(/Users/craig.starbuck/Library/TinyTeX/texmf-dist/tex/latex/base/bk10.clo
File: bk10.clo 2021/10/04 v1.4n Standard LaTeX file (size option)
)
\c@part=\count181
\c@chapter=\count182
\c@section=\count183
\c@subsection=\count184
\c@subsubsection=\count185
\c@paragraph=\count186
\c@subparagraph=\count187
\c@figure=\count188
\c@table=\count189
\abovecaptionskip=\skip47
\belowcaptionskip=\skip48
\bibindent=\dimen138
) (/Users/craig.starbuck/Library/TinyTeX/texmf-dist/tex/latex/amsmath/amsmath.sty
Package: amsmath 2022/04/08 v2.17n AMS math features
\@mathmargin=\skip49
For additional information on amsmath, use the `?' option.
(/Users/craig.starbuck/Library/TinyTeX/texmf-dist/tex/latex/amsmath/amstext.sty
Package: amstext 2021/08/26 v2.01 AMS text
(/Users/craig.starbuck/Library/TinyTeX/texmf-dist/tex/latex/amsmath/amsgen.sty
File: amsgen.sty 1999/11/30 v2.0 generic functions
\@emptytoks=\toks16
\ex@=\dimen139
)) (/Users/craig.starbuck/Library/TinyTeX/texmf-dist/tex/latex/amsmath/amsbsy.sty
Package: amsbsy 1999/11/29 v1.2d Bold Symbols
\pmbraise@=\dimen140
) (/Users/craig.starbuck/Library/TinyTeX/texmf-dist/tex/latex/amsmath/amsopn.sty
Package: amsopn 2022/04/08 v2.04 operator names
)
\inf@bad=\count190
LaTeX Info: Redefining \frac on input line 234.
\uproot@=\count191
\leftroot@=\count192
LaTeX Info: Redefining \overline on input line 399.
LaTeX Info: Redefining \colon on input line 410.
\classnum@=\count193
\DOTSCASE@=\count194
LaTeX Info: Redefining \ldots on input line 496.
LaTeX Info: Redefining \dots on input line 499.
LaTeX Info: Redefining \cdots on input line 620.
\Mathstrutbox@=\box51
\strutbox@=\box52
LaTeX Info: Redefining \big on input line 722.
LaTeX Info: Redefining \Big on input line 723.
LaTeX Info: Redefining \bigg on input line 724.
LaTeX Info: Redefining \Bigg on input line 725.
\big@size=\dimen141
LaTeX Font Info:    Redeclaring font encoding OML on input line 743.
LaTeX Font Info:    Redeclaring font encoding OMS on input line 744.
\macc@depth=\count195
LaTeX Info: Redefining \bmod on input line 905.
LaTeX Info: Redefining \pmod on input line 910.
LaTeX Info: Redefining \smash on input line 940.
LaTeX Info: Redefining \relbar on input line 970.
LaTeX Info: Redefining \Relbar on input line 971.
\c@MaxMatrixCols=\count196
\dotsspace@=\muskip16
\c@parentequation=\count197
\dspbrk@lvl=\count198
\tag@help=\toks17
\row@=\count199
\column@=\count266
\maxfields@=\count267
\andhelp@=\toks18
\eqnshift@=\dimen142
\alignsep@=\dimen143
\tagshift@=\dimen144
\tagwidth@=\dimen145
\totwidth@=\dimen146
\lineht@=\dimen147
\@envbody=\toks19
\multlinegap=\skip50
\multlinetaggap=\skip51
\mathdisplay@stack=\toks20
LaTeX Info: Redefining \[ on input line 2953.
LaTeX Info: Redefining \] on input line 2954.
) (/Users/craig.starbuck/Library/TinyTeX/texmf-dist/tex/latex/amsfonts/amssymb.sty
Package: amssymb 2013/01/14 v3.01 AMS font symbols
(/Users/craig.starbuck/Library/TinyTeX/texmf-dist/tex/latex/amsfonts/amsfonts.sty
Package: amsfonts 2013/01/14 v3.01 Basic AMSFonts support
\symAMSa=\mathgroup4
\symAMSb=\mathgroup5
LaTeX Font Info:    Redeclaring math symbol \hbar on input line 98.
LaTeX Font Info:    Overwriting math alphabet `\mathfrak' in version `bold'
(Font)                  U/euf/m/n --> U/euf/b/n on input line 106.
)) (/Users/craig.starbuck/Library/TinyTeX/texmf-dist/tex/latex/lm/lmodern.sty
Package: lmodern 2015/05/01 v1.6.1 Latin Modern Fonts
LaTeX Font Info:    Overwriting symbol font `operators' in version `normal'
(Font)                  OT1/cmr/m/n --> OT1/lmr/m/n on input line 22.
LaTeX Font Info:    Overwriting symbol font `letters' in version `normal'
(Font)                  OML/cmm/m/it --> OML/lmm/m/it on input line 23.
LaTeX Font Info:    Overwriting symbol font `symbols' in version `normal'
(Font)                  OMS/cmsy/m/n --> OMS/lmsy/m/n on input line 24.
LaTeX Font Info:    Overwriting symbol font `largesymbols' in version `normal'
(Font)                  OMX/cmex/m/n --> OMX/lmex/m/n on input line 25.
LaTeX Font Info:    Overwriting symbol font `operators' in version `bold'
(Font)                  OT1/cmr/bx/n --> OT1/lmr/bx/n on input line 26.
LaTeX Font Info:    Overwriting symbol font `letters' in version `bold'
(Font)                  OML/cmm/b/it --> OML/lmm/b/it on input line 27.
LaTeX Font Info:    Overwriting symbol font `symbols' in version `bold'
(Font)                  OMS/cmsy/b/n --> OMS/lmsy/b/n on input line 28.
LaTeX Font Info:    Overwriting symbol font `largesymbols' in version `bold'
(Font)                  OMX/cmex/m/n --> OMX/lmex/m/n on input line 29.
LaTeX Font Info:    Overwriting math alphabet `\mathbf' in version `normal'
(Font)                  OT1/cmr/bx/n --> OT1/lmr/bx/n on input line 31.
LaTeX Font Info:    Overwriting math alphabet `\mathsf' in version `normal'
(Font)                  OT1/cmss/m/n --> OT1/lmss/m/n on input line 32.
LaTeX Font Info:    Overwriting math alphabet `\mathit' in version `normal'
(Font)                  OT1/cmr/m/it --> OT1/lmr/m/it on input line 33.
LaTeX Font Info:    Overwriting math alphabet `\mathtt' in version `normal'
(Font)                  OT1/cmtt/m/n --> OT1/lmtt/m/n on input line 34.
LaTeX Font Info:    Overwriting math alphabet `\mathbf' in version `bold'
(Font)                  OT1/cmr/bx/n --> OT1/lmr/bx/n on input line 35.
LaTeX Font Info:    Overwriting math alphabet `\mathsf' in version `bold'
(Font)                  OT1/cmss/bx/n --> OT1/lmss/bx/n on input line 36.
LaTeX Font Info:    Overwriting math alphabet `\mathit' in version `bold'
(Font)                  OT1/cmr/bx/it --> OT1/lmr/bx/it on input line 37.
LaTeX Font Info:    Overwriting math alphabet `\mathtt' in version `bold'
(Font)                  OT1/cmtt/m/n --> OT1/lmtt/m/n on input line 38.
) (/Users/craig.starbuck/Library/TinyTeX/texmf-dist/tex/generic/iftex/iftex.sty
Package: iftex 2022/02/03 v1.0f TeX engine tests
) (/Users/craig.starbuck/Library/TinyTeX/texmf-dist/tex/latex/unicode-math/unicode-math.sty (/Users/craig.starbuck/Library/TinyTeX/texmf-dist/tex/latex/l3kernel/expl3.sty
Package: expl3 2022-09-28 L3 programming layer (loader) 
(/Users/craig.starbuck/Library/TinyTeX/texmf-dist/tex/latex/l3backend/l3backend-xetex.def
File: l3backend-xetex.def 2022-09-28 L3 backend support: XeTeX
\g__graphics_track_int=\count268
\l__pdf_internal_box=\box53
\g__pdf_backend_object_int=\count269
\g__pdf_backend_annotation_int=\count270
\g__pdf_backend_link_int=\count271
))
Package: unicode-math 2020/01/31 v0.8q Unicode maths in XeLaTeX and LuaLaTeX
(/Users/craig.starbuck/Library/TinyTeX/texmf-dist/tex/latex/unicode-math/unicode-math-xetex.sty
Package: unicode-math-xetex 2020/01/31 v0.8q Unicode maths in XeLaTeX and LuaLaTeX
(/Users/craig.starbuck/Library/TinyTeX/texmf-dist/tex/latex/l3packages/xparse/xparse.sty
Package: xparse 2022-06-22 L3 Experimental document command parser
) (/Users/craig.starbuck/Library/TinyTeX/texmf-dist/tex/latex/l3packages/l3keys2e/l3keys2e.sty
Package: l3keys2e 2022-06-22 LaTeX2e option processing using LaTeX3 keys
) (/Users/craig.starbuck/Library/TinyTeX/texmf-dist/tex/latex/fontspec/fontspec.sty
Package: fontspec 2022/01/15 v2.8a Font selection for XeLaTeX and LuaLaTeX
(/Users/craig.starbuck/Library/TinyTeX/texmf-dist/tex/latex/fontspec/fontspec-xetex.sty
Package: fontspec-xetex 2022/01/15 v2.8a Font selection for XeLaTeX and LuaLaTeX
\l__fontspec_script_int=\count272
\l__fontspec_language_int=\count273
\l__fontspec_strnum_int=\count274
\l__fontspec_tmp_int=\count275
\l__fontspec_tmpa_int=\count276
\l__fontspec_tmpb_int=\count277
\l__fontspec_tmpc_int=\count278
\l__fontspec_em_int=\count279
\l__fontspec_emdef_int=\count280
\l__fontspec_strong_int=\count281
\l__fontspec_strongdef_int=\count282
\l__fontspec_tmpa_dim=\dimen148
\l__fontspec_tmpb_dim=\dimen149
\l__fontspec_tmpc_dim=\dimen150
(/Users/craig.starbuck/Library/TinyTeX/texmf-dist/tex/latex/base/fontenc.sty
Package: fontenc 2021/04/29 v2.0v Standard LaTeX package
) (/Users/craig.starbuck/Library/TinyTeX/texmf-dist/tex/latex/fontspec/fontspec.cfg))) (/Users/craig.starbuck/Library/TinyTeX/texmf-dist/tex/latex/base/fix-cm.sty
Package: fix-cm 2020/11/24 v1.1t fixes to LaTeX
(/Users/craig.starbuck/Library/TinyTeX/texmf-dist/tex/latex/base/ts1enc.def
File: ts1enc.def 2001/06/05 v3.0e (jk/car/fm) Standard LaTeX file
LaTeX Font Info:    Redeclaring font encoding TS1 on input line 47.
))
\g__um_fam_int=\count283
\g__um_fonts_used_int=\count284
\l__um_primecount_int=\count285
\g__um_primekern_muskip=\muskip17
(/Users/craig.starbuck/Library/TinyTeX/texmf-dist/tex/latex/unicode-math/unicode-math-table.tex))) (/Users/craig.starbuck/Library/TinyTeX/texmf-dist/tex/latex/upquote/upquote.sty
Package: upquote 2012/04/19 v1.3 upright-quote and grave-accent glyphs in verbatim
(/Users/craig.starbuck/Library/TinyTeX/texmf-dist/tex/latex/base/textcomp.sty
Package: textcomp 2020/02/02 v2.0n Standard LaTeX package
)) (/Users/craig.starbuck/Library/TinyTeX/texmf-dist/tex/latex/xcolor/xcolor.sty
Package: xcolor 2022/06/12 v2.14 LaTeX color extensions (UK)
(/Users/craig.starbuck/Library/TinyTeX/texmf-dist/tex/latex/graphics-cfg/color.cfg
File: color.cfg 2016/01/02 v1.6 sample color configuration
)
Package xcolor Info: Driver file: xetex.def on input line 227.
(/Users/craig.starbuck/Library/TinyTeX/texmf-dist/tex/latex/graphics-def/xetex.def
File: xetex.def 2022/09/22 v5.0n Graphics/color driver for xetex
\stockwidth=\dimen151
\stockheight=\dimen152
) (/Users/craig.starbuck/Library/TinyTeX/texmf-dist/tex/latex/graphics/mathcolor.ltx)
Package xcolor Info: Model `cmy' substituted by `cmy0' on input line 1353.
Package xcolor Info: Model `RGB' extended on input line 1369.
Package xcolor Info: Model `HTML' substituted by `rgb' on input line 1371.
Package xcolor Info: Model `Hsb' substituted by `hsb' on input line 1372.
Package xcolor Info: Model `tHsb' substituted by `hsb' on input line 1373.
Package xcolor Info: Model `HSB' substituted by `hsb' on input line 1374.
Package xcolor Info: Model `Gray' substituted by `gray' on input line 1375.
Package xcolor Info: Model `wave' substituted by `hsb' on input line 1376.
) (/Users/craig.starbuck/Library/TinyTeX/texmf-dist/tex/latex/fancyvrb/fancyvrb.sty
Package: fancyvrb 2022/06/06 4.5 verbatim text (tvz,hv)
(/Users/craig.starbuck/Library/TinyTeX/texmf-dist/tex/latex/graphics/keyval.sty
Package: keyval 2022/05/29 v1.15 key=value parser (DPC)
\KV@toks@=\toks21
)
\FV@CodeLineNo=\count286
\FV@InFile=\read2
\FV@TabBox=\box54
\c@FancyVerbLine=\count287
\FV@StepNumber=\count288
\FV@OutFile=\write3
) (/Users/craig.starbuck/Library/TinyTeX/texmf-dist/tex/latex/framed/framed.sty
Package: framed 2011/10/22 v 0.96: framed or shaded text with page breaks
\OuterFrameSep=\skip52
\fb@frw=\dimen153
\fb@frh=\dimen154
\FrameRule=\dimen155
\FrameSep=\dimen156
) (/Users/craig.starbuck/Library/TinyTeX/texmf-dist/tex/latex/tools/longtable.sty
Package: longtable 2021-09-01 v4.17 Multi-page Table package (DPC)
\LTleft=\skip53
\LTright=\skip54
\LTpre=\skip55
\LTpost=\skip56
\LTchunksize=\count289
\LTcapwidth=\dimen157
\LT@head=\box55
\LT@firsthead=\box56
\LT@foot=\box57
\LT@lastfoot=\box58
\LT@gbox=\box59
\LT@cols=\count290
\LT@rows=\count291
\c@LT@tables=\count292
\c@LT@chunks=\count293
\LT@p@ftn=\toks22
) (/Users/craig.starbuck/Library/TinyTeX/texmf-dist/tex/latex/booktabs/booktabs.sty
Package: booktabs 2020/01/12 v1.61803398 Publication quality tables
\heavyrulewidth=\dimen158
\lightrulewidth=\dimen159
\cmidrulewidth=\dimen160
\belowrulesep=\dimen161
\belowbottomsep=\dimen162
\aboverulesep=\dimen163
\abovetopsep=\dimen164
\cmidrulesep=\dimen165
\cmidrulekern=\dimen166
\defaultaddspace=\dimen167
\@cmidla=\count294
\@cmidlb=\count295
\@aboverulesep=\dimen168
\@belowrulesep=\dimen169
\@thisruleclass=\count296
\@lastruleclass=\count297
\@thisrulewidth=\dimen170
) (/Users/craig.starbuck/Library/TinyTeX/texmf-dist/tex/latex/tools/array.sty
Package: array 2022/03/10 v2.5f Tabular extension package (FMi)
\col@sep=\dimen171
\ar@mcellbox=\box60
\extrarowheight=\dimen172
\NC@list=\toks23
\extratabsurround=\skip57
\backup@length=\skip58
\ar@cellbox=\box61
) (/Users/craig.starbuck/Library/TinyTeX/texmf-dist/tex/latex/tools/calc.sty
Package: calc 2017/05/25 v4.3 Infix arithmetic (KKT,FJ)
\calc@Acount=\count298
\calc@Bcount=\count299
\calc@Adimen=\dimen173
\calc@Bdimen=\dimen174
\calc@Askip=\skip59
\calc@Bskip=\skip60
LaTeX Info: Redefining \setlength on input line 80.
LaTeX Info: Redefining \addtolength on input line 81.
\calc@Ccount=\count300
\calc@Cskip=\skip61
) (/Users/craig.starbuck/Library/TinyTeX/texmf-dist/tex/latex/etoolbox/etoolbox.sty
Package: etoolbox 2020/10/05 v2.5k e-TeX tools for LaTeX (JAW)
\etb@tempcnta=\count301
) (/Users/craig.starbuck/Library/TinyTeX/texmf-dist/tex/latex/mdwtools/footnote.sty
Package: footnote 1997/01/28 1.13 Save footnotes around boxes
\fn@notes=\box62
\fn@width=\dimen175
) (/Users/craig.starbuck/Library/TinyTeX/texmf-dist/tex/latex/graphics/graphicx.sty
Package: graphicx 2021/09/16 v1.2d Enhanced LaTeX Graphics (DPC,SPQR)
(/Users/craig.starbuck/Library/TinyTeX/texmf-dist/tex/latex/graphics/graphics.sty
Package: graphics 2022/03/10 v1.4e Standard LaTeX Graphics (DPC,SPQR)
(/Users/craig.starbuck/Library/TinyTeX/texmf-dist/tex/latex/graphics/trig.sty
Package: trig 2021/08/11 v1.11 sin cos tan (DPC)
) (/Users/craig.starbuck/Library/TinyTeX/texmf-dist/tex/latex/graphics-cfg/graphics.cfg
File: graphics.cfg 2016/06/04 v1.11 sample graphics configuration
)
Package graphics Info: Driver file: xetex.def on input line 107.
)
\Gin@req@height=\dimen176
\Gin@req@width=\dimen177
) (/Users/craig.starbuck/Library/TinyTeX/texmf-dist/tex/latex/base/makeidx.sty
Package: makeidx 2021/10/04 v1.0m Standard LaTeX package
)
\@indexfile=\write4
\openout4 = `The_Fundamentals_of_People_Analytics.idx'.

Writing index file The_Fundamentals_of_People_Analytics.idx
(/Users/craig.starbuck/Library/TinyTeX/texmf-dist/tex/latex/natbib/natbib.sty
Package: natbib 2010/09/13 8.31b (PWD, AO)
\bibhang=\skip62
\bibsep=\skip63
LaTeX Info: Redefining \cite on input line 694.
\c@NAT@ctr=\count302
) (/Users/craig.starbuck/Library/TinyTeX/texmf-dist/tex/latex/hyperref/hyperref.sty
Package: hyperref 2022-09-22 v7.00t Hypertext links for LaTeX
(/Users/craig.starbuck/Library/TinyTeX/texmf-dist/tex/generic/ltxcmds/ltxcmds.sty
Package: ltxcmds 2020-05-10 v1.25 LaTeX kernel commands for general use (HO)
) (/Users/craig.starbuck/Library/TinyTeX/texmf-dist/tex/generic/pdftexcmds/pdftexcmds.sty
Package: pdftexcmds 2020-06-27 v0.33 Utility functions of pdfTeX for LuaTeX (HO)
(/Users/craig.starbuck/Library/TinyTeX/texmf-dist/tex/generic/infwarerr/infwarerr.sty
Package: infwarerr 2019/12/03 v1.5 Providing info/warning/error messages (HO)
)
Package pdftexcmds Info: \pdf@primitive is available.
Package pdftexcmds Info: \pdf@ifprimitive is available.
Package pdftexcmds Info: \pdfdraftmode not found.
) (/Users/craig.starbuck/Library/TinyTeX/texmf-dist/tex/latex/kvsetkeys/kvsetkeys.sty
Package: kvsetkeys 2022-10-05 v1.19 Key value parser (HO)
) (/Users/craig.starbuck/Library/TinyTeX/texmf-dist/tex/generic/kvdefinekeys/kvdefinekeys.sty
Package: kvdefinekeys 2019-12-19 v1.6 Define keys (HO)
) (/Users/craig.starbuck/Library/TinyTeX/texmf-dist/tex/generic/pdfescape/pdfescape.sty
Package: pdfescape 2019/12/09 v1.15 Implements pdfTeX's escape features (HO)
) (/Users/craig.starbuck/Library/TinyTeX/texmf-dist/tex/latex/hycolor/hycolor.sty
Package: hycolor 2020-01-27 v1.10 Color options for hyperref/bookmark (HO)
) (/Users/craig.starbuck/Library/TinyTeX/texmf-dist/tex/latex/letltxmacro/letltxmacro.sty
Package: letltxmacro 2019/12/03 v1.6 Let assignment for LaTeX macros (HO)
) (/Users/craig.starbuck/Library/TinyTeX/texmf-dist/tex/latex/auxhook/auxhook.sty
Package: auxhook 2019-12-17 v1.6 Hooks for auxiliary files (HO)
) (/Users/craig.starbuck/Library/TinyTeX/texmf-dist/tex/latex/hyperref/nameref.sty
Package: nameref 2022-05-17 v2.50 Cross-referencing by name of section
(/Users/craig.starbuck/Library/TinyTeX/texmf-dist/tex/latex/refcount/refcount.sty
Package: refcount 2019/12/15 v3.6 Data extraction from label references (HO)
) (/Users/craig.starbuck/Library/TinyTeX/texmf-dist/tex/generic/gettitlestring/gettitlestring.sty
Package: gettitlestring 2019/12/15 v1.6 Cleanup title references (HO)
(/Users/craig.starbuck/Library/TinyTeX/texmf-dist/tex/latex/kvoptions/kvoptions.sty
Package: kvoptions 2022-06-15 v3.15 Key value format for package options (HO)
))
\c@section@level=\count303
)
\@linkdim=\dimen178
\Hy@linkcounter=\count304
\Hy@pagecounter=\count305
(/Users/craig.starbuck/Library/TinyTeX/texmf-dist/tex/latex/hyperref/pd1enc.def
File: pd1enc.def 2022-09-22 v7.00t Hyperref: PDFDocEncoding definition (HO)
) (/Users/craig.starbuck/Library/TinyTeX/texmf-dist/tex/generic/intcalc/intcalc.sty
Package: intcalc 2019/12/15 v1.3 Expandable calculations with integers (HO)
) (/Users/craig.starbuck/Library/TinyTeX/texmf-dist/tex/generic/etexcmds/etexcmds.sty
Package: etexcmds 2019/12/15 v1.7 Avoid name clashes with e-TeX commands (HO)
)
\Hy@SavedSpaceFactor=\count306
(/Users/craig.starbuck/Library/TinyTeX/texmf-dist/tex/latex/hyperref/puenc.def
File: puenc.def 2022-09-22 v7.00t Hyperref: PDF Unicode definition (HO)
)
Package hyperref Info: Option `unicode' set `true' on input line 4045.
Package hyperref Info: Hyper figures OFF on input line 4162.
Package hyperref Info: Link nesting OFF on input line 4167.
Package hyperref Info: Hyper index ON on input line 4170.
Package hyperref Info: Plain pages OFF on input line 4177.
Package hyperref Info: Backreferencing OFF on input line 4182.
Package hyperref Info: Implicit mode ON; LaTeX internals redefined.
Package hyperref Info: Bookmarks ON on input line 4410.
\c@Hy@tempcnt=\count307
(/Users/craig.starbuck/Library/TinyTeX/texmf-dist/tex/latex/url/url.sty
\Urlmuskip=\muskip18
Package: url 2013/09/16  ver 3.4  Verb mode for urls, etc.
)
LaTeX Info: Redefining \url on input line 4748.
\XeTeXLinkMargin=\dimen179
(/Users/craig.starbuck/Library/TinyTeX/texmf-dist/tex/generic/bitset/bitset.sty
Package: bitset 2019/12/09 v1.3 Handle bit-vector datatype (HO)
(/Users/craig.starbuck/Library/TinyTeX/texmf-dist/tex/generic/bigintcalc/bigintcalc.sty
Package: bigintcalc 2019/12/15 v1.5 Expandable calculations on big integers (HO)
))
\Fld@menulength=\count308
\Field@Width=\dimen180
\Fld@charsize=\dimen181
Package hyperref Info: Hyper figures OFF on input line 6027.
Package hyperref Info: Link nesting OFF on input line 6032.
Package hyperref Info: Hyper index ON on input line 6035.
Package hyperref Info: backreferencing OFF on input line 6042.
Package hyperref Info: Link coloring OFF on input line 6047.
Package hyperref Info: Link coloring with OCG OFF on input line 6052.
Package hyperref Info: PDF/A mode OFF on input line 6057.
(/Users/craig.starbuck/Library/TinyTeX/texmf-dist/tex/latex/base/atbegshi-ltx.sty
Package: atbegshi-ltx 2021/01/10 v1.0c Emulation of the original atbegshi
package with kernel methods
)
\Hy@abspage=\count309
\c@Item=\count310
\c@Hfootnote=\count311
)
Package hyperref Info: Driver (autodetected): hxetex.
(/Users/craig.starbuck/Library/TinyTeX/texmf-dist/tex/latex/hyperref/hxetex.def
File: hxetex.def 2022-09-22 v7.00t Hyperref driver for XeTeX
(/Users/craig.starbuck/Library/TinyTeX/texmf-dist/tex/generic/stringenc/stringenc.sty
Package: stringenc 2019/11/29 v1.12 Convert strings between diff. encodings (HO)
)
\pdfm@box=\box63
\c@Hy@AnnotLevel=\count312
\HyField@AnnotCount=\count313
\Fld@listcount=\count314
\c@bookmark@seq@number=\count315
(/Users/craig.starbuck/Library/TinyTeX/texmf-dist/tex/latex/rerunfilecheck/rerunfilecheck.sty
Package: rerunfilecheck 2022-07-10 v1.10 Rerun checks for auxiliary files (HO)
(/Users/craig.starbuck/Library/TinyTeX/texmf-dist/tex/latex/base/atveryend-ltx.sty
Package: atveryend-ltx 2020/08/19 v1.0a Emulation of the original atveryend package
with kernel methods
) (/Users/craig.starbuck/Library/TinyTeX/texmf-dist/tex/generic/uniquecounter/uniquecounter.sty
Package: uniquecounter 2019/12/15 v1.4 Provide unlimited unique counter (HO)
)
Package uniquecounter Info: New unique counter `rerunfilecheck' on input line 285.
)
\Hy@SectionHShift=\skip64
) (./The_Fundamentals_of_People_Analytics.aux)
\openout1 = `The_Fundamentals_of_People_Analytics.aux'.

LaTeX Font Info:    Checking defaults for OML/cmm/m/it on input line 133.
LaTeX Font Info:    ... okay on input line 133.
LaTeX Font Info:    Checking defaults for OMS/cmsy/m/n on input line 133.
LaTeX Font Info:    ... okay on input line 133.
LaTeX Font Info:    Checking defaults for OT1/cmr/m/n on input line 133.
LaTeX Font Info:    ... okay on input line 133.
LaTeX Font Info:    Checking defaults for T1/cmr/m/n on input line 133.
LaTeX Font Info:    ... okay on input line 133.
LaTeX Font Info:    Checking defaults for TS1/cmr/m/n on input line 133.
LaTeX Font Info:    ... okay on input line 133.
LaTeX Font Info:    Checking defaults for TU/lmr/m/n on input line 133.
LaTeX Font Info:    ... okay on input line 133.
LaTeX Font Info:    Checking defaults for OMX/cmex/m/n on input line 133.
LaTeX Font Info:    ... okay on input line 133.
LaTeX Font Info:    Checking defaults for U/cmr/m/n on input line 133.
LaTeX Font Info:    ... okay on input line 133.
LaTeX Font Info:    Checking defaults for PD1/pdf/m/n on input line 133.
LaTeX Font Info:    ... okay on input line 133.
LaTeX Font Info:    Checking defaults for PU/pdf/m/n on input line 133.
LaTeX Font Info:    ... okay on input line 133.
LaTeX Font Info:    Overwriting math alphabet `\mathrm' in version `normal'
(Font)                  OT1/lmr/m/n --> TU/lmr/m/n on input line 133.
LaTeX Font Info:    Overwriting math alphabet `\mathit' in version `normal'
(Font)                  OT1/lmr/m/it --> TU/lmr/m/it on input line 133.
LaTeX Font Info:    Overwriting math alphabet `\mathbf' in version `normal'
(Font)                  OT1/lmr/bx/n --> TU/lmr/bx/n on input line 133.
LaTeX Font Info:    Overwriting math alphabet `\mathsf' in version `normal'
(Font)                  OT1/lmss/m/n --> TU/lmss/m/n on input line 133.
LaTeX Font Info:    Overwriting math alphabet `\mathsf' in version `bold'
(Font)                  OT1/lmss/bx/n --> TU/lmss/bx/n on input line 133.
LaTeX Font Info:    Overwriting math alphabet `\mathtt' in version `normal'
(Font)                  OT1/lmtt/m/n --> TU/lmtt/m/n on input line 133.
LaTeX Font Info:    Overwriting math alphabet `\mathtt' in version `bold'
(Font)                  OT1/lmtt/m/n --> TU/lmtt/bx/n on input line 133.

Package fontspec Info: latinmodern-math scale = 0.9999964596882403.


Package fontspec Info: latinmodern-math scale = 0.9999964596882403.


Package fontspec Info: latinmodern-math scale = 0.9999964596882403.


Package fontspec Info: Font family 'latinmodern-math.otf(0)' created for font
(fontspec)             'latinmodern-math.otf' with options
(fontspec)             [Scale=MatchLowercase,BoldItalicFont={},ItalicFont={},SmallCapsFont={},Script=Math,BoldFont={latinmodern-math.otf}].
(fontspec)              
(fontspec)              This font family consists of the following NFSS
(fontspec)             series/shapes:
(fontspec)              
(fontspec)             - 'normal' (m/n) with NFSS spec.:
(fontspec)             <->s*[0.9999964596882403]"[latinmodern-math.otf]/OT:script=math;language=dflt;"
(fontspec)             - 'small caps'  (m/sc) with NFSS spec.: 
(fontspec)             - 'bold' (b/n) with NFSS spec.:
(fontspec)             <->s*[0.9999964596882403]"[latinmodern-math.otf]/OT:script=math;language=dflt;"
(fontspec)             - 'bold small caps'  (b/sc) with NFSS spec.: 

LaTeX Font Info:    Font shape `TU/latinmodern-math.otf(0)/m/n' will be
(Font)              scaled to size 10.0pt on input line 133.

Package fontspec Info: latinmodern-math scale = 0.9999964596882403.


Package fontspec Info: latinmodern-math scale = 0.9999964596882403.


Package fontspec Info: latinmodern-math scale = 0.9999964596882403.


Package fontspec Info: latinmodern-math scale = 0.9999964596882403.


Package fontspec Info: latinmodern-math scale = 0.9999964596882403.


Package fontspec Info: Font family 'latinmodern-math.otf(1)' created for font
(fontspec)             'latinmodern-math.otf' with options
(fontspec)             [Scale=MatchLowercase,BoldItalicFont={},ItalicFont={},SmallCapsFont={},Script=Math,SizeFeatures={{Size=8.5-},{Size=6-8.5,Font=latinmodern-math.otf,Style=MathScript},{Size=-6,Font=latinmodern-math.otf,Style=MathScriptScript}},BoldFont={latinmodern-math.otf}].
(fontspec)              
(fontspec)              This font family consists of the following NFSS
(fontspec)             series/shapes:
(fontspec)              
(fontspec)             - 'normal' (m/n) with NFSS spec.:
(fontspec)             <8.5->s*[0.9999964596882403]"[latinmodern-math.otf]/OT:script=math;language=dflt;"<6-8.5>s*[0.9999964596882403]"[latinmodern-math.otf]/OT:script=math;language=dflt;+ssty=0;"<-6>s*[0.9999964596882403]"[latinmodern-math.otf]/OT:script=math;language=dflt;+ssty=1;"
(fontspec)             - 'small caps'  (m/sc) with NFSS spec.: 
(fontspec)             - 'bold' (b/n) with NFSS spec.:
(fontspec)             <->s*[0.9999964596882403]"[latinmodern-math.otf]/OT:script=math;language=dflt;"
(fontspec)             - 'bold small caps'  (b/sc) with NFSS spec.: 

LaTeX Font Info:    Font shape `TU/latinmodern-math.otf(1)/m/n' will be
(Font)              scaled to size 10.0pt on input line 133.
LaTeX Font Info:    Encoding `OT1' has changed to `TU' for symbol font
(Font)              `operators' in the math version `normal' on input line 133.
LaTeX Font Info:    Overwriting symbol font `operators' in version `normal'
(Font)                  OT1/lmr/m/n --> TU/latinmodern-math.otf(1)/m/n on input line 133.
LaTeX Font Info:    Encoding `OT1' has changed to `TU' for symbol font
(Font)              `operators' in the math version `bold' on input line 133.
LaTeX Font Info:    Overwriting symbol font `operators' in version `bold'
(Font)                  OT1/lmr/bx/n --> TU/latinmodern-math.otf(1)/b/n on input line 133.

Package fontspec Info: latinmodern-math scale = 0.9999964596882403.


Package fontspec Info: latinmodern-math scale = 1.000096459334209.


Package fontspec Info: latinmodern-math scale = 0.9999964596882403.


Package fontspec Info: latinmodern-math scale = 1.000096459334209.


Package fontspec Info: latinmodern-math scale = 0.9999964596882403.


Package fontspec Info: latinmodern-math scale = 1.000096459334209.


Package fontspec Info: latinmodern-math scale = 0.9999964596882403.


Package fontspec Info: latinmodern-math scale = 1.000096459334209.


Package fontspec Info: latinmodern-math scale = 0.9999964596882403.


Package fontspec Info: latinmodern-math scale = 1.000096459334209.


Package fontspec Info: Font family 'latinmodern-math.otf(2)' created for font
(fontspec)             'latinmodern-math.otf' with options
(fontspec)             [Scale=MatchLowercase,BoldItalicFont={},ItalicFont={},SmallCapsFont={},Script=Math,SizeFeatures={{Size=8.5-},{Size=6-8.5,Font=latinmodern-math.otf,Style=MathScript},{Size=-6,Font=latinmodern-math.otf,Style=MathScriptScript}},BoldFont={latinmodern-math.otf},ScaleAgain=1.0001,FontAdjustment={\fontdimen
(fontspec)             8\font =6.77pt\relax \fontdimen 9\font =3.94pt\relax
(fontspec)             \fontdimen 10\font =4.44pt\relax \fontdimen 11\font
(fontspec)             =6.86pt\relax \fontdimen 12\font =3.45pt\relax
(fontspec)             \fontdimen 13\font =3.63pt\relax \fontdimen 14\font
(fontspec)             =3.63pt\relax \fontdimen 15\font =2.89pt\relax
(fontspec)             \fontdimen 16\font =2.47pt\relax \fontdimen 17\font
(fontspec)             =2.47pt\relax \fontdimen 18\font =2.5pt\relax
(fontspec)             \fontdimen 19\font =2.0pt\relax \fontdimen 22\font
(fontspec)             =2.5pt\relax \fontdimen 20\font =0pt\relax \fontdimen
(fontspec)             21\font =0pt\relax }].
(fontspec)              
(fontspec)              This font family consists of the following NFSS
(fontspec)             series/shapes:
(fontspec)              
(fontspec)             - 'normal' (m/n) with NFSS spec.:
(fontspec)             <8.5->s*[1.000096459334209]"[latinmodern-math.otf]/OT:script=math;language=dflt;"<6-8.5>s*[1.000096459334209]"[latinmodern-math.otf]/OT:script=math;language=dflt;+ssty=0;"<-6>s*[1.000096459334209]"[latinmodern-math.otf]/OT:script=math;language=dflt;+ssty=1;"
(fontspec)             - 'small caps'  (m/sc) with NFSS spec.: 
(fontspec)             and font adjustment code:
(fontspec)             \fontdimen 8\font =6.77pt\relax \fontdimen 9\font
(fontspec)             =3.94pt\relax \fontdimen 10\font =4.44pt\relax
(fontspec)             \fontdimen 11\font =6.86pt\relax \fontdimen 12\font
(fontspec)             =3.45pt\relax \fontdimen 13\font =3.63pt\relax
(fontspec)             \fontdimen 14\font =3.63pt\relax \fontdimen 15\font
(fontspec)             =2.89pt\relax \fontdimen 16\font =2.47pt\relax
(fontspec)             \fontdimen 17\font =2.47pt\relax \fontdimen 18\font
(fontspec)             =2.5pt\relax \fontdimen 19\font =2.0pt\relax \fontdimen
(fontspec)             22\font =2.5pt\relax \fontdimen 20\font =0pt\relax
(fontspec)             \fontdimen 21\font =0pt\relax 
(fontspec)             - 'bold' (b/n) with NFSS spec.:
(fontspec)             <->s*[1.000096459334209]"[latinmodern-math.otf]/OT:script=math;language=dflt;"
(fontspec)             - 'bold small caps'  (b/sc) with NFSS spec.: 
(fontspec)             and font adjustment code:
(fontspec)             \fontdimen 8\font =6.77pt\relax \fontdimen 9\font
(fontspec)             =3.94pt\relax \fontdimen 10\font =4.44pt\relax
(fontspec)             \fontdimen 11\font =6.86pt\relax \fontdimen 12\font
(fontspec)             =3.45pt\relax \fontdimen 13\font =3.63pt\relax
(fontspec)             \fontdimen 14\font =3.63pt\relax \fontdimen 15\font
(fontspec)             =2.89pt\relax \fontdimen 16\font =2.47pt\relax
(fontspec)             \fontdimen 17\font =2.47pt\relax \fontdimen 18\font
(fontspec)             =2.5pt\relax \fontdimen 19\font =2.0pt\relax \fontdimen
(fontspec)             22\font =2.5pt\relax \fontdimen 20\font =0pt\relax
(fontspec)             \fontdimen 21\font =0pt\relax 

LaTeX Font Info:    Encoding `OMS' has changed to `TU' for symbol font
(Font)              `symbols' in the math version `normal' on input line 133.
LaTeX Font Info:    Overwriting symbol font `symbols' in version `normal'
(Font)                  OMS/lmsy/m/n --> TU/latinmodern-math.otf(2)/m/n on input line 133.
LaTeX Font Info:    Encoding `OMS' has changed to `TU' for symbol font
(Font)              `symbols' in the math version `bold' on input line 133.
LaTeX Font Info:    Overwriting symbol font `symbols' in version `bold'
(Font)                  OMS/lmsy/b/n --> TU/latinmodern-math.otf(2)/b/n on input line 133.

Package fontspec Info: latinmodern-math scale = 0.9999964596882403.


Package fontspec Info: latinmodern-math scale = 0.9998964600422715.


Package fontspec Info: latinmodern-math scale = 0.9999964596882403.


Package fontspec Info: latinmodern-math scale = 0.9998964600422715.


Package fontspec Info: latinmodern-math scale = 0.9999964596882403.


Package fontspec Info: latinmodern-math scale = 0.9998964600422715.


Package fontspec Info: latinmodern-math scale = 0.9999964596882403.


Package fontspec Info: latinmodern-math scale = 0.9998964600422715.


Package fontspec Info: latinmodern-math scale = 0.9999964596882403.


Package fontspec Info: latinmodern-math scale = 0.9998964600422715.


Package fontspec Info: Font family 'latinmodern-math.otf(3)' created for font
(fontspec)             'latinmodern-math.otf' with options
(fontspec)             [Scale=MatchLowercase,BoldItalicFont={},ItalicFont={},SmallCapsFont={},Script=Math,SizeFeatures={{Size=8.5-},{Size=6-8.5,Font=latinmodern-math.otf,Style=MathScript},{Size=-6,Font=latinmodern-math.otf,Style=MathScriptScript}},BoldFont={latinmodern-math.otf},ScaleAgain=0.9999,FontAdjustment={\fontdimen
(fontspec)             8\font =0.4pt\relax \fontdimen 9\font =2.0pt\relax
(fontspec)             \fontdimen 10\font =1.67pt\relax \fontdimen 11\font
(fontspec)             =1.11pt\relax \fontdimen 12\font =6.0pt\relax
(fontspec)             \fontdimen 13\font =0pt\relax }].
(fontspec)              
(fontspec)              This font family consists of the following NFSS
(fontspec)             series/shapes:
(fontspec)              
(fontspec)             - 'normal' (m/n) with NFSS spec.:
(fontspec)             <8.5->s*[0.9998964600422715]"[latinmodern-math.otf]/OT:script=math;language=dflt;"<6-8.5>s*[0.9998964600422715]"[latinmodern-math.otf]/OT:script=math;language=dflt;+ssty=0;"<-6>s*[0.9998964600422715]"[latinmodern-math.otf]/OT:script=math;language=dflt;+ssty=1;"
(fontspec)             - 'small caps'  (m/sc) with NFSS spec.: 
(fontspec)             and font adjustment code:
(fontspec)             \fontdimen 8\font =0.4pt\relax \fontdimen 9\font
(fontspec)             =2.0pt\relax \fontdimen 10\font =1.67pt\relax
(fontspec)             \fontdimen 11\font =1.11pt\relax \fontdimen 12\font
(fontspec)             =6.0pt\relax \fontdimen 13\font =0pt\relax 
(fontspec)             - 'bold' (b/n) with NFSS spec.:
(fontspec)             <->s*[0.9998964600422715]"[latinmodern-math.otf]/OT:script=math;language=dflt;"
(fontspec)             - 'bold small caps'  (b/sc) with NFSS spec.: 
(fontspec)             and font adjustment code:
(fontspec)             \fontdimen 8\font =0.4pt\relax \fontdimen 9\font
(fontspec)             =2.0pt\relax \fontdimen 10\font =1.67pt\relax
(fontspec)             \fontdimen 11\font =1.11pt\relax \fontdimen 12\font
(fontspec)             =6.0pt\relax \fontdimen 13\font =0pt\relax 

LaTeX Font Info:    Encoding `OMX' has changed to `TU' for symbol font
(Font)              `largesymbols' in the math version `normal' on input line 133.
LaTeX Font Info:    Overwriting symbol font `largesymbols' in version `normal'
(Font)                  OMX/lmex/m/n --> TU/latinmodern-math.otf(3)/m/n on input line 133.
LaTeX Font Info:    Encoding `OMX' has changed to `TU' for symbol font
(Font)              `largesymbols' in the math version `bold' on input line 133.
LaTeX Font Info:    Overwriting symbol font `largesymbols' in version `bold'
(Font)                  OMX/lmex/m/n --> TU/latinmodern-math.otf(3)/b/n on input line 133.
Package hyperref Info: Link coloring OFF on input line 133.
(./The_Fundamentals_of_People_Analytics.out) (./The_Fundamentals_of_People_Analytics.out)
\@outlinefile=\write5
\openout5 = `The_Fundamentals_of_People_Analytics.out'.

LaTeX Font Info:    Font shape `TU/latinmodern-math.otf(1)/m/n' will be
(Font)              scaled to size 12.0pt on input line 135.
LaTeX Font Info:    Font shape `TU/latinmodern-math.otf(1)/m/n' will be
(Font)              scaled to size 8.0pt on input line 135.
LaTeX Font Info:    Font shape `TU/latinmodern-math.otf(1)/m/n' will be
(Font)              scaled to size 6.0pt on input line 135.
LaTeX Font Info:    Trying to load font information for OML+lmm on input line 135.
(/Users/craig.starbuck/Library/TinyTeX/texmf-dist/tex/latex/lm/omllmm.fd
File: omllmm.fd 2015/05/01 v1.6.1 Font defs for Latin Modern
)
LaTeX Font Info:    Font shape `TU/latinmodern-math.otf(2)/m/n' will be
(Font)              scaled to size 12.0011pt on input line 135.
LaTeX Font Info:    Font shape `TU/latinmodern-math.otf(2)/m/n' will be
(Font)              scaled to size 8.00073pt on input line 135.
LaTeX Font Info:    Font shape `TU/latinmodern-math.otf(2)/m/n' will be
(Font)              scaled to size 6.00055pt on input line 135.
LaTeX Font Info:    Font shape `TU/latinmodern-math.otf(3)/m/n' will be
(Font)              scaled to size 11.99872pt on input line 135.
LaTeX Font Info:    Font shape `TU/latinmodern-math.otf(3)/m/n' will be
(Font)              scaled to size 7.99915pt on input line 135.
LaTeX Font Info:    Font shape `TU/latinmodern-math.otf(3)/m/n' will be
(Font)              scaled to size 5.99936pt on input line 135.
LaTeX Font Info:    Trying to load font information for U+msa on input line 135.
(/Users/craig.starbuck/Library/TinyTeX/texmf-dist/tex/latex/amsfonts/umsa.fd
File: umsa.fd 2013/01/14 v3.01 AMS symbols A
)
LaTeX Font Info:    Trying to load font information for U+msb on input line 135.
(/Users/craig.starbuck/Library/TinyTeX/texmf-dist/tex/latex/amsfonts/umsb.fd
File: umsb.fd 2013/01/14 v3.01 AMS symbols B
) [1


] [2

] (./The_Fundamentals_of_People_Analytics.toc
LaTeX Font Info:    Font shape `TU/latinmodern-math.otf(1)/m/n' will be
(Font)              scaled to size 7.0pt on input line 5.
LaTeX Font Info:    Font shape `TU/latinmodern-math.otf(1)/m/n' will be
(Font)              scaled to size 5.0pt on input line 5.
LaTeX Font Info:    Font shape `TU/latinmodern-math.otf(2)/m/n' will be
(Font)              scaled to size 10.00092pt on input line 5.
LaTeX Font Info:    Font shape `TU/latinmodern-math.otf(2)/m/n' will be
(Font)              scaled to size 7.00064pt on input line 5.
LaTeX Font Info:    Font shape `TU/latinmodern-math.otf(2)/m/n' will be
(Font)              scaled to size 5.00046pt on input line 5.
LaTeX Font Info:    Font shape `TU/latinmodern-math.otf(3)/m/n' will be
(Font)              scaled to size 9.99893pt on input line 5.
LaTeX Font Info:    Font shape `TU/latinmodern-math.otf(3)/m/n' will be
(Font)              scaled to size 6.99925pt on input line 5.
LaTeX Font Info:    Font shape `TU/latinmodern-math.otf(3)/m/n' will be
(Font)              scaled to size 4.99947pt on input line 5.
[3] [4] [5] [6])
\tf@toc=\write6
\openout6 = `The_Fundamentals_of_People_Analytics.toc'.

[7] [8

] [9] [10

] [11] [12] [13

] [14]
Chapter 1.
[15

] [16] [17] [18] [19] [20] [21]
File: graphics/scientific_method.png Graphic file (type bmp)
<graphics/scientific_method.png>
File: graphics/4d_framework_overview.png Graphic file (type bmp)
<graphics/4d_framework_overview.png>
[22] [23] [24]
Chapter 2.
[25

]
Overfull \hbox (17.50201pt too wide) in paragraph at lines 496--497
[]\TU/lmr/m/n/10 To view a list of available data sets, execute \TU/lmtt/m/n/10 data(package = "peopleanalytics")\TU/lmr/m/n/10 . 
 []

[26]
File: graphics/r_help.png Graphic file (type bmp)
<graphics/r_help.png>
[27] [28] [29]
Overfull \hbox (33.0pt too wide) in paragraph at lines 706--706
[]\TU/lmtt/m/n/10 ##  [1] "2021-01-01" "2021-02-01" "2021-03-01" "2021-04-01" "2021-05-01"[] 
 []


Overfull \hbox (33.0pt too wide) in paragraph at lines 706--706
[]\TU/lmtt/m/n/10 ##  [6] "2021-06-01" "2021-07-01" "2021-08-01" "2021-09-01" "2021-10-01"[] 
 []

[30] [31]
Overfull \hbox (69.75pt too wide) in paragraph at lines 833--833
[]\TU/lmtt/m/n/10 ##  [1] 1.000000 1.414214 1.732051 2.000000 2.236068 2.449490 2.645751 2.828427[] 
 []


Overfull \hbox (59.25pt too wide) in paragraph at lines 845--845
[]\TU/lmtt/m/n/10 ##  [1] 0.0000000 0.6931472 1.0986123 1.3862944 1.6094379 1.7917595 1.9459101[] 
 []


Overfull \hbox (33.0pt too wide) in paragraph at lines 857--857
[]\TU/lmtt/m/n/10 ##  [1]     2.718282     7.389056    20.085537    54.598150   148.413159[] 
 []


Overfull \hbox (33.0pt too wide) in paragraph at lines 857--857
[]\TU/lmtt/m/n/10 ##  [6]   403.428793  1096.633158  2980.957987  8103.083928 22026.465795[] 
 []

[32]
Overfull \hbox (6.75pt too wide) in paragraph at lines 891--891
[]\TU/lmtt/m/n/10 ##  [1]  TRUE  TRUE  TRUE  TRUE  TRUE FALSE FALSE FALSE FALSE FALSE[] 
 []

[33] [34] [35] [36] [37]
Overfull \hbox (33.0pt too wide) in paragraph at lines 1199--1199
[]\TU/lmtt/m/n/10 ##  [1] "2021-01-01" "2021-02-01" "2021-03-01" "2021-04-01" "2021-05-01"[] 
 []


Overfull \hbox (33.0pt too wide) in paragraph at lines 1199--1199
[]\TU/lmtt/m/n/10 ##  [6] "2021-06-01" "2021-07-01" "2021-08-01" "2021-09-01" "2021-10-01"[] 
 []

LaTeX Font Info:    Font shape `TU/lmtt/bx/n' in size <10> not available
(Font)              Font shape `TU/lmtt/b/n' tried instead on input line 1215.
[38] [39] [40]
File: The_Fundamentals_of_People_Analytics_files/figure-latex/unnamed-chunk-53-1.pdf Graphic file (type pdf)
<use The_Fundamentals_of_People_Analytics_files/figure-latex/unnamed-chunk-53-1.pdf>
File: The_Fundamentals_of_People_Analytics_files/figure-latex/unnamed-chunk-54-1.pdf Graphic file (type pdf)
<use The_Fundamentals_of_People_Analytics_files/figure-latex/unnamed-chunk-54-1.pdf>

Underfull \vbox (badness 10000) has occurred while \output is active []

[41] [42] [43] [44

]
Chapter 3.
[45] [46] [47] [48] [49]
File: graphics/dw_schema.png Graphic file (type bmp)
<graphics/dw_schema.png>
[50]
File: graphics/dw_erd.png Graphic file (type bmp)
<graphics/dw_erd.png>
File: graphics/sql_joins.png Graphic file (type bmp)
<graphics/sql_joins.png>
[51] [52] [53]
Overfull \hbox (48.75pt too wide) in paragraph at lines 1774--1774
[]\TU/lmtt/m/n/10 ##                   job_title employee_cnt avg_org_tenure avg_commute_dist[] 
 []


Overfull \hbox (48.75pt too wide) in paragraph at lines 1774--1774
[]\TU/lmtt/m/n/10 ## 1 Healthcare Representative          131            8.6              9.8[] 
 []


Overfull \hbox (48.75pt too wide) in paragraph at lines 1774--1774
[]\TU/lmtt/m/n/10 ## 2     Laboratory Technician          259            5.0              9.4[] 
 []


Overfull \hbox (48.75pt too wide) in paragraph at lines 1774--1774
[]\TU/lmtt/m/n/10 ## 3                   Manager           52           13.7              7.2[] 
 []


Overfull \hbox (48.75pt too wide) in paragraph at lines 1774--1774
[]\TU/lmtt/m/n/10 ## 4    Manufacturing Director          145            7.6              9.5[] 
 []


Overfull \hbox (48.75pt too wide) in paragraph at lines 1774--1774
[]\TU/lmtt/m/n/10 ## 5         Research Director           80           10.9              8.4[] 
 []


Overfull \hbox (48.75pt too wide) in paragraph at lines 1774--1774
[]\TU/lmtt/m/n/10 ## 6        Research Scientist          292            5.1              9.0[] 
 []

[54]
Overfull \hbox (48.75pt too wide) in paragraph at lines 1820--1820
[]\TU/lmtt/m/n/10 ##                   job_title employee_cnt avg_org_tenure avg_commute_dist[] 
 []


Overfull \hbox (48.75pt too wide) in paragraph at lines 1820--1820
[]\TU/lmtt/m/n/10 ## 1 Healthcare Representative          131            8.6              9.8[] 
 []


Overfull \hbox (48.75pt too wide) in paragraph at lines 1820--1820
[]\TU/lmtt/m/n/10 ## 2     Laboratory Technician          259            5.0              9.4[] 
 []


Overfull \hbox (48.75pt too wide) in paragraph at lines 1820--1820
[]\TU/lmtt/m/n/10 ## 3                   Manager           52           13.7              7.2[] 
 []


Overfull \hbox (48.75pt too wide) in paragraph at lines 1820--1820
[]\TU/lmtt/m/n/10 ## 4    Manufacturing Director          145            7.6              9.5[] 
 []


Overfull \hbox (48.75pt too wide) in paragraph at lines 1820--1820
[]\TU/lmtt/m/n/10 ## 5         Research Director           80           10.9              8.4[] 
 []


Overfull \hbox (48.75pt too wide) in paragraph at lines 1820--1820
[]\TU/lmtt/m/n/10 ## 6        Research Scientist          292            5.1              9.0[] 
 []

[55] [56] [57] [58]
Overfull \hbox (43.5pt too wide) in paragraph at lines 1989--1989
[]\TU/lmtt/m/n/10 ##    employee_id                 job_title commute_dist commute_dist_rank[] 
 []


Overfull \hbox (43.5pt too wide) in paragraph at lines 1989--1989
[]\TU/lmtt/m/n/10 ## 1         2325 Healthcare Representative           29                 1[] 
 []


Overfull \hbox (43.5pt too wide) in paragraph at lines 1989--1989
[]\TU/lmtt/m/n/10 ## 2         1414 Healthcare Representative           28                 2[] 
 []


Overfull \hbox (43.5pt too wide) in paragraph at lines 1989--1989
[]\TU/lmtt/m/n/10 ## 3         1010 Healthcare Representative           27                 3[] 
 []


Overfull \hbox (43.5pt too wide) in paragraph at lines 1989--1989
[]\TU/lmtt/m/n/10 ## 4         1573 Healthcare Representative           27                 3[] 
 []


Overfull \hbox (43.5pt too wide) in paragraph at lines 1989--1989
[]\TU/lmtt/m/n/10 ## 5         2200 Healthcare Representative           26                 5[] 
 []


Overfull \hbox (43.5pt too wide) in paragraph at lines 1989--1989
[]\TU/lmtt/m/n/10 ## 6         1730 Healthcare Representative           25                 6[] 
 []


Overfull \hbox (43.5pt too wide) in paragraph at lines 1989--1989
[]\TU/lmtt/m/n/10 ## 7         1833 Healthcare Representative           25                 6[] 
 []


Overfull \hbox (43.5pt too wide) in paragraph at lines 1989--1989
[]\TU/lmtt/m/n/10 ## 8         1993 Healthcare Representative           25                 6[] 
 []


Overfull \hbox (43.5pt too wide) in paragraph at lines 1989--1989
[]\TU/lmtt/m/n/10 ## 9         2415 Healthcare Representative           25                 6[] 
 []


Overfull \hbox (43.5pt too wide) in paragraph at lines 1989--1989
[]\TU/lmtt/m/n/10 ## 10        1164 Healthcare Representative           24                10[] 
 []

[59]
Underfull \vbox (badness 10000) has occurred while \output is active []

[60]
Underfull \vbox (badness 2799) has occurred while \output is active []

[61] [62]
Chapter 4.
[63

] [64]
File: graphics/research_designs.png Graphic file (type bmp)
<graphics/research_designs.png>
[65] [66] [67] [68] [69] [70

]
Chapter 5.
[71] [72] [73]
File: graphics/conceptual_model.png Graphic file (type bmp)
<graphics/conceptual_model.png>
[74] [75] [76] [77] [78] [79] [80] [81] [82]
File: graphics/ww2_plane_damage.png Graphic file (type bmp)
<graphics/ww2_plane_damage.png>
[83] [84] [85]
File: graphics/reliability_validity.png Graphic file (type bmp)
<graphics/reliability_validity.png>
[86] [87] [88] [89] [90

]
Chapter 6.
File: The_Fundamentals_of_People_Analytics_files/figure-latex/analytics-tasks-1.pdf Graphic file (type pdf)
<use The_Fundamentals_of_People_Analytics_files/figure-latex/analytics-tasks-1.pdf>

Underfull \vbox (badness 10000) has occurred while \output is active []

[91] [92]
File: graphics/type_2_table.png Graphic file (type bmp)
<graphics/type_2_table.png>
[93]
File: graphics/type_1_table.png Graphic file (type bmp)
<graphics/type_1_table.png>
[94] [95]
Overfull \hbox (1.5pt too wide) in paragraph at lines 3001--3001
[]\TU/lmtt/m/n/10 ##   employee_id      active          stock_opt_lvl      trainings[] 
 []


Overfull \hbox (12.0pt too wide) in paragraph at lines 3001--3001
[]\TU/lmtt/m/n/10 ##  Min.   :1001   Length:1470        Min.   :0.0000   Min.   :0.000[] 
 []


Overfull \hbox (12.0pt too wide) in paragraph at lines 3001--3001
[]\TU/lmtt/m/n/10 ##  1st Qu.:1368   Class :character   1st Qu.:0.0000   1st Qu.:2.000[] 
 []


Overfull \hbox (12.0pt too wide) in paragraph at lines 3001--3001
[]\TU/lmtt/m/n/10 ##  Median :1736   Mode  :character   Median :1.0000   Median :3.000[] 
 []


Overfull \hbox (12.0pt too wide) in paragraph at lines 3001--3001
[]\TU/lmtt/m/n/10 ##  Mean   :1736                      Mean   :0.7939   Mean   :2.799[] 
 []


Overfull \hbox (12.0pt too wide) in paragraph at lines 3001--3001
[]\TU/lmtt/m/n/10 ##  3rd Qu.:2103                      3rd Qu.:1.0000   3rd Qu.:3.000[] 
 []


Overfull \hbox (12.0pt too wide) in paragraph at lines 3001--3001
[]\TU/lmtt/m/n/10 ##  Max.   :2470                      Max.   :3.0000   Max.   :6.000[] 
 []


Overfull \hbox (17.25pt too wide) in paragraph at lines 3001--3001
[]\TU/lmtt/m/n/10 ##  1st Qu.:30.00   1st Qu.: 2.000   1st Qu.:2.000   Class :character[] 
 []


Overfull \hbox (17.25pt too wide) in paragraph at lines 3001--3001
[]\TU/lmtt/m/n/10 ##  Median :36.00   Median : 7.000   Median :3.000   Mode  :character[] 
 []


Overfull \hbox (38.25pt too wide) in paragraph at lines 3001--3001
[]\TU/lmtt/m/n/10 ##     gender          marital_sts            dept             engagement[] 
 []


Overfull \hbox (38.25pt too wide) in paragraph at lines 3001--3001
[]\TU/lmtt/m/n/10 ##  Length:1470        Length:1470        Length:1470        Min.   :1.00[] 
 []


Overfull \hbox (38.25pt too wide) in paragraph at lines 3001--3001
[]\TU/lmtt/m/n/10 ##  Class :character   Class :character   Class :character   1st Qu.:2.00[] 
 []


Overfull \hbox (38.25pt too wide) in paragraph at lines 3001--3001
[]\TU/lmtt/m/n/10 ##  Mode  :character   Mode  :character   Mode  :character   Median :3.00[] 
 []


Overfull \hbox (38.25pt too wide) in paragraph at lines 3001--3001
[]\TU/lmtt/m/n/10 ##                                                           Mean   :2.73[] 
 []


Overfull \hbox (38.25pt too wide) in paragraph at lines 3001--3001
[]\TU/lmtt/m/n/10 ##                                                           3rd Qu.:3.00[] 
 []


Overfull \hbox (38.25pt too wide) in paragraph at lines 3001--3001
[]\TU/lmtt/m/n/10 ##                                                           Max.   :4.00[] 
 []


Overfull \hbox (38.25pt too wide) in paragraph at lines 3001--3001
[]\TU/lmtt/m/n/10 ##     job_lvl       job_title           overtime         business_travel[] 
 []


Overfull \hbox (17.25pt too wide) in paragraph at lines 3001--3001
[]\TU/lmtt/m/n/10 ##  Min.   :1.000   Length:1470        Length:1470        Length:1470[] 
 []


Overfull \hbox (43.5pt too wide) in paragraph at lines 3001--3001
[]\TU/lmtt/m/n/10 ##  1st Qu.:1.000   Class :character   Class :character   Class :character[] 
 []


Overfull \hbox (43.5pt too wide) in paragraph at lines 3001--3001
[]\TU/lmtt/m/n/10 ##  Median :2.000   Mode  :character   Mode  :character   Mode  :character[] 
 []


Overfull \hbox (6.75pt too wide) in paragraph at lines 3001--3001
[]\TU/lmtt/m/n/10 ##  Min.   : 30.00   Min.   :240.0   Min.   : 5200   Min.   : 62400[] 
 []

[96]
Overfull \hbox (6.75pt too wide) in paragraph at lines 3001--3001
[]\TU/lmtt/m/n/10 ##  1st Qu.: 48.00   1st Qu.:384.0   1st Qu.: 8320   1st Qu.: 99840[] 
 []


Overfull \hbox (6.75pt too wide) in paragraph at lines 3001--3001
[]\TU/lmtt/m/n/10 ##  Median : 66.00   Median :528.0   Median :11440   Median :137280[] 
 []


Overfull \hbox (6.75pt too wide) in paragraph at lines 3001--3001
[]\TU/lmtt/m/n/10 ##  Mean   : 65.89   Mean   :527.1   Mean   :11421   Mean   :137054[] 
 []


Overfull \hbox (6.75pt too wide) in paragraph at lines 3001--3001
[]\TU/lmtt/m/n/10 ##  3rd Qu.: 83.75   3rd Qu.:670.0   3rd Qu.:14517   3rd Qu.:174200[] 
 []


Overfull \hbox (6.75pt too wide) in paragraph at lines 3001--3001
[]\TU/lmtt/m/n/10 ##  Max.   :100.00   Max.   :800.0   Max.   :17333   Max.   :208000[] 
 []


Overfull \hbox (69.75pt too wide) in paragraph at lines 3001--3001
[]\TU/lmtt/m/n/10 ##    ytd_leads       ytd_sales       standard_hrs salary_hike_pct  perf_rating[] 
 []


Overfull \hbox (75.0pt too wide) in paragraph at lines 3001--3001
[]\TU/lmtt/m/n/10 ##  Min.   :11.00   Min.   : 15496   Min.   :80    Min.   :11.00   Min.   :3.000[] 
 []


Overfull \hbox (75.0pt too wide) in paragraph at lines 3001--3001
[]\TU/lmtt/m/n/10 ##  1st Qu.:45.00   1st Qu.: 56997   1st Qu.:80    1st Qu.:12.00   1st Qu.:3.000[] 
 []


Overfull \hbox (75.0pt too wide) in paragraph at lines 3001--3001
[]\TU/lmtt/m/n/10 ##  Median :59.00   Median : 73505   Median :80    Median :14.00   Median :3.000[] 
 []


Overfull \hbox (75.0pt too wide) in paragraph at lines 3001--3001
[]\TU/lmtt/m/n/10 ##  Mean   :55.84   Mean   : 77124   Mean   :80    Mean   :15.21   Mean   :3.154[] 
 []


Overfull \hbox (75.0pt too wide) in paragraph at lines 3001--3001
[]\TU/lmtt/m/n/10 ##  3rd Qu.:65.00   3rd Qu.: 96002   3rd Qu.:80    3rd Qu.:18.00   3rd Qu.:3.000[] 
 []


Overfull \hbox (75.0pt too wide) in paragraph at lines 3001--3001
[]\TU/lmtt/m/n/10 ##  Max.   :95.00   Max.   :281499   Max.   :80    Max.   :25.00   Max.   :4.000[] 
 []


Overfull \hbox (6.75pt too wide) in paragraph at lines 3001--3001
[]\TU/lmtt/m/n/10 ##  Min.   :1.000   Min.   : 0.00   Min.   : 0.000   Min.   : 0.000[] 
 []


Overfull \hbox (6.75pt too wide) in paragraph at lines 3001--3001
[]\TU/lmtt/m/n/10 ##  1st Qu.:2.000   1st Qu.: 6.00   1st Qu.: 3.000   1st Qu.: 2.000[] 
 []


Overfull \hbox (6.75pt too wide) in paragraph at lines 3001--3001
[]\TU/lmtt/m/n/10 ##  Median :2.000   Median :10.00   Median : 5.000   Median : 3.000[] 
 []


Overfull \hbox (6.75pt too wide) in paragraph at lines 3001--3001
[]\TU/lmtt/m/n/10 ##  Mean   :1.841   Mean   :11.28   Mean   : 7.032   Mean   : 4.229[] 
 []


Overfull \hbox (6.75pt too wide) in paragraph at lines 3001--3001
[]\TU/lmtt/m/n/10 ##  3rd Qu.:2.000   3rd Qu.:15.00   3rd Qu.: 9.000   3rd Qu.: 7.000[] 
 []


Overfull \hbox (6.75pt too wide) in paragraph at lines 3001--3001
[]\TU/lmtt/m/n/10 ##  Max.   :2.000   Max.   :40.00   Max.   :72.000   Max.   :18.000[] 
 []

[97] [98] [99] [100] [101] [102]
File: graphics/onehot_encoding.png Graphic file (type bmp)
<graphics/onehot_encoding.png>
[103] [104] [105] [106] [107] [108

]
Chapter 7.
[109] [110] [111] [112] [113] [114] [115] [116]
File: The_Fundamentals_of_People_Analytics_files/figure-latex/unnamed-chunk-109-1.pdf Graphic file (type pdf)
<use The_Fundamentals_of_People_Analytics_files/figure-latex/unnamed-chunk-109-1.pdf>
[117]
File: The_Fundamentals_of_People_Analytics_files/figure-latex/boxplot-barchart-compare-1.pdf Graphic file (type pdf)
<use The_Fundamentals_of_People_Analytics_files/figure-latex/boxplot-barchart-compare-1.pdf>
File: The_Fundamentals_of_People_Analytics_files/figure-latex/boxplot-alt-1.pdf Graphic file (type pdf)
<use The_Fundamentals_of_People_Analytics_files/figure-latex/boxplot-alt-1.pdf>
[118]
File: graphics/skewness.png Graphic file (type bmp)
<graphics/skewness.png>
[119] [120]
File: The_Fundamentals_of_People_Analytics_files/figure-latex/org-tenure-distribution-1.pdf Graphic file (type pdf)
<use The_Fundamentals_of_People_Analytics_files/figure-latex/org-tenure-distribution-1.pdf>
[121]
File: graphics/kurtosis.jpg Graphic file (type bmp)
<graphics/kurtosis.jpg>
[122] [123]
Overfull \hbox (38.25pt too wide) in paragraph at lines 3969--3969
[]\TU/lmtt/m/n/10 ##                   annual_comp          age    org_tenure    job_tenure[] 
 []


Overfull \hbox (38.25pt too wide) in paragraph at lines 3969--3969
[]\TU/lmtt/m/n/10 ## annual_comp      1.788039e+09 9381.6772019 -3921.9601469 -3693.1960749[] 
 []


Overfull \hbox (38.25pt too wide) in paragraph at lines 3969--3969
[]\TU/lmtt/m/n/10 ## age              9.381677e+03   83.4550488    17.9255146     7.0467503[] 
 []


Overfull \hbox (38.25pt too wide) in paragraph at lines 3969--3969
[]\TU/lmtt/m/n/10 ## org_tenure      -3.921960e+03   17.9255146    39.7967987    16.9797312[] 
 []


Overfull \hbox (38.25pt too wide) in paragraph at lines 3969--3969
[]\TU/lmtt/m/n/10 ## job_tenure      -3.693196e+03    7.0467503    16.9797312    13.1271220[] 
 []


Overfull \hbox (38.25pt too wide) in paragraph at lines 3969--3969
[]\TU/lmtt/m/n/10 ## prior_emplr_cnt  2.340406e+03    6.8377387    -1.8547177    -0.8213802[] 
 []


Overfull \hbox (38.25pt too wide) in paragraph at lines 3969--3969
[]\TU/lmtt/m/n/10 ## commute_dist     1.067158e+04   -0.1248728     0.7746438     0.5535206[] 
 []

[124] [125]
File: graphics/correlation_table.png Graphic file (type bmp)
<graphics/correlation_table.png>
[126]
File: graphics/phi_coefficient_formula.png Graphic file (type bmp)
<graphics/phi_coefficient_formula.png>
[127]
Overfull \hbox (85.5pt too wide) in paragraph at lines 4113--4113
[]\TU/lmtt/m/n/10 ##                 annual_comp         age  org_tenure  job_tenure prior_emplr_cnt[] 
 []


Overfull \hbox (85.5pt too wide) in paragraph at lines 4113--4113
[]\TU/lmtt/m/n/10 ## annual_comp      1.00000000  0.02428654 -0.01470248 -0.02410622      0.02215688[] 
 []


Overfull \hbox (85.5pt too wide) in paragraph at lines 4113--4113
[]\TU/lmtt/m/n/10 ## age              0.02428654  1.00000000  0.31104359  0.21290106      0.29963476[] 
 []


Overfull \hbox (85.5pt too wide) in paragraph at lines 4113--4113
[]\TU/lmtt/m/n/10 ## org_tenure      -0.01470248  0.31104359  1.00000000  0.74288567     -0.11769547[] 
 []


Overfull \hbox (85.5pt too wide) in paragraph at lines 4113--4113
[]\TU/lmtt/m/n/10 ## job_tenure      -0.02410622  0.21290106  0.74288567  1.00000000     -0.09075393[] 
 []


Overfull \hbox (85.5pt too wide) in paragraph at lines 4113--4113
[]\TU/lmtt/m/n/10 ## prior_emplr_cnt  0.02215688  0.29963476 -0.11769547 -0.09075393      1.00000000[] 
 []


Overfull \hbox (85.5pt too wide) in paragraph at lines 4113--4113
[]\TU/lmtt/m/n/10 ## commute_dist     0.03113059 -0.00168612  0.01514695  0.01884500     -0.02925080[] 
 []

[128]
File: The_Fundamentals_of_People_Analytics_files/figure-latex/corrplot-comp-1.pdf Graphic file (type pdf)
<use The_Fundamentals_of_People_Analytics_files/figure-latex/corrplot-comp-1.pdf>
File: The_Fundamentals_of_People_Analytics_files/figure-latex/ggpairs-comp-1.pdf Graphic file (type pdf)
<use The_Fundamentals_of_People_Analytics_files/figure-latex/ggpairs-comp-1.pdf>
[129]
File: graphics/spurious_corr_maine_divorce.png Graphic file (type bmp)
<graphics/spurious_corr_maine_divorce.png>
File: graphics/spurious_corr_mozzarella_cheese.png Graphic file (type bmp)
<graphics/spurious_corr_mozzarella_cheese.png>
[130] [131] [132]
Chapter 8.

Underfull \vbox (badness 1681) has occurred while \output is active []

[133

]
File: The_Fundamentals_of_People_Analytics_files/figure-latex/org-tenure-dist-1.pdf Graphic file (type pdf)
<use The_Fundamentals_of_People_Analytics_files/figure-latex/org-tenure-dist-1.pdf>
[134] [135] [136]
Underfull \vbox (badness 10000) detected at line 4386
 []


Underfull \vbox (badness 10000) detected at line 4386
 []

[137]
File: The_Fundamentals_of_People_Analytics_files/figure-latex/discrete-dist-1.pdf Graphic file (type pdf)
<use The_Fundamentals_of_People_Analytics_files/figure-latex/discrete-dist-1.pdf>
[138]
File: The_Fundamentals_of_People_Analytics_files/figure-latex/continous-dist-1.pdf Graphic file (type pdf)
<use The_Fundamentals_of_People_Analytics_files/figure-latex/continous-dist-1.pdf>
[139] [140] [141] [142]
File: graphics/normal_distribution.png Graphic file (type bmp)
<graphics/normal_distribution.png>
[143] [144]
File: The_Fundamentals_of_People_Analytics_files/figure-latex/unnamed-chunk-129-1.pdf Graphic file (type pdf)
<use The_Fundamentals_of_People_Analytics_files/figure-latex/unnamed-chunk-129-1.pdf>
[145]
Underfull \vbox (badness 10000) detected at line 4692
 []


Underfull \vbox (badness 10000) detected at line 4692
 []

[146]
File: The_Fundamentals_of_People_Analytics_files/figure-latex/unnamed-chunk-130-1.pdf Graphic file (type pdf)
<use The_Fundamentals_of_People_Analytics_files/figure-latex/unnamed-chunk-130-1.pdf>
[147]
File: graphics/confidence_intervals.png Graphic file (type bmp)
<graphics/confidence_intervals.png>
[148] [149] [150]
File: graphics/t_distribution.png Graphic file (type bmp)
<graphics/t_distribution.png>
File: graphics/t-table.png Graphic file (type bmp)
<graphics/t-table.png>
[151] [152] [153] [154]
File: graphics/hypothesis_testing_errors.png Graphic file (type bmp)
<graphics/hypothesis_testing_errors.png>
[155] [156]
File: graphics/conventional_effect_size_table.png Graphic file (type bmp)
<graphics/conventional_effect_size_table.png>
[157] [158] [159] [160

]
Chapter 9.
[161]
File: graphics/discrete_differences_test_table.png Graphic file (type bmp)
<graphics/discrete_differences_test_table.png>
[162]
File: The_Fundamentals_of_People_Analytics_files/figure-latex/chisq-dist-1.pdf Graphic file (type pdf)
<use The_Fundamentals_of_People_Analytics_files/figure-latex/chisq-dist-1.pdf>
[163]
File: The_Fundamentals_of_People_Analytics_files/figure-latex/mosaic-plot-1.pdf Graphic file (type pdf)
<use The_Fundamentals_of_People_Analytics_files/figure-latex/mosaic-plot-1.pdf>
[164] [165]
File: graphics/contingency_table.png Graphic file (type bmp)
<graphics/contingency_table.png>
[166]
File: graphics/continuous_differences_test_table.png Graphic file (type bmp)
<graphics/continuous_differences_test_table.png>
[167]
File: The_Fundamentals_of_People_Analytics_files/figure-latex/mean-group-diff-1.pdf Graphic file (type pdf)
<use The_Fundamentals_of_People_Analytics_files/figure-latex/mean-group-diff-1.pdf>
File: The_Fundamentals_of_People_Analytics_files/figure-latex/comp-job-boxplots-1.pdf Graphic file (type pdf)
<use The_Fundamentals_of_People_Analytics_files/figure-latex/comp-job-boxplots-1.pdf>
[168] [169]
Overfull \hbox (17.25pt too wide) in paragraph at lines 5374--5374
[]\TU/lmtt/m/n/10 ## alternative hypothesis: true difference in means is not equal to 0[] 
 []

[170] [171] [172] [173] [174] [175] [176]
File: The_Fundamentals_of_People_Analytics_files/figure-latex/pre-post-diff-1.pdf Graphic file (type pdf)
<use The_Fundamentals_of_People_Analytics_files/figure-latex/pre-post-diff-1.pdf>
[177] [178]
Underfull \hbox (badness 5260) in paragraph at lines 5753--5754
[]\TU/lmr/bx/n/10 Difference-in-differences (DiD) \TU/lmr/m/n/10 estimation is an alternative quasi-
 []

[179] [180] [181] [182] [183]
File: The_Fundamentals_of_People_Analytics_files/figure-latex/comp-dist-1.pdf Graphic file (type pdf)
<use The_Fundamentals_of_People_Analytics_files/figure-latex/comp-dist-1.pdf>
File: The_Fundamentals_of_People_Analytics_files/figure-latex/qq-plot-1.pdf Graphic file (type pdf)
<use The_Fundamentals_of_People_Analytics_files/figure-latex/qq-plot-1.pdf>
[184] [185]
File: The_Fundamentals_of_People_Analytics_files/figure-latex/qq-plots-trans-1.pdf Graphic file (type pdf)
<use The_Fundamentals_of_People_Analytics_files/figure-latex/qq-plots-trans-1.pdf>
[186]
Overfull \hbox (75.0pt too wide) in paragraph at lines 6078--6078
[]\TU/lmtt/m/n/10 ##  Pairwise comparisons using Wilcoxon rank sum test with continuity correction[] 
 []

[187] [188]
Overfull \hbox (6.75pt too wide) in paragraph at lines 6134--6134
[]\TU/lmtt/m/n/10 ##                            Df    Sum Sq   Mean Sq F value Pr(>F)[] 
 []


Overfull \hbox (17.25pt too wide) in paragraph at lines 6134--6134
[]\TU/lmtt/m/n/10 ## as.factor(job_sat)          3 1.494e+10 4.980e+09   2.803 0.0386 *[] 
 []


Overfull \hbox (17.25pt too wide) in paragraph at lines 6134--6134
[]\TU/lmtt/m/n/10 ## as.factor(stock_opt_lvl)    3 1.260e+10 4.201e+09   2.365 0.0694 .[] 
 []

File: The_Fundamentals_of_People_Analytics_files/figure-latex/two-way-factorial-1.pdf Graphic file (type pdf)
<use The_Fundamentals_of_People_Analytics_files/figure-latex/two-way-factorial-1.pdf>
[189] [190]
Chapter 10.
[191

] [192]
Underfull \hbox (badness 1783) in paragraph at lines 6228--6230
[]\TU/lmr/bx/n/10 High-Leverage Observations\TU/lmr/m/n/10 : Influential data that significantly
 []

[193] [194]
File: The_Fundamentals_of_People_Analytics_files/figure-latex/lm-residuals-1.pdf Graphic file (type pdf)
<use The_Fundamentals_of_People_Analytics_files/figure-latex/lm-residuals-1.pdf>
File: The_Fundamentals_of_People_Analytics_files/figure-latex/lm-fit-compare-1.pdf Graphic file (type pdf)
<use The_Fundamentals_of_People_Analytics_files/figure-latex/lm-fit-compare-1.pdf>
[195] [196]
File: The_Fundamentals_of_People_Analytics_files/figure-latex/high-leverage-1.pdf Graphic file (type pdf)
<use The_Fundamentals_of_People_Analytics_files/figure-latex/high-leverage-1.pdf>
File: The_Fundamentals_of_People_Analytics_files/figure-latex/slm-diagnostics-1.pdf Graphic file (type pdf)
<use The_Fundamentals_of_People_Analytics_files/figure-latex/slm-diagnostics-1.pdf>
[197] [198] [199]
File: The_Fundamentals_of_People_Analytics_files/figure-latex/slm-residuals-1.pdf Graphic file (type pdf)
<use The_Fundamentals_of_People_Analytics_files/figure-latex/slm-residuals-1.pdf>
[200] [201] [202]
File: The_Fundamentals_of_People_Analytics_files/figure-latex/slm-fit-1.pdf Graphic file (type pdf)
<use The_Fundamentals_of_People_Analytics_files/figure-latex/slm-fit-1.pdf>
[203] [204]
File: The_Fundamentals_of_People_Analytics_files/figure-latex/ggpairs-ytd-sales-1.pdf Graphic file (type pdf)
<use The_Fundamentals_of_People_Analytics_files/figure-latex/ggpairs-ytd-sales-1.pdf>
[205] [206]
File: The_Fundamentals_of_People_Analytics_files/figure-latex/pre-mlm-diagnostics-1.pdf Graphic file (type pdf)
<use The_Fundamentals_of_People_Analytics_files/figure-latex/pre-mlm-diagnostics-1.pdf>
File: The_Fundamentals_of_People_Analytics_files/figure-latex/post-mlm-diagnostics-1.pdf Graphic file (type pdf)
<use The_Fundamentals_of_People_Analytics_files/figure-latex/post-mlm-diagnostics-1.pdf>
[207] [208]
File: The_Fundamentals_of_People_Analytics_files/figure-latex/mlm-residuals-1.pdf Graphic file (type pdf)
<use The_Fundamentals_of_People_Analytics_files/figure-latex/mlm-residuals-1.pdf>
[209]
Overfull \hbox (33.0pt too wide) in paragraph at lines 6749--6749
[]\TU/lmtt/m/n/10 ## lm(formula = sqrt(ytd_sales) ~ engagement + job_lvl + stock_opt_lvl +[] 
 []

[210]
Overfull \hbox (52.21802pt too wide) detected at line 6762
[][][] [] [] [] [][][][][] [] [][][][][] [] [][][][][] [] [][][][][] [] []
 []


Overfull \hbox (1.5pt too wide) in paragraph at lines 6797--6797
[]\TU/lmtt/m/n/10 ## lm(formula = ytd_sales ~ engagement + job_lvl + stock_opt_lvl +[] 
 []

[211]

LaTeX Warning: Reference `fig:mlm-scaled' on page 212 undefined on input line 6799.


Overfull \hbox (12.0pt too wide) in paragraph at lines 6829--6829
[]\TU/lmtt/m/n/10 ## lm(formula = sqrt(ytd_sales) ~ job_lvl * org_tenure, data = data)[] 
 []

[212]
Overfull \hbox (6.75pt too wide) in paragraph at lines 6873--6873
[]\TU/lmtt/m/n/10 ## lm(formula = sqrt(ytd_sales) ~ job_lvl_cntrd * org_tenure_cntrd,[] 
 []

[213]
Overfull \hbox (22.5pt too wide) in paragraph at lines 6873--6873
[]\TU/lmtt/m/n/10 ##                                Estimate Std. Error t value Pr(>|t|)[] 
 []


Overfull \hbox (43.5pt too wide) in paragraph at lines 6873--6873
[]\TU/lmtt/m/n/10 ## (Intercept)                    276.5606     1.5653 176.680  < 2e-16 ***[] 
 []


Overfull \hbox (43.5pt too wide) in paragraph at lines 6873--6873
[]\TU/lmtt/m/n/10 ## job_lvl_cntrd                   34.0427     2.4065  14.146  < 2e-16 ***[] 
 []


Overfull \hbox (43.5pt too wide) in paragraph at lines 6873--6873
[]\TU/lmtt/m/n/10 ## org_tenure_cntrd                 7.2623     0.3789  19.165  < 2e-16 ***[] 
 []


Overfull \hbox (43.5pt too wide) in paragraph at lines 6873--6873
[]\TU/lmtt/m/n/10 ## job_lvl_cntrd:org_tenure_cntrd  -2.5142     0.2996  -8.393 8.01e-16 ***[] 
 []


LaTeX Warning: Reference `fig:mlm-int' on page 214 undefined on input line 6891.


LaTeX Warning: Reference `fig:mlm-int-cntrd' on page 214 undefined on input line 6891.

File: The_Fundamentals_of_People_Analytics_files/figure-latex/int-effects-1.pdf Graphic file (type pdf)
<use The_Fundamentals_of_People_Analytics_files/figure-latex/int-effects-1.pdf>
[214] [215]
File: graphics/mediation_paths.png Graphic file (type bmp)
<graphics/mediation_paths.png>
[216] [217] [218] [219] [220

]
Chapter 11.

Overfull \hbox (33.0pt too wide) in paragraph at lines 7112--7112
[]\TU/lmtt/m/n/10 ## lm(formula = sqrt(ytd_sales) ~ engagement + job_lvl + stock_opt_lvl +[] 
 []

[221]
Overfull \hbox (33.0pt too wide) in paragraph at lines 7137--7137
[]\TU/lmtt/m/n/10 ## lm(formula = sqrt(ytd_sales) ~ engagement + job_lvl + stock_opt_lvl +[] 
 []

[222]

LaTeX Warning: Reference `fig:mlm-ot' on page 223 undefined on input line 7141.


LaTeX Warning: Reference `fig:mlm-nonot' on page 223 undefined on input line 7141.


Overfull \hbox (27.75pt too wide) in paragraph at lines 7174--7174
[]\TU/lmtt/m/n/10 ## lm(formula = sqrt(ytd_sales) ~ job_lvl + stock_opt_lvl + org_tenure,[] 
 []

[223]
Overfull \hbox (33.0pt too wide) in paragraph at lines 7199--7199
[]\TU/lmtt/m/n/10 ## lm(formula = sqrt(ytd_sales) ~ engagement + job_lvl + stock_opt_lvl +[] 
 []


LaTeX Warning: Reference `fig:hier-ctrl' on page 224 undefined on input line 7201.


LaTeX Warning: Reference `fig:hier-main' on page 224 undefined on input line 7201.


LaTeX Warning: Reference `fig:hier-ctrl' on page 224 undefined on input line 7203.


Underfull \hbox (badness 1596) in paragraph at lines 7203--7204
[]\TU/lmr/m/n/10 In addition, Figure [] shows that without \TU/lmtt/m/n/10 engagement \TU/lmr/m/n/10 in the model,
 []


Underfull \vbox (badness 10000) has occurred while \output is active []

[224] [225]
Overfull \hbox (27.75pt too wide) in paragraph at lines 7272--7272
[]\TU/lmtt/m/n/10 ## Linear mixed model fit by REML. t-tests use Satterthwaite[]s method [[] 
 []


Overfull \hbox (43.5pt too wide) in paragraph at lines 7272--7272
[]\TU/lmtt/m/n/10 ## Formula: sqrt(ytd_sales) ~ engagement + job_lvl + (1 | stock_opt_lvl) +[] 
 []

[226] [227]
File: The_Fundamentals_of_People_Analytics_files/figure-latex/poly-fun-1.pdf Graphic file (type pdf)
<use The_Fundamentals_of_People_Analytics_files/figure-latex/poly-fun-1.pdf>
[228]
File: The_Fundamentals_of_People_Analytics_files/figure-latex/ps-turnover-trends-1.pdf Graphic file (type pdf)
<use The_Fundamentals_of_People_Analytics_files/figure-latex/ps-turnover-trends-1.pdf>
[229]
Overfull \hbox (27.75pt too wide) in paragraph at lines 7377--7377
[]\TU/lmtt/m/n/10 ## lm(formula = turnover_rate ~ month + I(month^2), data = ps_turnover)[] 
 []

[230]
File: The_Fundamentals_of_People_Analytics_files/figure-latex/turnover-pred-1.pdf Graphic file (type pdf)
<use The_Fundamentals_of_People_Analytics_files/figure-latex/turnover-pred-1.pdf>
[231] [232]

LaTeX Warning: Reference `fig:ps-cube-mnthrem-output' on page 233 undefined on input line 7455.


Overfull \hbox (33.0pt too wide) in paragraph at lines 7493--7493
[]\TU/lmtt/m/n/10 ## lm(formula = turnover_rate ~ year + month + I(month^2) + I(month^3) +[] 
 []

[233]
File: The_Fundamentals_of_People_Analytics_files/figure-latex/ps-turnover-yrly-dist-1.pdf Graphic file (type pdf)
<use The_Fundamentals_of_People_Analytics_files/figure-latex/ps-turnover-yrly-dist-1.pdf>

Overfull \hbox (22.5pt too wide) in paragraph at lines 7534--7534
[]\TU/lmtt/m/n/10 ## lm(formula = turnover_rate ~ year + I(year^2) + I(year^3) + month +[] 
 []

[234] [235]
Overfull \hbox (71.01797pt too wide) detected at line 7540
[] [] [][][][][] [] [][][][][][][][] [] [][][][][][][][][] [] [][][][][][][][] [] [][][][][][][][][] [] [][][][][][][][][] [] [][][][][][][][][] [] [][][][][][][][][][] [] []
 []

[236] [237] [238

]
Chapter 12.
[239] [240]

LaTeX Warning: Reference `fig:glm-rating' on page 241 undefined on input line 7621.

[241]
File: The_Fundamentals_of_People_Analytics_files/figure-latex/lm-glm-compare-1.pdf Graphic file (type pdf)
<use The_Fundamentals_of_People_Analytics_files/figure-latex/lm-glm-compare-1.pdf>

LaTeX Warning: Reference `fig:glm-ot-lvl' on page 242 undefined on input line 7652.

[242]
Overfull \hbox (27.75pt too wide) in paragraph at lines 7692--7692
[]\TU/lmtt/m/n/10 ## glm(formula = active ~ overtime + job_lvl2plus, family = "binomial",[] 
 []

[243]
Overfull \hbox (64.5pt too wide) in paragraph at lines 7738--7738
[]\TU/lmtt/m/n/10 ## Call:  glm(formula = active ~ overtime + job_lvl2plus, family = "binomial",[] 
 []


Overfull \hbox (12.0pt too wide) in paragraph at lines 7762--7762
[]\TU/lmtt/m/n/10 ## Generalized linear mixed model fit by maximum likelihood (Laplace[] 
 []


Overfull \hbox (12.0pt too wide) in paragraph at lines 7762--7762
[]\TU/lmtt/m/n/10 ## Formula: active ~ overtime + job_lvl2plus + (1 | business_travel)[] 
 []

[244] [245]
Overfull \hbox (38.25pt too wide) in paragraph at lines 7847--7847
[]\TU/lmtt/m/n/10 ## nnet::multinom(formula = dept ~ overtime + ed_field, data = employees)[] 
 []

[246]
Overfull \hbox (27.75pt too wide) in paragraph at lines 7847--7847
[]\TU/lmtt/m/n/10 ##                        (Intercept) overtimeYes ed_fieldLife Sciences[] 
 []


Overfull \hbox (27.75pt too wide) in paragraph at lines 7847--7847
[]\TU/lmtt/m/n/10 ## Research & Development   -18.92857   0.1674815              22.19842[] 
 []


Overfull \hbox (27.75pt too wide) in paragraph at lines 7847--7847
[]\TU/lmtt/m/n/10 ## Sales                    -19.40948   0.1602262              21.60505[] 
 []


Overfull \hbox (38.25pt too wide) in paragraph at lines 7847--7847
[]\TU/lmtt/m/n/10 ##                        ed_fieldMarketing ed_fieldMedical ed_fieldOther[] 
 []


Overfull \hbox (38.25pt too wide) in paragraph at lines 7847--7847
[]\TU/lmtt/m/n/10 ## Research & Development          25.72879        22.21217      21.93577[] 
 []


Overfull \hbox (38.25pt too wide) in paragraph at lines 7847--7847
[]\TU/lmtt/m/n/10 ## Sales                           37.42515        21.27842      20.96823[] 
 []


Overfull \hbox (27.75pt too wide) in paragraph at lines 7847--7847
[]\TU/lmtt/m/n/10 ##                        (Intercept) overtimeYes ed_fieldLife Sciences[] 
 []


Overfull \hbox (27.75pt too wide) in paragraph at lines 7847--7847
[]\TU/lmtt/m/n/10 ## Research & Development    1.808496   0.3917603              1.817514[] 
 []


Overfull \hbox (27.75pt too wide) in paragraph at lines 7847--7847
[]\TU/lmtt/m/n/10 ## Sales                     1.810390   0.4071887              1.819982[] 
 []


Overfull \hbox (38.25pt too wide) in paragraph at lines 7847--7847
[]\TU/lmtt/m/n/10 ##                        ed_fieldMarketing ed_fieldMedical ed_fieldOther[] 
 []


Overfull \hbox (38.25pt too wide) in paragraph at lines 7847--7847
[]\TU/lmtt/m/n/10 ## Research & Development          8.991934        1.820007      1.864206[] 
 []


Overfull \hbox (38.25pt too wide) in paragraph at lines 7847--7847
[]\TU/lmtt/m/n/10 ## Sales                           8.996707        1.823207      1.874536[] 
 []

[247]
File: The_Fundamentals_of_People_Analytics_files/figure-latex/ot-dept-1.pdf Graphic file (type pdf)
<use The_Fundamentals_of_People_Analytics_files/figure-latex/ot-dept-1.pdf>
File: The_Fundamentals_of_People_Analytics_files/figure-latex/ed-field-dept-1.pdf Graphic file (type pdf)
<use The_Fundamentals_of_People_Analytics_files/figure-latex/ed-field-dept-1.pdf>
[248] [249] [250]
Overfull \hbox (22.5pt too wide) in paragraph at lines 7960--7960
[]\TU/lmtt/m/n/10 ##  Ord.factor w/ 5 levels "1"<"2"<"3"<"4"<..: 3 2 2 3 3 3 4 3 2 3 ...[] 
 []

[251] [252]
Overfull \hbox (1.5pt too wide) in paragraph at lines 8030--8030
[]\TU/lmtt/m/n/10 ## MASS::polr(formula = engagement ~ org_tenure, data = employees,[] 
 []

[253]
Overfull \hbox (1.5pt too wide) in paragraph at lines 8059--8059
[]\TU/lmtt/m/n/10 ##                    Value  Std. Error      t value       p value[] 
 []


Overfull \hbox (1.5pt too wide) in paragraph at lines 8059--8059
[]\TU/lmtt/m/n/10 ## org_tenure   -0.00696485 0.008032275    -0.867108  3.858828e-01[] 
 []


Overfull \hbox (1.5pt too wide) in paragraph at lines 8059--8059
[]\TU/lmtt/m/n/10 ## 1|2          -2.86612408 0.127144280   -22.542297 1.598105e-112[] 
 []


Overfull \hbox (1.5pt too wide) in paragraph at lines 8059--8059
[]\TU/lmtt/m/n/10 ## 2|3          -0.84185679 0.080404351   -10.470289  1.182814e-25[] 
 []


Overfull \hbox (1.5pt too wide) in paragraph at lines 8059--8059
[]\TU/lmtt/m/n/10 ## 3|4           2.17107818 0.103641956    20.947870  1.962145e-97[] 
 []


Overfull \hbox (1.5pt too wide) in paragraph at lines 8059--8059
[]\TU/lmtt/m/n/10 ## 4|5        4122.55669611 0.103641956 39776.909511  0.000000e+00[] 
 []

[254]
Chapter 13.
[255

]
File: graphics/stats_ml_satire.png Graphic file (type bmp)
<graphics/stats_ml_satire.png>
[256] [257]
File: graphics/confusion_matrix.png Graphic file (type bmp)
<graphics/confusion_matrix.png>
[258] [259]
File: graphics/bias_variance_tradeoff.png Graphic file (type bmp)
<graphics/bias_variance_tradeoff.png>
[260]
File: graphics/decision_tree.png Graphic file (type bmp)
<graphics/decision_tree.png>
[261] [262] [263]
Overfull \hbox (59.25pt too wide) in paragraph at lines 8406--8406
[]\TU/lmtt/m/n/10 ## glm(formula = active ~ overtime + job_lvl + engagement + interview_rating,[] 
 []

[264]
Overfull \hbox (59.25pt too wide) in paragraph at lines 8435--8435
[]\TU/lmtt/m/n/10 ## glm(formula = active ~ overtime + job_lvl + engagement + interview_rating,[] 
 []

[265] [266] [267]
File: The_Fundamentals_of_People_Analytics_files/figure-latex/class-mdl-perf-1.pdf Graphic file (type pdf)
<use The_Fundamentals_of_People_Analytics_files/figure-latex/class-mdl-perf-1.pdf>
File: The_Fundamentals_of_People_Analytics_files/figure-latex/var-imp-plot-1.pdf Graphic file (type pdf)
<use The_Fundamentals_of_People_Analytics_files/figure-latex/var-imp-plot-1.pdf>
[268] [269]
File: The_Fundamentals_of_People_Analytics_files/figure-latex/rpart-tree-1.pdf Graphic file (type pdf)
<use The_Fundamentals_of_People_Analytics_files/figure-latex/rpart-tree-1.pdf>
[270]
Overfull \hbox (33.0pt too wide) in paragraph at lines 8657--8657
[]\TU/lmtt/m/n/10 ## lm(formula = turnover_rate ~ year + month + I(month^2) + I(month^3) +[] 
 []

[271] [272] [273]
File: The_Fundamentals_of_People_Analytics_files/figure-latex/mdl-yr4-5-1.pdf Graphic file (type pdf)
<use The_Fundamentals_of_People_Analytics_files/figure-latex/mdl-yr4-5-1.pdf>
[274] [275] [276]
Chapter 14.

Underfull \hbox (badness 1496) in paragraph at lines 8805--8806
[]\TU/lmr/m/n/10 People analytics often involves the unique challenge of analyzing high-
 []

[277

] [278] [279]
Overfull \hbox (85.5pt too wide) in paragraph at lines 8891--8891
[]\TU/lmtt/m/n/10 ##  belong  effort    incl   eng_1   eng_2   eng_3    happ psafety   ret_1   ret_2[] 
 []


Overfull \hbox (85.5pt too wide) in paragraph at lines 8891--8891
[]\TU/lmtt/m/n/10 ##    0.94    0.86    0.86    0.86    0.89    0.89    0.92    0.90    0.91    0.89[] 
 []

[280]
File: The_Fundamentals_of_People_Analytics_files/figure-latex/scree-plot-1.pdf Graphic file (type pdf)
<use The_Fundamentals_of_People_Analytics_files/figure-latex/scree-plot-1.pdf>
[281]
File: The_Fundamentals_of_People_Analytics_files/figure-latex/pca-var-plot-1.pdf Graphic file (type pdf)
<use The_Fundamentals_of_People_Analytics_files/figure-latex/pca-var-plot-1.pdf>
[282] [283] [284]
File: The_Fundamentals_of_People_Analytics_files/figure-latex/fct-ld-diagram-1.pdf Graphic file (type pdf)
<use The_Fundamentals_of_People_Analytics_files/figure-latex/fct-ld-diagram-1.pdf>
[285]
File: The_Fundamentals_of_People_Analytics_files/figure-latex/ggpairs-eng-ret-1.pdf Graphic file (type pdf)
<use The_Fundamentals_of_People_Analytics_files/figure-latex/ggpairs-eng-ret-1.pdf>
[286] [287] [288] [289] [290] [291]
File: The_Fundamentals_of_People_Analytics_files/figure-latex/kmeans-elbow-plot-1.pdf Graphic file (type pdf)
<use The_Fundamentals_of_People_Analytics_files/figure-latex/kmeans-elbow-plot-1.pdf>
[292]
Overfull \hbox (64.5pt too wide) in paragraph at lines 9360--9360
[]\TU/lmtt/m/n/10 ##   cluster stock_opt_lvl trainings      age commute_dist   ed_lvl engagement[] 
 []


Overfull \hbox (64.5pt too wide) in paragraph at lines 9360--9360
[]\TU/lmtt/m/n/10 ## 1       1     0.7787162  2.805743 35.31757     8.907095 2.880068   2.685811[] 
 []


Overfull \hbox (64.5pt too wide) in paragraph at lines 9360--9360
[]\TU/lmtt/m/n/10 ## 2       2     0.7860697  2.781095 35.38474     9.646766 2.854063   2.792703[] 
 []


Overfull \hbox (64.5pt too wide) in paragraph at lines 9360--9360
[]\TU/lmtt/m/n/10 ## 3       3     0.8436364  2.825455 43.75636     8.810909 3.112727   2.687273[] 
 []


Overfull \hbox (59.25pt too wide) in paragraph at lines 9360--9360
[]\TU/lmtt/m/n/10 ##    job_lvl hourly_rate daily_comp monthly_comp annual_comp salary_hike_pct[] 
 []


Overfull \hbox (59.25pt too wide) in paragraph at lines 9360--9360
[]\TU/lmtt/m/n/10 ## 1 1.834459    47.09291   376.7432      8162.77    97953.24        15.26520[] 
 []


Overfull \hbox (59.25pt too wide) in paragraph at lines 9360--9360
[]\TU/lmtt/m/n/10 ## 2 1.724710    83.51078   668.0862     14475.20   173702.42        15.24876[] 
 []


Overfull \hbox (59.25pt too wide) in paragraph at lines 9360--9360
[]\TU/lmtt/m/n/10 ## 3 3.301818    67.72364   541.7891     11738.76   140865.16        15.00364[] 
 []


Overfull \hbox (75.0pt too wide) in paragraph at lines 9360--9360
[]\TU/lmtt/m/n/10 ##   perf_rating prior_emplr_cnt  env_sat  job_sat  rel_sat wl_balance  work_exp[] 
 []


Overfull \hbox (75.0pt too wide) in paragraph at lines 9360--9360
[]\TU/lmtt/m/n/10 ## 1    3.148649        2.668919 2.746622 2.859797 2.673986   1.824324  9.315878[] 
 []


Overfull \hbox (75.0pt too wide) in paragraph at lines 9360--9360
[]\TU/lmtt/m/n/10 ## 2    3.159204        2.645108 2.666667 2.665008 2.706468   1.852405  8.684909[] 
 []


Overfull \hbox (75.0pt too wide) in paragraph at lines 9360--9360
[]\TU/lmtt/m/n/10 ## 3    3.152727        2.850909 2.789091 2.585455 2.807273   1.854545 21.196364[] 
 []

[293] [294]
File: The_Fundamentals_of_People_Analytics_files/figure-latex/hclust-dendrogram-1.pdf Graphic file (type pdf)
<use The_Fundamentals_of_People_Analytics_files/figure-latex/hclust-dendrogram-1.pdf>
[295]
File: The_Fundamentals_of_People_Analytics_files/figure-latex/hclust-gap-stat-1.pdf Graphic file (type pdf)
<use The_Fundamentals_of_People_Analytics_files/figure-latex/hclust-gap-stat-1.pdf>
[296]
Underfull \vbox (badness 10000) has occurred while \output is active []

[297] [298]
Chapter 15.
[299

] [300]
File: graphics/light_heavy_borders.png Graphic file (type bmp)
<graphics/light_heavy_borders.png>
File: The_Fundamentals_of_People_Analytics_files/figure-latex/baseline-compare-1.pdf Graphic file (type pdf)
<use The_Fundamentals_of_People_Analytics_files/figure-latex/baseline-compare-1.pdf>
[301]
File: graphics/bad_viz-flipped_y_axis.png Graphic file (type bmp)
<graphics/bad_viz-flipped_y_axis.png>
File: graphics/preattentive_attributes.png Graphic file (type bmp)
<graphics/preattentive_attributes.png>
File: The_Fundamentals_of_People_Analytics_files/figure-latex/pre-attr-2-1.pdf Graphic file (type pdf)
<use The_Fundamentals_of_People_Analytics_files/figure-latex/pre-attr-2-1.pdf>
[302] [303] [304]
File: graphics/viz_step_1.png Graphic file (type bmp)
<graphics/viz_step_1.png>
File: graphics/viz_step_2.png Graphic file (type bmp)
<graphics/viz_step_2.png>
[305]
Underfull \hbox (badness 10000) in paragraph at lines 9713--9714
[]\TU/lmtt/m/n/10 scale_fill_manual(values = c("Human Resources" = "#BFBFBF",
 []


Underfull \hbox (badness 10000) in paragraph at lines 9713--9714
\TU/lmtt/m/n/10 "Life Sciences" = "#0070C0", "Marketing" = "#BFBFBF", "Medical" =
 []

File: graphics/viz_step_3.png Graphic file (type bmp)
<graphics/viz_step_3.png>

Underfull \hbox (badness 1648) in paragraph at lines 9729--9730
[]\TU/lmr/m/n/10 Spacing can also be added between the axis titles and labels to im-
 []


Underfull \hbox (badness 2042) in paragraph at lines 9729--9730
\TU/lmr/m/n/10 prove upon the default formatting and reduce text congestion. The
 []


Underfull \hbox (badness 10000) in paragraph at lines 9729--9730
\TU/lmtt/m/n/10 ggplot2::element_text(margin = margin(t = 0, r = 0, b = 0, l =
 []

[306]
Underfull \hbox (badness 10000) in paragraph at lines 9748--9750
[]\TU/lmtt/m/n/10 axis.title.x = ggplot2::element_text(margin = margin(t = 10,
 []


Underfull \hbox (badness 10000) in paragraph at lines 9750--9751
[]\TU/lmtt/m/n/10 axis.title.y = ggplot2::element_text(margin = margin(t = 0,
 []

File: graphics/viz_step_4.png Graphic file (type bmp)
<graphics/viz_step_4.png>

Overfull \hbox (0.13pt too wide) in paragraph at lines 9765--9766
\TU/lmr/m/n/10 title can be centered via \TU/lmtt/m/n/10 theme(plot.title = ggplot2::element_text(hjust
 []


Overfull \hbox (1.90201pt too wide) in paragraph at lines 9765--9766
\TU/lmtt/m/n/10 = 0.5)\TU/lmr/m/n/10 , left justified via \TU/lmtt/m/n/10 theme(plot.title = ggplot2::element_text(hjust
 []


Overfull \hbox (9.242pt too wide) in paragraph at lines 9765--9766
\TU/lmtt/m/n/10 = 0)\TU/lmr/m/n/10 , or right justified via \TU/lmtt/m/n/10 theme(plot.title = ggplot2::element_text(hjust
 []

[307]
File: graphics/viz_step_5.png Graphic file (type bmp)
<graphics/viz_step_5.png>
File: graphics/viz_step_6.png Graphic file (type bmp)
<graphics/viz_step_6.png>
File: graphics/viz_step_7.png Graphic file (type bmp)
<graphics/viz_step_7.png>
[308] [309]
Overfull \hbox (17.82pt too wide) in paragraph at lines 9813--9814
\TU/lmr/m/n/10 changed to the same color using \TU/lmtt/m/n/10 axis.title.x = ggplot2::element_text(colour
 []


Overfull \hbox (22.45pt too wide) in paragraph at lines 9813--9814
\TU/lmtt/m/n/10 = "#404040") \TU/lmr/m/n/10 for the x-axis and \TU/lmtt/m/n/10 axis.title.y = ggplot2::element_text(colour
 []

File: graphics/viz_step_8.png Graphic file (type bmp)
<graphics/viz_step_8.png>
File: graphics/viz_step_9.png Graphic file (type bmp)
<graphics/viz_step_9.png>

Underfull \vbox (badness 1436) has occurred while \output is active []

[310] [311]
File: graphics/viz_step_10.png Graphic file (type bmp)
<graphics/viz_step_10.png>
File: graphics/viz_pre_post.png Graphic file (type bmp)
<graphics/viz_pre_post.png>
[312] [313]
File: graphics/data_table.png Graphic file (type bmp)
<graphics/data_table.png>
[314]
Underfull \hbox (badness 1558) in paragraph at lines 9959--9960
[]\TU/lmtt/m/n/10 minimum value color[], high = []maximum value color[]) \TU/lmr/m/n/10 function since
 []

File: graphics/heatmap.png Graphic file (type bmp)
<graphics/heatmap.png>
[315]
Overfull \hbox (33.11003pt too wide) in paragraph at lines 9989--9990
[]\TU/lmr/m/n/10 The \TU/lmtt/m/n/10 geom_point() \TU/lmr/m/n/10 function is used to create a scatterplot. The \TU/lmtt/m/n/10 scale_y_continuous()
 []

File: graphics/scatterplot_1.png Graphic file (type bmp)
<graphics/scatterplot_1.png>
File: graphics/scatterplot_2.png Graphic file (type bmp)
<graphics/scatterplot_2.png>
[316] [317]
File: The_Fundamentals_of_People_Analytics_files/figure-latex/cum-hires-trend-1.pdf Graphic file (type pdf)
<use The_Fundamentals_of_People_Analytics_files/figure-latex/cum-hires-trend-1.pdf>
[318]
File: graphics/line_graph_single.png Graphic file (type bmp)
<graphics/line_graph_single.png>
File: graphics/line_graph_double.png Graphic file (type bmp)
<graphics/line_graph_double.png>
File: graphics/line_graph_multi.png Graphic file (type bmp)
<graphics/line_graph_multi.png>
[319] [320]
File: graphics/slopegraph.png Graphic file (type bmp)
<graphics/slopegraph.png>

Underfull \vbox (badness 8056) has occurred while \output is active []

[321]

LaTeX Font Warning: Font shape `TU/lmtt/bx/it' in size <10> not available
(Font)              Font shape `TU/lmtt/b/sl' tried instead on input line 10162.

[322]
File: graphics/vertical_bar_chart.png Graphic file (type bmp)
<graphics/vertical_bar_chart.png>
File: graphics/horizontal_bar_chart_1.png Graphic file (type bmp)
<graphics/horizontal_bar_chart_1.png>
File: graphics/stacked_bar_chart.png Graphic file (type bmp)
<graphics/stacked_bar_chart.png>
[323] [324]
File: graphics/bidirectional_bar_chart.png Graphic file (type bmp)
<graphics/bidirectional_bar_chart.png>
[325]
File: graphics/combo_chart.png Graphic file (type bmp)
<graphics/combo_chart.png>
[326]
File: graphics/waterfall_chart.png Graphic file (type bmp)
<graphics/waterfall_chart.png>
[327] [328]
File: graphics/waffle_chart.png Graphic file (type bmp)
<graphics/waffle_chart.png>
[329]
File: graphics/sankey_1.png Graphic file (type bmp)
<graphics/sankey_1.png>
[330]
File: graphics/sankey_2.png Graphic file (type bmp)
<graphics/sankey_2.png>
File: graphics/sankey_3.png Graphic file (type bmp)
<graphics/sankey_3.png>

Underfull \hbox (badness 2245) in paragraph at lines 10465--10466
[]\TU/lmr/m/n/10 To facilitate this, a grouping variable can be defined to differentiate
 []


Underfull \hbox (badness 4060) in paragraph at lines 10465--10466
\TU/lmr/m/n/10 a single department, such as Product, from remaining departments.
 []


Underfull \hbox (badness 1953) in paragraph at lines 10465--10466
\TU/lmr/m/n/10 The color of each group can then be specified using valid D3 code:
 []

[331] [332]
File: graphics/sankey_4.png Graphic file (type bmp)
<graphics/sankey_4.png>
File: graphics/bad_viz-pie_chart.png Graphic file (type bmp)
<graphics/bad_viz-pie_chart.png>
[333] [334]
File: graphics/pie_chart.png Graphic file (type bmp)
<graphics/pie_chart.png>

Underfull \vbox (badness 10000) has occurred while \output is active []

[335]
File: graphics/3d_pie_chart.png Graphic file (type bmp)
<graphics/3d_pie_chart.png>
File: graphics/3d_bar_chart.png Graphic file (type bmp)
<graphics/3d_bar_chart.png>
File: graphics/horizontal_bar_chart_2.png Graphic file (type bmp)
<graphics/horizontal_bar_chart_2.png>
[336] [337]
File: graphics/good_viz-job_loss.png Graphic file (type bmp)
<graphics/good_viz-job_loss.png>
[338] [339] [340

]
Chapter 16.
[341] [342] [343] [344] [345] [346] [347] [348]
Chapter 17.
[349

] [350] [351] [352]
Chapter 18.
[353

] [354] [355] [356] [357] [358] [359]
Underfull \vbox (badness 10000) detected at line 11336
 []


Underfull \vbox (badness 10000) detected at line 11336
 []

[360]
Underfull \vbox (badness 10000) detected at line 11336
 []


Underfull \vbox (badness 10000) detected at line 11336
 []

[361]
Underfull \vbox (badness 10000) detected at line 11336
 []


Underfull \vbox (badness 10000) detected at line 11336
 []

[362] [363] [364] [365] [366] [367] [368] [369] [370] [371] [372] [373] [374] [375] [376] [377]
No file The_Fundamentals_of_People_Analytics.bbl.
[378] (./The_Fundamentals_of_People_Analytics.aux)

LaTeX Warning: There were undefined references.

Package rerunfilecheck Info: File `The_Fundamentals_of_People_Analytics.out' has not changed.
(rerunfilecheck)             Checksum: B85B987228BD16285FD1E69B4CAA3C3A;15344.
 ) 
Here is how much of TeX's memory you used:
 19723 strings out of 477743
 413411 string characters out of 5842510
 880217 words of memory out of 5000000
 40377 multiletter control sequences out of 15000+600000
 475806 words of font info for 93 fonts, out of 8000000 for 9000
 14 hyphenation exceptions out of 8191
 86i,6n,121p,1719b,479s stack positions out of 10000i,1000n,20000p,200000b,200000s

Output written on The_Fundamentals_of_People_Analytics.pdf (378 pages).
